#
# A fatal error has been detected by the Java Runtime Environment:
#
#  EXCEPTION_ACCESS_VIOLATION (0xc0000005) at pc=0x000000006f75fadf, pid=17236, tid=18712
#
# JRE version: OpenJDK Runtime Environment Corretto-17.0.12.7.1 (17.0.12+7) (build 17.0.12+7-LTS)
# Java VM: OpenJDK 64-Bit Server VM Corretto-17.0.12.7.1 (17.0.12+7-LTS, mixed mode, sharing, tiered, compressed oops, compressed class ptrs, g1 gc, windows-amd64)
# Problematic frame:
# C  [imgui-java64.dll+0x9fadf]
#
# No core dump will be written. Minidumps are not enabled by default on client versions of Windows
#
# If you would like to submit a bug report, please visit:
#   https://github.com/corretto/corretto-17/issues/
# The crash happened outside the Java Virtual Machine in native code.
# See problematic frame for where to report the bug.
#

---------------  S U M M A R Y ------------

Command Line: -Djava.library.path=D:\Jet Engine\JetEngine/libs -Dfile.encoding=UTF-8 -Duser.country=IT -Duser.language=it -Duser.variant gameengine.Main

Host: 12th Gen Intel(R) Core(TM) i7-12700KF, 20 cores, 63G,  Windows 11 , 64 bit Build 22621 (10.0.22621.3958)
Time: Sun Sep 29 00:10:05 2024 ora legale Europa occidentale elapsed time: 0.358391 seconds (0d 0h 0m 0s)

---------------  T H R E A D  ---------------

Current thread (0x0000023898850d30):  JavaThread "main" [_thread_in_native, id=18712, stack(0x000000aa7d500000,0x000000aa7d600000)]

Stack: [0x000000aa7d500000,0x000000aa7d600000],  sp=0x000000aa7d5ff040,  free space=1020k
Native frames: (J=compiled Java code, j=interpreted, Vv=VM code, C=native code)
C  [imgui-java64.dll+0x9fadf]

Java frames: (J=compiled Java code, j=interpreted, Vv=VM code)
j  imgui.ImGui.colorPicker4(Ljava/lang/String;[F)Z+0
j  gameengine.Components.SpriteRenderer.ImGUI()V+47
j  gameengine.Engine.GameObject.ImGUI()V+38
j  gameengine.Engine.GameObject.Start()V+32
j  gameengine.Engine.Scene.Start()V+30
j  gameengine.Engine.Window.ChangeScene(I)V+47
j  gameengine.Engine.Window.Init()V+223
j  gameengine.Engine.Window.Run()V+15
j  gameengine.Main.main([Ljava/lang/String;)V+5
v  ~StubRoutines::call_stub

siginfo: EXCEPTION_ACCESS_VIOLATION (0xc0000005), reading address 0x00000000000000bc


Registers:
RAX=0x0000000000000000, RBX=0x0000023921568a70, RCX=0x0000023921568a70, RDX=0x0000000441fdb6e8
RSP=0x000000aa7d5ff040, RBP=0x000000aa7d5ff370, RSI=0x00000238d9ea83e0, RDI=0x00000238a77c9520
R8 =0x0000000000000000, R9 =0x0000000000000000, R10=0x0000023921568a7e, R11=0x0000023921568a70
R12=0x0000023898850fe8, R13=0x000000aa7d5ff398, R14=0x000000aa7d5ff390, R15=0x0000000000000000
RIP=0x000000006f75fadf, EFLAGS=0x0000000000010246


Register to memory mapping:

RIP=0x000000006f75fadf imgui-java64.dll
RAX=0x0 is NULL
RBX=0x0000023921568a70 points into unknown readable memory: 0x695020726f6c6f43 | 43 6f 6c 6f 72 20 50 69
RCX=0x0000023921568a70 points into unknown readable memory: 0x695020726f6c6f43 | 43 6f 6c 6f 72 20 50 69
RDX=0x0000000441fdb6e8 is pointing into object: [F 
{0x0000000441fdb6d8} - klass: {type array float}
 - length: 4
RSP=0x000000aa7d5ff040 is pointing into the stack for thread: 0x0000023898850d30
RBP=0x000000aa7d5ff370 is pointing into the stack for thread: 0x0000023898850d30
RSI=0x00000238d9ea83e0 points into unknown readable memory: 0x0000023896850101 | 01 01 85 96 38 02 00 00
RDI=0x00000238a77c9520 is at code_begin+1152 in an Interpreter codelet
return entry points  [0x00000238a77c90a0, 0x00000238a77c9c00]  2912 bytes
R8 =0x0 is NULL
R9 =0x0 is NULL
R10=0x0000023921568a7e points into unknown readable memory: 00 00
R11=0x0000023921568a70 points into unknown readable memory: 0x695020726f6c6f43 | 43 6f 6c 6f 72 20 50 69
R12=0x0000023898850fe8 points into unknown readable memory: 0x00000238d9a0e090 | 90 e0 a0 d9 38 02 00 00
R13=0x000000aa7d5ff398 is pointing into the stack for thread: 0x0000023898850d30
R14=0x000000aa7d5ff390 is pointing into the stack for thread: 0x0000023898850d30
R15=0x0 is NULL


Top of Stack: (sp=0x000000aa7d5ff040)
0x000000aa7d5ff040:   0000023896480000 00007ffdc78ccc9a
0x000000aa7d5ff050:   0000023896380000 000002390000000a
0x000000aa7d5ff060:   000000000000000f 0000000000000000
0x000000aa7d5ff070:   0000000000000000 0000000000000000
0x000000aa7d5ff080:   0000000000000002 0000000000000000
0x000000aa7d5ff090:   0000000000000000 0000000000000000
0x000000aa7d5ff0a0:   0000000000000000 0000000000000000
0x000000aa7d5ff0b0:   000000aa7d5ff060 00000238a77ea580
0x000000aa7d5ff0c0:   0000000000000000 00000238a77ea5af
0x000000aa7d5ff0d0:   00000238a77ea980 0000000000000000
0x000000aa7d5ff0e0:   0000000000000000 0000000000000000
0x000000aa7d5ff0f0:   00000238a77ea580 0000000000010000
0x000000aa7d5ff100:   000000aa7d5ff060 0000000000000000
0x000000aa7d5ff110:   000000000000000e 0000000000000000
0x000000aa7d5ff120:   000000aa7d5ff398 0000023898850fe8
0x000000aa7d5ff130:   000000aa7d5ff200 0000000000000008
0x000000aa7d5ff140:   0000000441fdb710 00007ffdc4fe1966
0x000000aa7d5ff150:   0000000000000000 000000000000000f
0x000000aa7d5ff160:   0000000000000000 00000238a77e0000
0x000000aa7d5ff170:   000000aa7d5ff200 00007ffd55781fac
0x000000aa7d5ff180:   000000000000000f 0000000000000000
0x000000aa7d5ff190:   000000000000000e 0000000000000000
0x000000aa7d5ff1a0:   0000000000000000 0000000000000000
0x000000aa7d5ff1b0:   0000000000000000 0000000000000000
0x000000aa7d5ff1c0:   0000000000000000 0000000000000000
0x000000aa7d5ff1d0:   0000000000000000 0000000000000000
0x000000aa7d5ff1e0:   0000000000000000 0000000000000000
0x000000aa7d5ff1f0:   0000000000000000 0000000000000000
0x000000aa7d5ff200:   0000000000000000 0000000000000000
0x000000aa7d5ff210:   0000000000000000 0000000000000000
0x000000aa7d5ff220:   0000000000000000 0000000000000000
0x000000aa7d5ff230:   0000000000000000 0000000000000000 

Instructions: (pc=0x000000006f75fadf)
0x000000006f75f9df:   f3 0f 10 85 c8 2e 00 00 f3 0f 11 84 24 a0 00 00
0x000000006f75f9ef:   00 eb b4 66 0f 1f 44 00 00 31 d2 48 8d 0d 69 cc
0x000000006f75f9ff:   0c 00 e8 2a b0 f9 ff 48 89 c2 48 85 c0 0f 85 f2
0x000000006f75fa0f:   fd ff ff e8 d9 b3 f9 ff e9 8e f8 ff ff 48 8d 46
0x000000006f75fa1f:   08 49 89 f1 48 89 44 24 28 48 8d 46 04 48 89 44
0x000000006f75fa2f:   24 20 f3 0f 10 56 08 f3 0f 10 4e 04 f3 0f 10 06
0x000000006f75fa3f:   e8 3c 53 f8 ff e9 19 fe ff ff 0f 1f 80 00 00 00
0x000000006f75fa4f:   00 41 83 c8 02 e9 47 ef ff ff 0f 1f 80 00 00 00
0x000000006f75fa5f:   00 41 57 41 56 41 55 41 54 55 57 56 53 48 81 ec
0x000000006f75fa6f:   08 02 00 00 0f 29 b4 24 60 01 00 00 0f 29 bc 24
0x000000006f75fa7f:   70 01 00 00 44 0f 29 84 24 80 01 00 00 44 0f 29
0x000000006f75fa8f:   8c 24 90 01 00 00 44 0f 29 94 24 a0 01 00 00 44
0x000000006f75fa9f:   0f 29 9c 24 b0 01 00 00 44 0f 29 a4 24 c0 01 00
0x000000006f75faaf:   00 44 0f 29 ac 24 d0 01 00 00 44 0f 29 b4 24 e0
0x000000006f75fabf:   01 00 00 44 0f 29 bc 24 f0 01 00 00 48 8b 05 8e
0x000000006f75facf:   c1 0f 00 45 31 ff 48 8b 30 48 8b 86 80 1b 00 00
0x000000006f75fadf:   80 b8 bc 00 00 00 00 49 89 ce 49 89 d5 44 89 c3
0x000000006f75faef:   4c 89 8c 24 68 02 00 00 48 89 44 24 58 c6 80 b9
0x000000006f75faff:   00 00 00 01 74 73 0f 28 b4 24 60 01 00 00 44 89
0x000000006f75fb0f:   f8 0f 28 bc 24 70 01 00 00 44 0f 28 84 24 80 01
0x000000006f75fb1f:   00 00 44 0f 28 8c 24 90 01 00 00 44 0f 28 94 24
0x000000006f75fb2f:   a0 01 00 00 44 0f 28 9c 24 b0 01 00 00 44 0f 28
0x000000006f75fb3f:   a4 24 c0 01 00 00 44 0f 28 ac 24 d0 01 00 00 44
0x000000006f75fb4f:   0f 28 b4 24 e0 01 00 00 44 0f 28 bc 24 f0 01 00
0x000000006f75fb5f:   00 48 81 c4 08 02 00 00 5b 5e 5f 5d 41 5c 41 5d
0x000000006f75fb6f:   41 5e 41 5f c3 0f 1f 40 00 4c 8b a0 00 03 00 00
0x000000006f75fb7f:   e8 bc 42 f9 ff 4c 89 f1 c7 86 b0 1c 00 00 00 00
0x000000006f75fb8f:   00 00 0f 28 f0 e8 17 1d f9 ff e8 a2 46 f9 ff 89
0x000000006f75fb9f:   d8 83 c8 10 f6 c7 01 0f 44 d8 89 df 83 e7 08 0f
0x000000006f75fbaf:   84 0c 16 00 00 89 d8 25 00 00 00 06 0f 85 77 0d
0x000000006f75fbbf:   00 00 8b 86 c4 2e 00 00 b9 00 00 00 02 89 c2 81
0x000000006f75fbcf:   e2 00 00 00 06 0f 44 d1 09 d3 89 dd 81 e5 00 00 


Stack slot to memory mapping:
stack at sp + 0 slots: 0x0000023896480000 points into unknown readable memory: 0x0000000000000000 | 00 00 00 00 00 00 00 00
stack at sp + 1 slots: 0x00007ffdc78ccc9a ntdll.dll
stack at sp + 2 slots: 0x0000023896380000 points into unknown readable memory: 0x0000000000000000 | 00 00 00 00 00 00 00 00
stack at sp + 3 slots: 0x000002390000000a is an unknown value
stack at sp + 4 slots: 0x000000000000000f is an unknown value
stack at sp + 5 slots: 0x0 is NULL
stack at sp + 6 slots: 0x0 is NULL
stack at sp + 7 slots: 0x0 is NULL


---------------  P R O C E S S  ---------------

Threads class SMR info:
_java_thread_list=0x00000239212d8ce0, length=15, elements={
0x0000023898850d30, 0x00000238d90f1280, 0x00000238d90f2100, 0x00000238d9107ff0,
0x00000238d9109d20, 0x00000238d910c6f0, 0x00000238d910d0b0, 0x00000238d910de50,
0x00000238d9110650, 0x00000238d9111050, 0x00000238d925e210, 0x00000238d9264750,
0x00000238d926e320, 0x00000238d9280ef0, 0x0000023921301ac0
}

Java Threads: ( => current thread )
=>0x0000023898850d30 JavaThread "main" [_thread_in_native, id=18712, stack(0x000000aa7d500000,0x000000aa7d600000)]
  0x00000238d90f1280 JavaThread "Reference Handler" daemon [_thread_blocked, id=27084, stack(0x000000aa7dc00000,0x000000aa7dd00000)]
  0x00000238d90f2100 JavaThread "Finalizer" daemon [_thread_blocked, id=2212, stack(0x000000aa7dd00000,0x000000aa7de00000)]
  0x00000238d9107ff0 JavaThread "Signal Dispatcher" daemon [_thread_blocked, id=21352, stack(0x000000aa7de00000,0x000000aa7df00000)]
  0x00000238d9109d20 JavaThread "Attach Listener" daemon [_thread_blocked, id=22040, stack(0x000000aa7df00000,0x000000aa7e000000)]
  0x00000238d910c6f0 JavaThread "Service Thread" daemon [_thread_blocked, id=1132, stack(0x000000aa7e000000,0x000000aa7e100000)]
  0x00000238d910d0b0 JavaThread "Monitor Deflation Thread" daemon [_thread_blocked, id=4728, stack(0x000000aa7e100000,0x000000aa7e200000)]
  0x00000238d910de50 JavaThread "C2 CompilerThread0" daemon [_thread_blocked, id=11476, stack(0x000000aa7e200000,0x000000aa7e300000)]
  0x00000238d9110650 JavaThread "C1 CompilerThread0" daemon [_thread_blocked, id=12676, stack(0x000000aa7e300000,0x000000aa7e400000)]
  0x00000238d9111050 JavaThread "Sweeper thread" daemon [_thread_blocked, id=19108, stack(0x000000aa7e400000,0x000000aa7e500000)]
  0x00000238d925e210 JavaThread "C1 CompilerThread1" daemon [_thread_blocked, id=4600, stack(0x000000aa7e500000,0x000000aa7e600000)]
  0x00000238d9264750 JavaThread "C1 CompilerThread2" daemon [_thread_blocked, id=15340, stack(0x000000aa7e600000,0x000000aa7e700000)]
  0x00000238d926e320 JavaThread "Notification Thread" daemon [_thread_blocked, id=5040, stack(0x000000aa7e700000,0x000000aa7e800000)]
  0x00000238d9280ef0 JavaThread "Common-Cleaner" daemon [_thread_blocked, id=10624, stack(0x000000aa7e900000,0x000000aa7ea00000)]
  0x0000023921301ac0 JavaThread "C1 CompilerThread3" daemon [_thread_blocked, id=17584, stack(0x000000aa7f200000,0x000000aa7f300000)]

Other Threads:
  0x00000238d90ed670 VMThread "VM Thread" [stack: 0x000000aa7db00000,0x000000aa7dc00000] [id=20240]
  0x00000238d926e800 WatcherThread [stack: 0x000000aa7e800000,0x000000aa7e900000] [id=22988]
  0x00000238988fbf70 GCTaskThread "GC Thread#0" [stack: 0x000000aa7d600000,0x000000aa7d700000] [id=14968]
  0x00000238d5e14ee0 ConcurrentGCThread "G1 Main Marker" [stack: 0x000000aa7d700000,0x000000aa7d800000] [id=18692]
  0x00000238d5e15eb0 ConcurrentGCThread "G1 Conc#0" [stack: 0x000000aa7d800000,0x000000aa7d900000] [id=14936]
  0x00000238d5fb5010 ConcurrentGCThread "G1 Refine#0" [stack: 0x000000aa7d900000,0x000000aa7da00000] [id=7864]
  0x00000238d5fb5a40 ConcurrentGCThread "G1 Service" [stack: 0x000000aa7da00000,0x000000aa7db00000] [id=13764]

Threads with active compile tasks:

VM state: not at safepoint (normal execution)

VM Mutex/Monitor currently owned by a thread: None

Heap address: 0x0000000402800000, size: 16344 MB, Compressed Oops mode: Zero based, Oop shift amount: 3

CDS archive(s) mapped at: [0x00000238da000000-0x00000238dabb0000-0x00000238dabb0000), size 12255232, SharedBaseAddress: 0x00000238da000000, ArchiveRelocationMode: 1.
Compressed class space mapped at: 0x00000238db000000-0x000002391b000000, reserved size: 1073741824
Narrow klass base: 0x00000238da000000, Narrow klass shift: 0, Narrow klass range: 0x100000000

GC Precious Log:
 CPUs: 20 total, 20 available
 Memory: 65349M
 Large Page Support: Disabled
 NUMA Support: Disabled
 Compressed Oops: Enabled (Zero based)
 Heap Region Size: 8M
 Heap Min Capacity: 8M
 Heap Initial Capacity: 1G
 Heap Max Capacity: 16344M
 Pre-touch: Disabled
 Parallel Workers: 15
 Concurrent Workers: 4
 Concurrent Refinement Workers: 15
 Periodic GC: Disabled

Heap:
 garbage-first heap   total 1048576K, used 8192K [0x0000000402800000, 0x0000000800000000)
  region size 8192K, 2 young (16384K), 0 survivors (0K)
 Metaspace       used 5156K, committed 5376K, reserved 1114112K
  class space    used 291K, committed 384K, reserved 1048576K

Heap Regions: E=young(eden), S=young(survivor), O=old, HS=humongous(starts), HC=humongous(continues), CS=collection set, F=free, OA=open archive, CA=closed archive, TAMS=top-at-mark-start (previous, next)
|   0|0x0000000402800000, 0x0000000402800000, 0x0000000403000000|  0%| F|  |TAMS 0x0000000402800000, 0x0000000402800000| Untracked 
|   1|0x0000000403000000, 0x0000000403000000, 0x0000000403800000|  0%| F|  |TAMS 0x0000000403000000, 0x0000000403000000| Untracked 
|   2|0x0000000403800000, 0x0000000403800000, 0x0000000404000000|  0%| F|  |TAMS 0x0000000403800000, 0x0000000403800000| Untracked 
|   3|0x0000000404000000, 0x0000000404000000, 0x0000000404800000|  0%| F|  |TAMS 0x0000000404000000, 0x0000000404000000| Untracked 
|   4|0x0000000404800000, 0x0000000404800000, 0x0000000405000000|  0%| F|  |TAMS 0x0000000404800000, 0x0000000404800000| Untracked 
|   5|0x0000000405000000, 0x0000000405000000, 0x0000000405800000|  0%| F|  |TAMS 0x0000000405000000, 0x0000000405000000| Untracked 
|   6|0x0000000405800000, 0x0000000405800000, 0x0000000406000000|  0%| F|  |TAMS 0x0000000405800000, 0x0000000405800000| Untracked 
|   7|0x0000000406000000, 0x0000000406000000, 0x0000000406800000|  0%| F|  |TAMS 0x0000000406000000, 0x0000000406000000| Untracked 
|   8|0x0000000406800000, 0x0000000406800000, 0x0000000407000000|  0%| F|  |TAMS 0x0000000406800000, 0x0000000406800000| Untracked 
|   9|0x0000000407000000, 0x0000000407000000, 0x0000000407800000|  0%| F|  |TAMS 0x0000000407000000, 0x0000000407000000| Untracked 
|  10|0x0000000407800000, 0x0000000407800000, 0x0000000408000000|  0%| F|  |TAMS 0x0000000407800000, 0x0000000407800000| Untracked 
|  11|0x0000000408000000, 0x0000000408000000, 0x0000000408800000|  0%| F|  |TAMS 0x0000000408000000, 0x0000000408000000| Untracked 
|  12|0x0000000408800000, 0x0000000408800000, 0x0000000409000000|  0%| F|  |TAMS 0x0000000408800000, 0x0000000408800000| Untracked 
|  13|0x0000000409000000, 0x0000000409000000, 0x0000000409800000|  0%| F|  |TAMS 0x0000000409000000, 0x0000000409000000| Untracked 
|  14|0x0000000409800000, 0x0000000409800000, 0x000000040a000000|  0%| F|  |TAMS 0x0000000409800000, 0x0000000409800000| Untracked 
|  15|0x000000040a000000, 0x000000040a000000, 0x000000040a800000|  0%| F|  |TAMS 0x000000040a000000, 0x000000040a000000| Untracked 
|  16|0x000000040a800000, 0x000000040a800000, 0x000000040b000000|  0%| F|  |TAMS 0x000000040a800000, 0x000000040a800000| Untracked 
|  17|0x000000040b000000, 0x000000040b000000, 0x000000040b800000|  0%| F|  |TAMS 0x000000040b000000, 0x000000040b000000| Untracked 
|  18|0x000000040b800000, 0x000000040b800000, 0x000000040c000000|  0%| F|  |TAMS 0x000000040b800000, 0x000000040b800000| Untracked 
|  19|0x000000040c000000, 0x000000040c000000, 0x000000040c800000|  0%| F|  |TAMS 0x000000040c000000, 0x000000040c000000| Untracked 
|  20|0x000000040c800000, 0x000000040c800000, 0x000000040d000000|  0%| F|  |TAMS 0x000000040c800000, 0x000000040c800000| Untracked 
|  21|0x000000040d000000, 0x000000040d000000, 0x000000040d800000|  0%| F|  |TAMS 0x000000040d000000, 0x000000040d000000| Untracked 
|  22|0x000000040d800000, 0x000000040d800000, 0x000000040e000000|  0%| F|  |TAMS 0x000000040d800000, 0x000000040d800000| Untracked 
|  23|0x000000040e000000, 0x000000040e000000, 0x000000040e800000|  0%| F|  |TAMS 0x000000040e000000, 0x000000040e000000| Untracked 
|  24|0x000000040e800000, 0x000000040e800000, 0x000000040f000000|  0%| F|  |TAMS 0x000000040e800000, 0x000000040e800000| Untracked 
|  25|0x000000040f000000, 0x000000040f000000, 0x000000040f800000|  0%| F|  |TAMS 0x000000040f000000, 0x000000040f000000| Untracked 
|  26|0x000000040f800000, 0x000000040f800000, 0x0000000410000000|  0%| F|  |TAMS 0x000000040f800000, 0x000000040f800000| Untracked 
|  27|0x0000000410000000, 0x0000000410000000, 0x0000000410800000|  0%| F|  |TAMS 0x0000000410000000, 0x0000000410000000| Untracked 
|  28|0x0000000410800000, 0x0000000410800000, 0x0000000411000000|  0%| F|  |TAMS 0x0000000410800000, 0x0000000410800000| Untracked 
|  29|0x0000000411000000, 0x0000000411000000, 0x0000000411800000|  0%| F|  |TAMS 0x0000000411000000, 0x0000000411000000| Untracked 
|  30|0x0000000411800000, 0x0000000411800000, 0x0000000412000000|  0%| F|  |TAMS 0x0000000411800000, 0x0000000411800000| Untracked 
|  31|0x0000000412000000, 0x0000000412000000, 0x0000000412800000|  0%| F|  |TAMS 0x0000000412000000, 0x0000000412000000| Untracked 
|  32|0x0000000412800000, 0x0000000412800000, 0x0000000413000000|  0%| F|  |TAMS 0x0000000412800000, 0x0000000412800000| Untracked 
|  33|0x0000000413000000, 0x0000000413000000, 0x0000000413800000|  0%| F|  |TAMS 0x0000000413000000, 0x0000000413000000| Untracked 
|  34|0x0000000413800000, 0x0000000413800000, 0x0000000414000000|  0%| F|  |TAMS 0x0000000413800000, 0x0000000413800000| Untracked 
|  35|0x0000000414000000, 0x0000000414000000, 0x0000000414800000|  0%| F|  |TAMS 0x0000000414000000, 0x0000000414000000| Untracked 
|  36|0x0000000414800000, 0x0000000414800000, 0x0000000415000000|  0%| F|  |TAMS 0x0000000414800000, 0x0000000414800000| Untracked 
|  37|0x0000000415000000, 0x0000000415000000, 0x0000000415800000|  0%| F|  |TAMS 0x0000000415000000, 0x0000000415000000| Untracked 
|  38|0x0000000415800000, 0x0000000415800000, 0x0000000416000000|  0%| F|  |TAMS 0x0000000415800000, 0x0000000415800000| Untracked 
|  39|0x0000000416000000, 0x0000000416000000, 0x0000000416800000|  0%| F|  |TAMS 0x0000000416000000, 0x0000000416000000| Untracked 
|  40|0x0000000416800000, 0x0000000416800000, 0x0000000417000000|  0%| F|  |TAMS 0x0000000416800000, 0x0000000416800000| Untracked 
|  41|0x0000000417000000, 0x0000000417000000, 0x0000000417800000|  0%| F|  |TAMS 0x0000000417000000, 0x0000000417000000| Untracked 
|  42|0x0000000417800000, 0x0000000417800000, 0x0000000418000000|  0%| F|  |TAMS 0x0000000417800000, 0x0000000417800000| Untracked 
|  43|0x0000000418000000, 0x0000000418000000, 0x0000000418800000|  0%| F|  |TAMS 0x0000000418000000, 0x0000000418000000| Untracked 
|  44|0x0000000418800000, 0x0000000418800000, 0x0000000419000000|  0%| F|  |TAMS 0x0000000418800000, 0x0000000418800000| Untracked 
|  45|0x0000000419000000, 0x0000000419000000, 0x0000000419800000|  0%| F|  |TAMS 0x0000000419000000, 0x0000000419000000| Untracked 
|  46|0x0000000419800000, 0x0000000419800000, 0x000000041a000000|  0%| F|  |TAMS 0x0000000419800000, 0x0000000419800000| Untracked 
|  47|0x000000041a000000, 0x000000041a000000, 0x000000041a800000|  0%| F|  |TAMS 0x000000041a000000, 0x000000041a000000| Untracked 
|  48|0x000000041a800000, 0x000000041a800000, 0x000000041b000000|  0%| F|  |TAMS 0x000000041a800000, 0x000000041a800000| Untracked 
|  49|0x000000041b000000, 0x000000041b000000, 0x000000041b800000|  0%| F|  |TAMS 0x000000041b000000, 0x000000041b000000| Untracked 
|  50|0x000000041b800000, 0x000000041b800000, 0x000000041c000000|  0%| F|  |TAMS 0x000000041b800000, 0x000000041b800000| Untracked 
|  51|0x000000041c000000, 0x000000041c000000, 0x000000041c800000|  0%| F|  |TAMS 0x000000041c000000, 0x000000041c000000| Untracked 
|  52|0x000000041c800000, 0x000000041c800000, 0x000000041d000000|  0%| F|  |TAMS 0x000000041c800000, 0x000000041c800000| Untracked 
|  53|0x000000041d000000, 0x000000041d000000, 0x000000041d800000|  0%| F|  |TAMS 0x000000041d000000, 0x000000041d000000| Untracked 
|  54|0x000000041d800000, 0x000000041d800000, 0x000000041e000000|  0%| F|  |TAMS 0x000000041d800000, 0x000000041d800000| Untracked 
|  55|0x000000041e000000, 0x000000041e000000, 0x000000041e800000|  0%| F|  |TAMS 0x000000041e000000, 0x000000041e000000| Untracked 
|  56|0x000000041e800000, 0x000000041e800000, 0x000000041f000000|  0%| F|  |TAMS 0x000000041e800000, 0x000000041e800000| Untracked 
|  57|0x000000041f000000, 0x000000041f000000, 0x000000041f800000|  0%| F|  |TAMS 0x000000041f000000, 0x000000041f000000| Untracked 
|  58|0x000000041f800000, 0x000000041f800000, 0x0000000420000000|  0%| F|  |TAMS 0x000000041f800000, 0x000000041f800000| Untracked 
|  59|0x0000000420000000, 0x0000000420000000, 0x0000000420800000|  0%| F|  |TAMS 0x0000000420000000, 0x0000000420000000| Untracked 
|  60|0x0000000420800000, 0x0000000420800000, 0x0000000421000000|  0%| F|  |TAMS 0x0000000420800000, 0x0000000420800000| Untracked 
|  61|0x0000000421000000, 0x0000000421000000, 0x0000000421800000|  0%| F|  |TAMS 0x0000000421000000, 0x0000000421000000| Untracked 
|  62|0x0000000421800000, 0x0000000421800000, 0x0000000422000000|  0%| F|  |TAMS 0x0000000421800000, 0x0000000421800000| Untracked 
|  63|0x0000000422000000, 0x0000000422000000, 0x0000000422800000|  0%| F|  |TAMS 0x0000000422000000, 0x0000000422000000| Untracked 
|  64|0x0000000422800000, 0x0000000422800000, 0x0000000423000000|  0%| F|  |TAMS 0x0000000422800000, 0x0000000422800000| Untracked 
|  65|0x0000000423000000, 0x0000000423000000, 0x0000000423800000|  0%| F|  |TAMS 0x0000000423000000, 0x0000000423000000| Untracked 
|  66|0x0000000423800000, 0x0000000423800000, 0x0000000424000000|  0%| F|  |TAMS 0x0000000423800000, 0x0000000423800000| Untracked 
|  67|0x0000000424000000, 0x0000000424000000, 0x0000000424800000|  0%| F|  |TAMS 0x0000000424000000, 0x0000000424000000| Untracked 
|  68|0x0000000424800000, 0x0000000424800000, 0x0000000425000000|  0%| F|  |TAMS 0x0000000424800000, 0x0000000424800000| Untracked 
|  69|0x0000000425000000, 0x0000000425000000, 0x0000000425800000|  0%| F|  |TAMS 0x0000000425000000, 0x0000000425000000| Untracked 
|  70|0x0000000425800000, 0x0000000425800000, 0x0000000426000000|  0%| F|  |TAMS 0x0000000425800000, 0x0000000425800000| Untracked 
|  71|0x0000000426000000, 0x0000000426000000, 0x0000000426800000|  0%| F|  |TAMS 0x0000000426000000, 0x0000000426000000| Untracked 
|  72|0x0000000426800000, 0x0000000426800000, 0x0000000427000000|  0%| F|  |TAMS 0x0000000426800000, 0x0000000426800000| Untracked 
|  73|0x0000000427000000, 0x0000000427000000, 0x0000000427800000|  0%| F|  |TAMS 0x0000000427000000, 0x0000000427000000| Untracked 
|  74|0x0000000427800000, 0x0000000427800000, 0x0000000428000000|  0%| F|  |TAMS 0x0000000427800000, 0x0000000427800000| Untracked 
|  75|0x0000000428000000, 0x0000000428000000, 0x0000000428800000|  0%| F|  |TAMS 0x0000000428000000, 0x0000000428000000| Untracked 
|  76|0x0000000428800000, 0x0000000428800000, 0x0000000429000000|  0%| F|  |TAMS 0x0000000428800000, 0x0000000428800000| Untracked 
|  77|0x0000000429000000, 0x0000000429000000, 0x0000000429800000|  0%| F|  |TAMS 0x0000000429000000, 0x0000000429000000| Untracked 
|  78|0x0000000429800000, 0x0000000429800000, 0x000000042a000000|  0%| F|  |TAMS 0x0000000429800000, 0x0000000429800000| Untracked 
|  79|0x000000042a000000, 0x000000042a000000, 0x000000042a800000|  0%| F|  |TAMS 0x000000042a000000, 0x000000042a000000| Untracked 
|  80|0x000000042a800000, 0x000000042a800000, 0x000000042b000000|  0%| F|  |TAMS 0x000000042a800000, 0x000000042a800000| Untracked 
|  81|0x000000042b000000, 0x000000042b000000, 0x000000042b800000|  0%| F|  |TAMS 0x000000042b000000, 0x000000042b000000| Untracked 
|  82|0x000000042b800000, 0x000000042b800000, 0x000000042c000000|  0%| F|  |TAMS 0x000000042b800000, 0x000000042b800000| Untracked 
|  83|0x000000042c000000, 0x000000042c000000, 0x000000042c800000|  0%| F|  |TAMS 0x000000042c000000, 0x000000042c000000| Untracked 
|  84|0x000000042c800000, 0x000000042c800000, 0x000000042d000000|  0%| F|  |TAMS 0x000000042c800000, 0x000000042c800000| Untracked 
|  85|0x000000042d000000, 0x000000042d000000, 0x000000042d800000|  0%| F|  |TAMS 0x000000042d000000, 0x000000042d000000| Untracked 
|  86|0x000000042d800000, 0x000000042d800000, 0x000000042e000000|  0%| F|  |TAMS 0x000000042d800000, 0x000000042d800000| Untracked 
|  87|0x000000042e000000, 0x000000042e000000, 0x000000042e800000|  0%| F|  |TAMS 0x000000042e000000, 0x000000042e000000| Untracked 
|  88|0x000000042e800000, 0x000000042e800000, 0x000000042f000000|  0%| F|  |TAMS 0x000000042e800000, 0x000000042e800000| Untracked 
|  89|0x000000042f000000, 0x000000042f000000, 0x000000042f800000|  0%| F|  |TAMS 0x000000042f000000, 0x000000042f000000| Untracked 
|  90|0x000000042f800000, 0x000000042f800000, 0x0000000430000000|  0%| F|  |TAMS 0x000000042f800000, 0x000000042f800000| Untracked 
|  91|0x0000000430000000, 0x0000000430000000, 0x0000000430800000|  0%| F|  |TAMS 0x0000000430000000, 0x0000000430000000| Untracked 
|  92|0x0000000430800000, 0x0000000430800000, 0x0000000431000000|  0%| F|  |TAMS 0x0000000430800000, 0x0000000430800000| Untracked 
|  93|0x0000000431000000, 0x0000000431000000, 0x0000000431800000|  0%| F|  |TAMS 0x0000000431000000, 0x0000000431000000| Untracked 
|  94|0x0000000431800000, 0x0000000431800000, 0x0000000432000000|  0%| F|  |TAMS 0x0000000431800000, 0x0000000431800000| Untracked 
|  95|0x0000000432000000, 0x0000000432000000, 0x0000000432800000|  0%| F|  |TAMS 0x0000000432000000, 0x0000000432000000| Untracked 
|  96|0x0000000432800000, 0x0000000432800000, 0x0000000433000000|  0%| F|  |TAMS 0x0000000432800000, 0x0000000432800000| Untracked 
|  97|0x0000000433000000, 0x0000000433000000, 0x0000000433800000|  0%| F|  |TAMS 0x0000000433000000, 0x0000000433000000| Untracked 
|  98|0x0000000433800000, 0x0000000433800000, 0x0000000434000000|  0%| F|  |TAMS 0x0000000433800000, 0x0000000433800000| Untracked 
|  99|0x0000000434000000, 0x0000000434000000, 0x0000000434800000|  0%| F|  |TAMS 0x0000000434000000, 0x0000000434000000| Untracked 
| 100|0x0000000434800000, 0x0000000434800000, 0x0000000435000000|  0%| F|  |TAMS 0x0000000434800000, 0x0000000434800000| Untracked 
| 101|0x0000000435000000, 0x0000000435000000, 0x0000000435800000|  0%| F|  |TAMS 0x0000000435000000, 0x0000000435000000| Untracked 
| 102|0x0000000435800000, 0x0000000435800000, 0x0000000436000000|  0%| F|  |TAMS 0x0000000435800000, 0x0000000435800000| Untracked 
| 103|0x0000000436000000, 0x0000000436000000, 0x0000000436800000|  0%| F|  |TAMS 0x0000000436000000, 0x0000000436000000| Untracked 
| 104|0x0000000436800000, 0x0000000436800000, 0x0000000437000000|  0%| F|  |TAMS 0x0000000436800000, 0x0000000436800000| Untracked 
| 105|0x0000000437000000, 0x0000000437000000, 0x0000000437800000|  0%| F|  |TAMS 0x0000000437000000, 0x0000000437000000| Untracked 
| 106|0x0000000437800000, 0x0000000437800000, 0x0000000438000000|  0%| F|  |TAMS 0x0000000437800000, 0x0000000437800000| Untracked 
| 107|0x0000000438000000, 0x0000000438000000, 0x0000000438800000|  0%| F|  |TAMS 0x0000000438000000, 0x0000000438000000| Untracked 
| 108|0x0000000438800000, 0x0000000438800000, 0x0000000439000000|  0%| F|  |TAMS 0x0000000438800000, 0x0000000438800000| Untracked 
| 109|0x0000000439000000, 0x0000000439000000, 0x0000000439800000|  0%| F|  |TAMS 0x0000000439000000, 0x0000000439000000| Untracked 
| 110|0x0000000439800000, 0x0000000439800000, 0x000000043a000000|  0%| F|  |TAMS 0x0000000439800000, 0x0000000439800000| Untracked 
| 111|0x000000043a000000, 0x000000043a000000, 0x000000043a800000|  0%| F|  |TAMS 0x000000043a000000, 0x000000043a000000| Untracked 
| 112|0x000000043a800000, 0x000000043a800000, 0x000000043b000000|  0%| F|  |TAMS 0x000000043a800000, 0x000000043a800000| Untracked 
| 113|0x000000043b000000, 0x000000043b000000, 0x000000043b800000|  0%| F|  |TAMS 0x000000043b000000, 0x000000043b000000| Untracked 
| 114|0x000000043b800000, 0x000000043b800000, 0x000000043c000000|  0%| F|  |TAMS 0x000000043b800000, 0x000000043b800000| Untracked 
| 115|0x000000043c000000, 0x000000043c000000, 0x000000043c800000|  0%| F|  |TAMS 0x000000043c000000, 0x000000043c000000| Untracked 
| 116|0x000000043c800000, 0x000000043c800000, 0x000000043d000000|  0%| F|  |TAMS 0x000000043c800000, 0x000000043c800000| Untracked 
| 117|0x000000043d000000, 0x000000043d000000, 0x000000043d800000|  0%| F|  |TAMS 0x000000043d000000, 0x000000043d000000| Untracked 
| 118|0x000000043d800000, 0x000000043d800000, 0x000000043e000000|  0%| F|  |TAMS 0x000000043d800000, 0x000000043d800000| Untracked 
| 119|0x000000043e000000, 0x000000043e000000, 0x000000043e800000|  0%| F|  |TAMS 0x000000043e000000, 0x000000043e000000| Untracked 
| 120|0x000000043e800000, 0x000000043e800000, 0x000000043f000000|  0%| F|  |TAMS 0x000000043e800000, 0x000000043e800000| Untracked 
| 121|0x000000043f000000, 0x000000043f000000, 0x000000043f800000|  0%| F|  |TAMS 0x000000043f000000, 0x000000043f000000| Untracked 
| 122|0x000000043f800000, 0x000000043f800000, 0x0000000440000000|  0%| F|  |TAMS 0x000000043f800000, 0x000000043f800000| Untracked 
| 123|0x0000000440000000, 0x0000000440000000, 0x0000000440800000|  0%| F|  |TAMS 0x0000000440000000, 0x0000000440000000| Untracked 
| 124|0x0000000440800000, 0x0000000440800000, 0x0000000441000000|  0%| F|  |TAMS 0x0000000440800000, 0x0000000440800000| Untracked 
| 125|0x0000000441000000, 0x0000000441000000, 0x0000000441800000|  0%| F|  |TAMS 0x0000000441000000, 0x0000000441000000| Untracked 
| 126|0x0000000441800000, 0x0000000442000000, 0x0000000442000000|100%| E|  |TAMS 0x0000000441800000, 0x0000000441800000| Complete 
| 127|0x0000000442000000, 0x0000000442800000, 0x0000000442800000|100%| E|CS|TAMS 0x0000000442000000, 0x0000000442000000| Complete 

Card table byte_map: [0x00000238b1e10000,0x00000238b3e00000] _byte_map_base: 0x00000238afdfc000

Marking Bits (Prev, Next): (CMBitMap*) 0x00000238988fc4a0, (CMBitMap*) 0x00000238988fc4e0
 Prev Bits: [0x00000238b5df0000, 0x00000238c5d50000)
 Next Bits: [0x00000238c5d50000, 0x00000238d5cb0000)

Polling page: 0x0000023896790000

Metaspace:

Usage:
  Non-class:      4.75 MB used.
      Class:    291.64 KB used.
       Both:      5.04 MB used.

Virtual space:
  Non-class space:       64.00 MB reserved,       4.88 MB (  8%) committed,  1 nodes.
      Class space:        1.00 GB reserved,     384.00 KB ( <1%) committed,  1 nodes.
             Both:        1.06 GB reserved,       5.25 MB ( <1%) committed. 

Chunk freelists:
   Non-Class:  8.91 MB
       Class:  15.57 MB
        Both:  24.48 MB

MaxMetaspaceSize: unlimited
CompressedClassSpaceSize: 1.00 GB
Initial GC threshold: 21.00 MB
Current GC threshold: 21.00 MB
CDS: on
MetaspaceReclaimPolicy: balanced
 - commit_granule_bytes: 65536.
 - commit_granule_words: 8192.
 - virtual_space_node_default_size: 8388608.
 - enlarge_chunks_in_place: 1.
 - new_chunks_are_fully_committed: 0.
 - uncommit_free_chunks: 1.
 - use_allocation_guard: 0.
 - handle_deallocations: 1.


Internal statistics:

num_allocs_failed_limit: 0.
num_arena_births: 102.
num_arena_deaths: 0.
num_vsnodes_births: 2.
num_vsnodes_deaths: 0.
num_space_committed: 82.
num_space_uncommitted: 0.
num_chunks_returned_to_freelist: 0.
num_chunks_taken_from_freelist: 241.
num_chunk_merges: 0.
num_chunk_splits: 164.
num_chunks_enlarged: 118.
num_inconsistent_stats: 0.

CodeHeap 'non-profiled nmethods': size=119168Kb used=261Kb max_used=261Kb free=118906Kb
 bounds [0x00000238a7f10000, 0x00000238a8180000, 0x00000238af370000]
CodeHeap 'profiled nmethods': size=119104Kb used=1597Kb max_used=1597Kb free=117506Kb
 bounds [0x00000238a0370000, 0x00000238a05e0000, 0x00000238a77c0000]
CodeHeap 'non-nmethods': size=7488Kb used=3458Kb max_used=3473Kb free=4029Kb
 bounds [0x00000238a77c0000, 0x00000238a7b30000, 0x00000238a7f10000]
 total_blobs=2184 nmethods=930 adapters=1164
 compilation: enabled
              stopped_count=0, restarted_count=0
 full_count=0

Compilation events (20 events):
Event: 0.327 Thread 0x00000238d9264750 nmethod 919 0x00000238a04fc490 code [0x00000238a04fc640, 0x00000238a04fc818]
Event: 0.327 Thread 0x00000238d925e210  921       3       java.nio.Buffer::rewind (12 bytes)
Event: 0.327 Thread 0x00000238d9264750  922       3       java.nio.HeapByteBuffer::put (12 bytes)
Event: 0.327 Thread 0x0000023921301ac0 nmethod 918 0x00000238a04fc910 code [0x00000238a04fcac0, 0x00000238a04fccf8]
Event: 0.327 Thread 0x00000238d9110650 nmethod 920 0x00000238a04fce10 code [0x00000238a04fcfa0, 0x00000238a04fd118]
Event: 0.327 Thread 0x0000023921301ac0  923       3       java.nio.Buffer::checkScope (16 bytes)
Event: 0.327 Thread 0x00000238d925e210 nmethod 921 0x00000238a04fd210 code [0x00000238a04fd3a0, 0x00000238a04fd4b8]
Event: 0.327 Thread 0x00000238d9264750 nmethod 922 0x00000238a04fd590 code [0x00000238a04fd760, 0x00000238a04fdb88]
Event: 0.327 Thread 0x0000023921301ac0 nmethod 923 0x00000238a04fdd10 code [0x00000238a04fdee0, 0x00000238a04fe258]
Event: 0.327 Thread 0x00000238d910de50  924       4       java.lang.StringLatin1::indexOf (121 bytes)
Event: 0.328 Thread 0x00000238d9264750  925       3       sun.nio.ch.IOUtil::read (14 bytes)
Event: 0.328 Thread 0x00000238d9264750 nmethod 925 0x00000238a04fe390 code [0x00000238a04fe520, 0x00000238a04fe648]
Event: 0.329 Thread 0x00000238d910de50 nmethod 924 0x00000238a7f50010 code [0x00000238a7f501a0, 0x00000238a7f504b8]
Event: 0.331 Thread 0x00000238d9264750  926       3       java.net.URL::toString (5 bytes)
Event: 0.331 Thread 0x00000238d9264750 nmethod 926 0x00000238a04fe710 code [0x00000238a04fe8c0, 0x00000238a04feae8]
Event: 0.352 Thread 0x00000238d925e210  927       3       java.lang.System$2::findBootstrapClassOrNull (5 bytes)
Event: 0.352 Thread 0x00000238d9110650  928       3       java.lang.ClassLoader::findBootstrapClassOrNull (14 bytes)
Event: 0.352 Thread 0x00000238d910de50  930       4       java.util.HashMap::getNode (150 bytes)
Event: 0.352 Thread 0x00000238d9110650 nmethod 928 0x00000238a04fec10 code [0x00000238a04fedc0, 0x00000238a04fef78]
Event: 0.352 Thread 0x00000238d925e210 nmethod 927 0x00000238a04ff010 code [0x00000238a04ff1c0, 0x00000238a04ff3d8]

GC Heap History (0 events):
No events

Dll operation events (11 events):
Event: 0.003 Loaded shared library C:\Users\Giovanni\.jdks\corretto-17.0.12\bin\java.dll
Event: 0.013 Loaded shared library C:\Users\Giovanni\.jdks\corretto-17.0.12\bin\jsvml.dll
Event: 0.040 Loaded shared library C:\Users\Giovanni\.jdks\corretto-17.0.12\bin\net.dll
Event: 0.041 Loaded shared library C:\Users\Giovanni\.jdks\corretto-17.0.12\bin\nio.dll
Event: 0.042 Loaded shared library C:\Users\Giovanni\.jdks\corretto-17.0.12\bin\zip.dll
Event: 0.084 Loaded shared library C:\Users\Giovanni\.jdks\corretto-17.0.12\bin\jimage.dll
Event: 0.095 Loaded shared library C:\Users\Giovanni\AppData\Local\Temp\lwjgl_Giovanni\3.3.3+5\x64\lwjgl.dll
Event: 0.263 Loaded shared library C:\Users\Giovanni\AppData\Local\Temp\lwjgl_Giovanni\3.3.3+5\x64\lwjgl_opengl.dll
Event: 0.302 Loaded shared library D:\Jet Engine\JetEngine\libs\imgui-java64.dll
Event: 0.327 Loaded shared library C:\Users\Giovanni\AppData\Local\Temp\lwjgl_Giovanni\3.3.3+5\x64\lwjgl_stb.dll
Event: 0.330 Loaded shared library C:\Users\Giovanni\.jdks\corretto-17.0.12\bin\verify.dll

Deoptimization events (20 events):
Event: 0.090 Thread 0x0000023898850d30 DEOPT PACKING pc=0x00000238a7f191e4 sp=0x000000aa7d5fb9f0
Event: 0.090 Thread 0x0000023898850d30 DEOPT UNPACKING pc=0x00000238a78169a3 sp=0x000000aa7d5fb978 mode 2
Event: 0.121 Thread 0x0000023898850d30 DEOPT PACKING pc=0x00000238a044753a sp=0x000000aa7d5fbb40
Event: 0.121 Thread 0x0000023898850d30 DEOPT UNPACKING pc=0x00000238a7817143 sp=0x000000aa7d5fafb8 mode 0
Event: 0.121 Thread 0x0000023898850d30 DEOPT PACKING pc=0x00000238a044753a sp=0x000000aa7d5fbb40
Event: 0.121 Thread 0x0000023898850d30 DEOPT UNPACKING pc=0x00000238a7817143 sp=0x000000aa7d5fafb8 mode 0
Event: 0.122 Thread 0x0000023898850d30 DEOPT PACKING pc=0x00000238a044753a sp=0x000000aa7d5fbb40
Event: 0.122 Thread 0x0000023898850d30 DEOPT UNPACKING pc=0x00000238a7817143 sp=0x000000aa7d5fafb8 mode 0
Event: 0.122 Thread 0x0000023898850d30 DEOPT PACKING pc=0x00000238a044753a sp=0x000000aa7d5fbb40
Event: 0.122 Thread 0x0000023898850d30 DEOPT UNPACKING pc=0x00000238a7817143 sp=0x000000aa7d5fafb8 mode 0
Event: 0.267 Thread 0x0000023898850d30 Uncommon trap: trap_request=0xffffff54 fr.pc=0x00000238a7f48b60 relative=0x0000000000000060
Event: 0.267 Thread 0x0000023898850d30 Uncommon trap: reason=speculate_null_assert action=make_not_entrant pc=0x00000238a7f48b60 method=sun.misc.Unsafe.putLong(Ljava/lang/Object;JJ)V @ 7 c2
Event: 0.267 Thread 0x0000023898850d30 DEOPT PACKING pc=0x00000238a7f48b60 sp=0x000000aa7d5ff150
Event: 0.267 Thread 0x0000023898850d30 DEOPT UNPACKING pc=0x00000238a78169a3 sp=0x000000aa7d5ff0c8 mode 2
Event: 0.303 Thread 0x0000023898850d30 DEOPT PACKING pc=0x00000238a03a5ee5 sp=0x000000aa7d5fd5c0
Event: 0.303 Thread 0x0000023898850d30 DEOPT UNPACKING pc=0x00000238a7817143 sp=0x000000aa7d5fca10 mode 0
Event: 0.323 Thread 0x0000023898850d30 Uncommon trap: trap_request=0xffffff6e fr.pc=0x00000238a7f4d5d0 relative=0x0000000000000430
Event: 0.323 Thread 0x0000023898850d30 Uncommon trap: reason=loop_limit_check action=maybe_recompile pc=0x00000238a7f4d5d0 method=java.lang.StringLatin1.indexOf([BI[BII)I @ 37 c2
Event: 0.323 Thread 0x0000023898850d30 DEOPT PACKING pc=0x00000238a7f4d5d0 sp=0x000000aa7d5fd6a0
Event: 0.323 Thread 0x0000023898850d30 DEOPT UNPACKING pc=0x00000238a78169a3 sp=0x000000aa7d5fd600 mode 2

Classes loaded (20 events):
Event: 0.125 Loading class java/util/function/LongPredicate
Event: 0.125 Loading class java/util/function/LongPredicate done
Event: 0.126 Loading class jdk/internal/access/foreign/MemorySegmentProxy
Event: 0.126 Loading class jdk/internal/access/foreign/MemorySegmentProxy done
Event: 0.128 Loading class java/nio/InvalidMarkException
Event: 0.128 Loading class java/nio/InvalidMarkException done
Event: 0.128 Loading class java/nio/BufferUnderflowException
Event: 0.128 Loading class java/nio/BufferUnderflowException done
Event: 0.133 Loading class java/util/Formatter$FixedString
Event: 0.133 Loading class java/util/Formatter$FixedString done
Event: 0.139 Loading class java/lang/NoSuchFieldError
Event: 0.139 Loading class java/lang/NoSuchFieldError done
Event: 0.141 Loading class jdk/internal/reflect/UnsafeQualifiedStaticIntegerFieldAccessorImpl
Event: 0.141 Loading class jdk/internal/reflect/UnsafeQualifiedStaticIntegerFieldAccessorImpl done
Event: 0.268 Loading class jdk/internal/misc/ScopedMemoryAccess$Scope
Event: 0.269 Loading class jdk/internal/misc/ScopedMemoryAccess$Scope done
Event: 0.300 Loading class java/io/UncheckedIOException
Event: 0.300 Loading class java/io/UncheckedIOException done
Event: 0.329 Loading class java/io/Externalizable
Event: 0.329 Loading class java/io/Externalizable done

Classes unloaded (0 events):
No events

Classes redefined (0 events):
No events

Internal exceptions (20 events):
Event: 0.094 Thread 0x0000023898850d30 Exception <a 'sun/nio/fs/WindowsException'{0x00000004427a5f58}> (0x00000004427a5f58) 
thrown [s\src\hotspot\share\prims\jni.cpp, line 516]
Event: 0.094 Thread 0x0000023898850d30 Exception <a 'sun/nio/fs/WindowsException'{0x00000004427a64c8}> (0x00000004427a64c8) 
thrown [s\src\hotspot\share\prims\jni.cpp, line 516]
Event: 0.125 Thread 0x0000023898850d30 Exception <a 'java/lang/NoSuchMethodError'{0x00000004419db490}: 'int java.lang.invoke.DirectMethodHandle$Holder.invokeStaticInit(java.lang.Object, java.lang.Object, int, long)'> (0x00000004419db490) 
thrown [s\src\hotspot\share\interpreter\linkResolver.cpp, line 759]
Event: 0.126 Thread 0x0000023898850d30 Exception <a 'java/lang/NoSuchMethodError'{0x00000004419e0d58}: 'java.lang.Object java.lang.invoke.DirectMethodHandle$Holder.newInvokeSpecial(java.lang.Object, java.lang.Object, int)'> (0x00000004419e0d58) 
thrown [s\src\hotspot\share\interpreter\linkResolver.cpp, line 759]
Event: 0.127 Thread 0x0000023898850d30 Exception <a 'java/lang/NoSuchMethodError'{0x00000004419f16e0}: 'int java.lang.invoke.DirectMethodHandle$Holder.invokeStaticInit(java.lang.Object, java.lang.Object, long, long)'> (0x00000004419f16e0) 
thrown [s\src\hotspot\share\interpreter\linkResolver.cpp, line 759]
Event: 0.127 Thread 0x0000023898850d30 Exception <a 'java/lang/NoSuchMethodError'{0x00000004419f7468}: 'java.lang.Object java.lang.invoke.DirectMethodHandle$Holder.newInvokeSpecial(java.lang.Object, java.lang.Object, long)'> (0x00000004419f7468) 
thrown [s\src\hotspot\share\interpreter\linkResolver.cpp, line 759]
Event: 0.127 Thread 0x0000023898850d30 Exception <a 'java/lang/NoSuchMethodError'{0x00000004419fad30}: 'java.lang.Object java.lang.invoke.Invokers$Holder.linkToTargetMethod(java.lang.Object, long, java.lang.Object)'> (0x00000004419fad30) 
thrown [s\src\hotspot\share\interpreter\linkResolver.cpp, line 759]
Event: 0.128 Thread 0x0000023898850d30 Exception <a 'java/lang/NoSuchMethodError'{0x0000000441a02200}: 'int java.lang.invoke.DirectMethodHandle$Holder.invokeStaticInit(java.lang.Object, java.lang.Object, java.lang.Object, long)'> (0x0000000441a02200) 
thrown [s\src\hotspot\share\interpreter\linkResolver.cpp, line 759]
Event: 0.138 Thread 0x0000023898850d30 Exception <a 'sun/nio/fs/WindowsException'{0x0000000441acc488}> (0x0000000441acc488) 
thrown [s\src\hotspot\share\prims\jni.cpp, line 516]
Event: 0.138 Thread 0x0000023898850d30 Exception <a 'sun/nio/fs/WindowsException'{0x0000000441acc810}> (0x0000000441acc810) 
thrown [s\src\hotspot\share\prims\jni.cpp, line 516]
Event: 0.238 Thread 0x0000023898850d30 Exception <a 'java/lang/NoSuchMethodError'{0x0000000441b34da8}: 'void java.lang.invoke.DirectMethodHandle$Holder.invokeStaticInit(java.lang.Object, long, double, double)'> (0x0000000441b34da8) 
thrown [s\src\hotspot\share\interpreter\linkResolver.cpp, line 759]
Event: 0.240 Thread 0x0000023898850d30 Exception <a 'java/lang/NoSuchMethodError'{0x0000000441b45810}: 'void java.lang.invoke.DirectMethodHandle$Holder.invokeStaticInit(java.lang.Object, long, int, int, int)'> (0x0000000441b45810) 
thrown [s\src\hotspot\share\interpreter\linkResolver.cpp, line 759]
Event: 0.242 Thread 0x0000023898850d30 Exception <a 'java/lang/NoSuchMethodError'{0x0000000441b60f58}: 'void java.lang.invoke.DirectMethodHandle$Holder.invokeStaticInit(java.lang.Object, long, int, int, int, int)'> (0x0000000441b60f58) 
thrown [s\src\hotspot\share\interpreter\linkResolver.cpp, line 759]
Event: 0.243 Thread 0x0000023898850d30 Exception <a 'java/lang/NoSuchMethodError'{0x0000000441b6e4e8}: 'void java.lang.invoke.DirectMethodHandle$Holder.invokeStatic(java.lang.Object, long, int, int)'> (0x0000000441b6e4e8) 
thrown [s\src\hotspot\share\interpreter\linkResolver.cpp, line 759]
Event: 0.263 Thread 0x0000023898850d30 Exception <a 'sun/nio/fs/WindowsException'{0x0000000441ba2f80}> (0x0000000441ba2f80) 
thrown [s\src\hotspot\share\prims\jni.cpp, line 516]
Event: 0.263 Thread 0x0000023898850d30 Exception <a 'sun/nio/fs/WindowsException'{0x0000000441ba3340}> (0x0000000441ba3340) 
thrown [s\src\hotspot\share\prims\jni.cpp, line 516]
Event: 0.265 Thread 0x0000023898850d30 Exception <a 'sun/nio/fs/WindowsException'{0x0000000441bae128}> (0x0000000441bae128) 
thrown [s\src\hotspot\share\prims\jni.cpp, line 516]
Event: 0.265 Thread 0x0000023898850d30 Exception <a 'sun/nio/fs/WindowsException'{0x0000000441bae428}> (0x0000000441bae428) 
thrown [s\src\hotspot\share\prims\jni.cpp, line 516]
Event: 0.326 Thread 0x0000023898850d30 Exception <a 'sun/nio/fs/WindowsException'{0x0000000441f01d38}> (0x0000000441f01d38) 
thrown [s\src\hotspot\share\prims\jni.cpp, line 516]
Event: 0.326 Thread 0x0000023898850d30 Exception <a 'sun/nio/fs/WindowsException'{0x0000000441f020d8}> (0x0000000441f020d8) 
thrown [s\src\hotspot\share\prims\jni.cpp, line 516]

VM Operations (6 events):
Event: 0.046 Executing VM operation: HandshakeAllThreads
Event: 0.046 Executing VM operation: HandshakeAllThreads done
Event: 0.090 Executing VM operation: HandshakeAllThreads
Event: 0.090 Executing VM operation: HandshakeAllThreads done
Event: 0.109 Executing VM operation: HandshakeAllThreads
Event: 0.109 Executing VM operation: HandshakeAllThreads done

Events (17 events):
Event: 0.014 Thread 0x0000023898850d30 Thread added: 0x0000023898850d30
Event: 0.015 Thread 0x00000238d90f1280 Thread added: 0x00000238d90f1280
Event: 0.015 Thread 0x00000238d90f2100 Thread added: 0x00000238d90f2100
Event: 0.018 Thread 0x00000238d9107ff0 Thread added: 0x00000238d9107ff0
Event: 0.018 Thread 0x00000238d9109d20 Thread added: 0x00000238d9109d20
Event: 0.018 Thread 0x00000238d910c6f0 Thread added: 0x00000238d910c6f0
Event: 0.018 Thread 0x00000238d910d0b0 Thread added: 0x00000238d910d0b0
Event: 0.018 Thread 0x00000238d910de50 Thread added: 0x00000238d910de50
Event: 0.018 Thread 0x00000238d9110650 Thread added: 0x00000238d9110650
Event: 0.018 Thread 0x00000238d9111050 Thread added: 0x00000238d9111050
Event: 0.034 Thread 0x00000238d925e210 Thread added: 0x00000238d925e210
Event: 0.034 Thread 0x00000238d9264750 Thread added: 0x00000238d9264750
Event: 0.035 Thread 0x00000238d926e320 Thread added: 0x00000238d926e320
Event: 0.037 Thread 0x00000238d9280ef0 Thread added: 0x00000238d9280ef0
Event: 0.053 Thread 0x00000238d9315b50 Thread added: 0x00000238d9315b50
Event: 0.239 Thread 0x00000238d9315b50 Thread exited: 0x00000238d9315b50
Event: 0.326 Thread 0x0000023921301ac0 Thread added: 0x0000023921301ac0


Dynamic libraries:
0x00007ff65a620000 - 0x00007ff65a62e000 	C:\Users\Giovanni\.jdks\corretto-17.0.12\bin\java.exe
0x00007ffdc7890000 - 0x00007ffdc7aa7000 	C:\Windows\SYSTEM32\ntdll.dll
0x00007ffdc6580000 - 0x00007ffdc6644000 	C:\Windows\System32\KERNEL32.DLL
0x00007ffdc5210000 - 0x00007ffdc55bd000 	C:\Windows\System32\KERNELBASE.dll
0x00007ffdc4fd0000 - 0x00007ffdc50e1000 	C:\Windows\System32\ucrtbase.dll
0x00007ffda9ff0000 - 0x00007ffdaa007000 	C:\Users\Giovanni\.jdks\corretto-17.0.12\bin\jli.dll
0x00007ffda0bd0000 - 0x00007ffda0beb000 	C:\Users\Giovanni\.jdks\corretto-17.0.12\bin\VCRUNTIME140.dll
0x00007ffdc7050000 - 0x00007ffdc71fe000 	C:\Windows\System32\USER32.dll
0x00007ffdc50f0000 - 0x00007ffdc5116000 	C:\Windows\System32\win32u.dll
0x00007ffdc3df0000 - 0x00007ffdc4083000 	C:\Windows\WinSxS\amd64_microsoft.windows.common-controls_6595b64144ccf1df_6.0.22621.3672_none_2713b9d173822955\COMCTL32.dll
0x00007ffdc76d0000 - 0x00007ffdc76f9000 	C:\Windows\System32\GDI32.dll
0x00007ffdc5e40000 - 0x00007ffdc5ee7000 	C:\Windows\System32\msvcrt.dll
0x00007ffdc4c70000 - 0x00007ffdc4d89000 	C:\Windows\System32\gdi32full.dll
0x00007ffdc4f30000 - 0x00007ffdc4fca000 	C:\Windows\System32\msvcp_win.dll
0x00007ffdc73e0000 - 0x00007ffdc7411000 	C:\Windows\System32\IMM32.DLL
0x00007ffdb3f60000 - 0x00007ffdb3f6c000 	C:\Users\Giovanni\.jdks\corretto-17.0.12\bin\vcruntime140_1.dll
0x00007ffd5dd00000 - 0x00007ffd5dd8d000 	C:\Users\Giovanni\.jdks\corretto-17.0.12\bin\msvcp140.dll
0x00007ffd55110000 - 0x00007ffd55d7a000 	C:\Users\Giovanni\.jdks\corretto-17.0.12\bin\server\jvm.dll
0x00007ffdc5aa0000 - 0x00007ffdc5b52000 	C:\Windows\System32\ADVAPI32.dll
0x00007ffdc7700000 - 0x00007ffdc77a9000 	C:\Windows\System32\sechost.dll
0x00007ffdc4f00000 - 0x00007ffdc4f28000 	C:\Windows\System32\bcrypt.dll
0x00007ffdc63e0000 - 0x00007ffdc64f4000 	C:\Windows\System32\RPCRT4.dll
0x00007ffdc5b70000 - 0x00007ffdc5be1000 	C:\Windows\System32\WS2_32.dll
0x00007ffdc44c0000 - 0x00007ffdc450d000 	C:\Windows\SYSTEM32\POWRPROF.dll
0x00007ffdbe110000 - 0x00007ffdbe144000 	C:\Windows\SYSTEM32\WINMM.dll
0x00007ffdbd3f0000 - 0x00007ffdbd3fa000 	C:\Windows\SYSTEM32\VERSION.dll
0x00007ffdc41b0000 - 0x00007ffdc41c3000 	C:\Windows\SYSTEM32\UMPDC.dll
0x00007ffdc3300000 - 0x00007ffdc3318000 	C:\Windows\SYSTEM32\kernel.appcore.dll
0x00007ffdb3e90000 - 0x00007ffdb3e9a000 	C:\Users\Giovanni\.jdks\corretto-17.0.12\bin\jimage.dll
0x00007ffdc4510000 - 0x00007ffdc4742000 	C:\Windows\SYSTEM32\DBGHELP.DLL
0x00007ffdc6050000 - 0x00007ffdc63de000 	C:\Windows\System32\combase.dll
0x00007ffdc5bf0000 - 0x00007ffdc5cc7000 	C:\Windows\System32\OLEAUT32.dll
0x00007ffdc43b0000 - 0x00007ffdc43e2000 	C:\Windows\SYSTEM32\dbgcore.DLL
0x00007ffdc5120000 - 0x00007ffdc519b000 	C:\Windows\System32\bcryptPrimitives.dll
0x00007ffd971b0000 - 0x00007ffd971d5000 	C:\Users\Giovanni\.jdks\corretto-17.0.12\bin\java.dll
0x00007ffd59b40000 - 0x00007ffd59c17000 	C:\Users\Giovanni\.jdks\corretto-17.0.12\bin\jsvml.dll
0x00007ffdc67d0000 - 0x00007ffdc7037000 	C:\Windows\System32\SHELL32.dll
0x00007ffdc20b0000 - 0x00007ffdc29af000 	C:\Windows\SYSTEM32\windows.storage.dll
0x00007ffdc1f50000 - 0x00007ffdc208f000 	C:\Windows\SYSTEM32\wintypes.dll
0x00007ffdc5cf0000 - 0x00007ffdc5de9000 	C:\Windows\System32\SHCORE.dll
0x00007ffdc55c0000 - 0x00007ffdc561e000 	C:\Windows\System32\shlwapi.dll
0x00007ffdc4ae0000 - 0x00007ffdc4b07000 	C:\Windows\SYSTEM32\profapi.dll
0x00007ffd99e20000 - 0x00007ffd99e39000 	C:\Users\Giovanni\.jdks\corretto-17.0.12\bin\net.dll
0x00007ffdc0b80000 - 0x00007ffdc0cb6000 	C:\Windows\SYSTEM32\WINHTTP.dll
0x00007ffdc3780000 - 0x00007ffdc37e9000 	C:\Windows\system32\mswsock.dll
0x00007ffd99b40000 - 0x00007ffd99b56000 	C:\Users\Giovanni\.jdks\corretto-17.0.12\bin\nio.dll
0x00007ffd92230000 - 0x00007ffd92248000 	C:\Users\Giovanni\.jdks\corretto-17.0.12\bin\zip.dll
0x00007ffd59ac0000 - 0x00007ffd59b3b000 	C:\Users\Giovanni\AppData\Local\Temp\lwjgl_Giovanni\3.3.3+5\x64\lwjgl.dll
0x00007ffd59660000 - 0x00007ffd596e2000 	C:\Users\Giovanni\AppData\Local\Temp\lwjgl_Giovanni\3.3.3+5\x64\glfw.dll
0x00007ffd91220000 - 0x00007ffd91266000 	C:\Windows\SYSTEM32\dinput8.dll
0x00007ffdc0950000 - 0x00007ffdc0961000 	C:\Windows\SYSTEM32\xinput1_4.dll
0x00007ffdc48c0000 - 0x00007ffdc490e000 	C:\Windows\SYSTEM32\cfgmgr32.dll
0x00007ffdc4870000 - 0x00007ffdc489c000 	C:\Windows\SYSTEM32\DEVOBJ.dll
0x00007ffdc15a0000 - 0x00007ffdc15cb000 	C:\Windows\SYSTEM32\dwmapi.dll
0x00007ffdb2a80000 - 0x00007ffdb2c93000 	C:\Windows\SYSTEM32\inputhost.dll
0x00007ffdbfcf0000 - 0x00007ffdbfe23000 	C:\Windows\SYSTEM32\CoreMessaging.dll
0x00007ffdc1310000 - 0x00007ffdc13c1000 	C:\Windows\system32\uxtheme.dll
0x00007ffdc3c80000 - 0x00007ffdc3c8c000 	C:\Windows\SYSTEM32\CRYPTBASE.DLL
0x00007ffdc5ef0000 - 0x00007ffdc604e000 	C:\Windows\System32\MSCTF.dll
0x00007ffd60f90000 - 0x00007ffd61090000 	C:\Windows\SYSTEM32\opengl32.dll
0x00007ffdb32a0000 - 0x00007ffdb32cd000 	C:\Windows\SYSTEM32\GLU32.dll
0x00007ffdc1610000 - 0x00007ffdc1647000 	C:\Windows\SYSTEM32\dxcore.dll
0x00007ffdc6650000 - 0x00007ffdc6700000 	C:\Windows\System32\clbcatq.dll
0x00007ffd3c9b0000 - 0x00007ffd3ef98000 	C:\Windows\System32\DriverStore\FileRepository\nv_dispi.inf_amd64_dcf94619172aceb0\nvoglv64.dll
0x00007ffdc5620000 - 0x00007ffdc5a94000 	C:\Windows\System32\SETUPAPI.dll
0x00007ffdc7420000 - 0x00007ffdc75c5000 	C:\Windows\System32\ole32.dll
0x00007ffdc3160000 - 0x00007ffdc3174000 	C:\Windows\SYSTEM32\WTSAPI32.dll
0x00007ffdc3d10000 - 0x00007ffdc3d22000 	C:\Windows\SYSTEM32\msasn1.dll
0x00007ffdbd3b0000 - 0x00007ffdbd3e2000 	C:\Windows\SYSTEM32\cryptnet.dll
0x00007ffdc4d90000 - 0x00007ffdc4ef6000 	C:\Windows\System32\CRYPT32.dll
0x00007ffdc39e0000 - 0x00007ffdc3a29000 	C:\Windows\SYSTEM32\wldp.dll
0x00007ffdc3ad0000 - 0x00007ffdc3c32000 	C:\Windows\SYSTEM32\drvstore.dll
0x00007ffdc51a0000 - 0x00007ffdc520b000 	C:\Windows\System32\WINTRUST.dll
0x00007ffdc4480000 - 0x00007ffdc44b4000 	C:\Windows\SYSTEM32\ntmarta.dll
0x00007ffdc7200000 - 0x00007ffdc721f000 	C:\Windows\System32\imagehlp.dll
0x00007ffdc4850000 - 0x00007ffdc486b000 	C:\Windows\SYSTEM32\CRYPTSP.dll
0x00007ffdc3a30000 - 0x00007ffdc3a65000 	C:\Windows\system32\rsaenh.dll
0x00007ffdb4610000 - 0x00007ffdb65fe000 	C:\Windows\System32\DriverStore\FileRepository\nv_dispi.inf_amd64_dcf94619172aceb0\nvgpucomp64.dll
0x00007ffd52cc0000 - 0x00007ffd52f90000 	C:\Windows\system32\nvspcap64.dll
0x00007ffdc2da0000 - 0x00007ffdc2e06000 	C:\Windows\SYSTEM32\WINSTA.dll
0x00007ffdb3d20000 - 0x00007ffdb3e63000 	C:\Windows\SYSTEM32\textinputframework.dll
0x00007ffdbcaa0000 - 0x00007ffdbce0d000 	C:\Windows\SYSTEM32\CoreUIComponents.dll
0x00007ffdbe2f0000 - 0x00007ffdbe359000 	C:\Windows\system32\Oleacc.dll
0x00007ffd5dc30000 - 0x00007ffd5dc8e000 	C:\Users\Giovanni\AppData\Local\Temp\lwjgl_Giovanni\3.3.3+5\x64\lwjgl_opengl.dll
0x000000006f6c0000 - 0x000000006f896000 	D:\Jet Engine\JetEngine\libs\imgui-java64.dll
0x00007ffd595d0000 - 0x00007ffd59652000 	C:\Users\Giovanni\AppData\Local\Temp\lwjgl_Giovanni\3.3.3+5\x64\lwjgl_stb.dll
0x00007ffd9fe90000 - 0x00007ffd9fea0000 	C:\Users\Giovanni\.jdks\corretto-17.0.12\bin\verify.dll

dbghelp: loaded successfully - version: 4.0.5 - missing functions: none
symbol engine: initialized successfully - sym options: 0x614 - pdb path: .;C:\Users\Giovanni\.jdks\corretto-17.0.12\bin;C:\Windows\SYSTEM32;C:\Windows\WinSxS\amd64_microsoft.windows.common-controls_6595b64144ccf1df_6.0.22621.3672_none_2713b9d173822955;C:\Users\Giovanni\.jdks\corretto-17.0.12\bin\server;C:\Users\Giovanni\AppData\Local\Temp\lwjgl_Giovanni\3.3.3+5\x64;C:\Windows\System32\DriverStore\FileRepository\nv_dispi.inf_amd64_dcf94619172aceb0;D:\Jet Engine\JetEngine\libs

VM Arguments:
jvm_args: -Djava.library.path=D:\Jet Engine\JetEngine/libs -Dfile.encoding=UTF-8 -Duser.country=IT -Duser.language=it -Duser.variant 
java_command: gameengine.Main
java_class_path (initial): D:\Jet Engine\JetEngine\build\classes\java\main;D:\Jet Engine\JetEngine\build\resources\main;D:\Jet Engine\JetEngine\libs\imgui-binding-1.76-0.14.jar;D:\Jet Engine\JetEngine\libs\imgui-lwjgl3-1.76-0.14.jar;C:\Users\Giovanni\.gradle\caches\modules-2\files-2.1\org.controlsfx\controlsfx\11.2.1\e0f2568b8ee6e7a1639741f21b0024277ecbb7a7\controlsfx-11.2.1.jar;C:\Users\Giovanni\.gradle\caches\modules-2\files-2.1\com.dlsc.formsfx\formsfx-core\11.6.0\dd14a71601781f316a3d5259af549c37b4b3b311\formsfx-core-11.6.0.jar;C:\Users\Giovanni\.gradle\caches\modules-2\files-2.1\net.synedra\validatorfx\0.5.0\8eaa2e85f8f4370dc2ecd050c5627b064cb3ec74\validatorfx-0.5.0.jar;C:\Users\Giovanni\.gradle\caches\modules-2\files-2.1\org.kordamp.ikonli\ikonli-javafx\12.3.1\6df78c8f23f4509f88b8e05c32da64b7dc494356\ikonli-javafx-12.3.1.jar;C:\Users\Giovanni\.gradle\caches\modules-2\files-2.1\org.kordamp.bootstrapfx\bootstrapfx-core\0.4.0\8d019b30266c00770cf29921d1008ad7feed0ed6\bootstrapfx-core-0.4.0.jar;C:\Users\Giovanni\.gradle\caches\modules-2\files-2.1\com.github.almasb\fxgl\17.3\614d2b2607c97fe7b539dfa75036066a8010f74b\fxgl-17.3.jar;C:\Users\Giovanni\.gradle\caches\modules-2\files-2.1\org.lwjgl\lwjgl-opengl\3.3.3\2f6b0147078396a58979125a4c947664e98293a\lwjgl-opengl-3.3.3.jar;C:\Users\Giovanni\.gradle\caches\modules-2\files-2.1\org.lwjgl\lwjgl-opengl\3.3.3\e6c1eec8be8a71951b830a4d69efc01c6531900c\lwjgl-opengl-3.3.3-natives-windows.jar;C:\Users\Giovanni\.gradle\caches\modules-2\files-2.1\org.lwjgl\lwjgl-opengl\3.3.3\d32d833dcaa2f355a886eaf21f0408b5f03241d\lwjgl-opengl-3.3.3-natives-windows-x86.jar;C:\Users\Giovanni\.gradle\caches\modules-2\files-2.1\org.lwjgl\lwjgl-opengl\3.3.3\62c70a4b00ca5391882b0f4b787c1588d24f1c86\lwjgl-opengl-3.3.3-natives-linux.jar;C:\Users\Giovanni\.gradle\caches\modules-2\files-2.1\org.lwjgl\lwjgl-glfw\3.3.3\efa1eb78c5ccd840e9f329717109b5e892d72f8e\lwjgl-glfw-3.3.3.jar;C:\Users\Giovanni\.gradle\caches\modules-2\files-2.1\org.lwjgl\lwjgl-glfw\3.3.
Launcher Type: SUN_STANDARD

[Global flags]
     intx CICompilerCount                          = 12                                        {product} {ergonomic}
     uint ConcGCThreads                            = 4                                         {product} {ergonomic}
     uint G1ConcRefinementThreads                  = 15                                        {product} {ergonomic}
   size_t G1HeapRegionSize                         = 8388608                                   {product} {ergonomic}
    uintx GCDrainStackTargetSize                   = 64                                        {product} {ergonomic}
   size_t InitialHeapSize                          = 1073741824                                {product} {ergonomic}
   size_t MarkStackSize                            = 4194304                                   {product} {ergonomic}
   size_t MaxHeapSize                              = 17137926144                               {product} {ergonomic}
   size_t MaxNewSize                               = 10276044800                               {product} {ergonomic}
   size_t MinHeapDeltaBytes                        = 8388608                                   {product} {ergonomic}
   size_t MinHeapSize                              = 8388608                                   {product} {ergonomic}
    uintx NonNMethodCodeHeapSize                   = 7602480                                {pd product} {ergonomic}
    uintx NonProfiledCodeHeapSize                  = 122027880                              {pd product} {ergonomic}
    uintx ProfiledCodeHeapSize                     = 122027880                              {pd product} {ergonomic}
    uintx ReservedCodeCacheSize                    = 251658240                              {pd product} {ergonomic}
     bool SegmentedCodeCache                       = true                                      {product} {ergonomic}
   size_t SoftMaxHeapSize                          = 17137926144                            {manageable} {ergonomic}
     bool UseCompressedClassPointers               = true                           {product lp64_product} {ergonomic}
     bool UseCompressedOops                        = true                           {product lp64_product} {ergonomic}
     bool UseG1GC                                  = true                                      {product} {ergonomic}
     bool UseLargePagesIndividualAllocation        = false                                  {pd product} {ergonomic}

Logging:
Log output configuration:
 #0: stdout all=warning uptime,level,tags
 #1: stderr all=off uptime,level,tags

Environment Variables:
PATH=C:\Windows\system32;C:\Windows;C:\Windows\System32\Wbem;C:\Windows\System32\WindowsPowerShell\v1.0\;C:\Windows\System32\OpenSSH\;C:\Program Files\dotnet\;C:\Program Files (x86)\NVIDIA Corporation\PhysX\Common;C:\Program Files\NVIDIA Corporation\NVIDIA NvDLISR;C:\Program Files\Git\cmd;C:\Users\Giovanni\AppData\Local\Microsoft\WindowsApps;C:\Users\Giovanni\.dotnet\tools;C:\Users\Giovanni\AppData\Local\GitHubDesktop\bin;C:\Program Files\JetBrains\IntelliJ IDEA Community Edition 2024.2.0.2\bin;
USERNAME=Giovanni
OS=Windows_NT
PROCESSOR_IDENTIFIER=Intel64 Family 6 Model 151 Stepping 2, GenuineIntel
TMP=C:\Users\Giovanni\AppData\Local\Temp
TEMP=C:\Users\Giovanni\AppData\Local\Temp



Periodic native trim disabled


---------------  S Y S T E M  ---------------

OS:
 Windows 11 , 64 bit Build 22621 (10.0.22621.3958)
OS uptime: 4 days 3:06 hours
Hyper-V role detected

CPU: total 20 (initial active 20) (10 cores per cpu, 2 threads per core) family 6 model 151 stepping 2 microcode 0x23, cx8, cmov, fxsr, ht, mmx, 3dnowpref, sse, sse2, sse3, ssse3, sse4.1, sse4.2, popcnt, lzcnt, tsc, tscinvbit, avx, avx2, aes, erms, clmul, bmi1, bmi2, adx, sha, fma, vzeroupper, clflush, clflushopt, clwb, hv
Processor Information for all 20 processors :
  Max Mhz: 3600, Current Mhz: 3600, Mhz Limit: 3600

Memory: 4k page, system-wide physical 65349M (52009M free)
TotalPageFile size 69445M (AvailPageFile size 53738M)
current process WorkingSet (physical memory assigned to process): 117M, peak: 118M
current process commit charge ("private bytes"): 1277M, peak: 1278M

vm_info: OpenJDK 64-Bit Server VM (17.0.12+7-LTS) for windows-amd64 JRE (17.0.12+7-LTS), built on Jul 10 2024 20:46:33 by "Administrator" with MS VC++ 16.10 / 16.11 (VS2019)

END.
