#
# A fatal error has been detected by the Java Runtime Environment:
#
#  EXCEPTION_ACCESS_VIOLATION (0xc0000005) at pc=0x00007ffb5774cd7e, pid=16704, tid=21728
#
# JRE version: Java(TM) SE Runtime Environment (21.0.3+7) (build 21.0.3+7-LTS-152)
# Java VM: Java HotSpot(TM) 64-Bit Server VM (21.0.3+7-LTS-152, mixed mode, sharing, tiered, compressed oops, compressed class ptrs, g1 gc, windows-amd64)
# Problematic frame:
# V  [jvm.dll+0x44cd7e]
#
# No core dump will be written. Minidumps are not enabled by default on client versions of Windows
#
# If you would like to submit a bug report, please visit:
#   https://bugreport.java.com/bugreport/crash.jsp
#

---------------  S U M M A R Y ------------

Command Line: -Djava.library.path=D:\Programmazione\Java\JetEngine/libs -Dfile.encoding=UTF-8 -Duser.country=IT -Duser.language=it -Duser.variant gameengine.Main

Host: 11th Gen Intel(R) Core(TM) i5-11400H @ 2.70GHz, 6 cores, 39G,  Windows 11 , 64 bit Build 22621 (10.0.22621.3958)
Time: Sat Sep 28 21:05:29 2024 ora legale Europa occidentale elapsed time: 0.514691 seconds (0d 0h 0m 0s)

---------------  T H R E A D  ---------------

Current thread (0x000002b6f0c68370):  JavaThread "main"             [_thread_in_vm, id=21728, stack(0x000000e4f6300000,0x000000e4f6400000) (1024K)]

Stack: [0x000000e4f6300000,0x000000e4f6400000],  sp=0x000000e4f63fe300,  free space=1016k
Native frames: (J=compiled Java code, j=interpreted, Vv=VM code, C=native code)
V  [jvm.dll+0x44cd7e]
V  [jvm.dll+0x44a58c]
C  [imgui-java64.dll+0x244b00]

Java frames: (J=compiled Java code, j=interpreted, Vv=VM code)
j  imgui.ImGui.nInitJni()V+0
j  imgui.ImGui.<clinit>()V+179
v  ~StubRoutines::call_stub 0x000002b6875310e7
j  gameengine.Engine.ImGuiLayer.InitImGui()V+0
j  gameengine.Engine.Window.Init()V+193
j  gameengine.Engine.Window.Run()V+15
j  gameengine.Main.main([Ljava/lang/String;)V+5
v  ~StubRoutines::call_stub 0x000002b6875310e7

siginfo: EXCEPTION_ACCESS_VIOLATION (0xc0000005), reading address 0x0000000000000000


Registers:
RAX=0x0000000000000000, RBX=0x000002b69a49aca0, RCX=0x000002b69a5db815, RDX=0x00007d44ad6e402a
RSP=0x000000e4f63fe300, RBP=0x00007ffb47cbf56a, RSI=0x0000000000000000, RDI=0x000002b69a5db7f8
R8 =0x0000000000000000, R9 =0x0000000000000000, R10=0x000002b6f0c68370, R11=0x000000e4f63fe4c8
R12=0x00007ffb47cbf828, R13=0x000002b6f0c68370, R14=0x0000000000000000, R15=0x00007ffb47cbf56a
RIP=0x00007ffb5774cd7e, EFLAGS=0x0000000000010293


Register to memory mapping:

RAX=0x0 is null
RBX=0x000002b69a49aca0 is pointing into metadata
RCX=0x000002b69a5db815 is pointing into metadata
RDX=0x00007d44ad6e402a is an unknown value
RSP=0x000000e4f63fe300 is pointing into the stack for thread: 0x000002b6f0c68370
RBP=0x00007ffb47cbf56a imgui-java64.dll
RSI=0x0 is null
RDI=0x000002b69a5db7f8 is pointing into metadata
R8 =0x0 is null
R9 =0x0 is null
R10=0x000002b6f0c68370 is a thread
R11=0x000000e4f63fe4c8 is pointing into the stack for thread: 0x000002b6f0c68370
R12=0x00007ffb47cbf828 imgui-java64.dll
R13=0x000002b6f0c68370 is a thread
R14=0x0 is null
R15=0x00007ffb47cbf56a imgui-java64.dll

Top of Stack: (sp=0x000000e4f63fe300)
0x000000e4f63fe300:   000002b69a49aca0 0000000000000000
0x000000e4f63fe310:   0000000000000017 000002b6f0c68370
0x000000e4f63fe320:   00000000000003d8 00000000020800da
0x000000e4f63fe330:   000002b6f0c68900 00007ffb57d40370
0x000000e4f63fe340:   00000000000003d8 000002b6f0c68dc8
0x000000e4f63fe350:   00007ffb47cbf56a 000002b69a4817d8
0x000000e4f63fe360:   44be42cfab27b508 00007ffb57603261
0x000000e4f63fe370:   000002b6f0c68a30 00007ffb57d40370
0x000000e4f63fe380:   000002b6f0c689f0 000002b6f0c68dc8
0x000000e4f63fe390:   000002b6f0c689f0 0000000000000000
0x000000e4f63fe3a0:   0000000000000000 000002b600000000
0x000000e4f63fe3b0:   000002b6f0c45e38 00000005ab87cd78
0x000000e4f63fe3c0:   000002b6f0c689e0 00007ffb576034c9
0x000000e4f63fe3d0:   000002b6f0c45e28 000002b6f0c68370
0x000000e4f63fe3e0:   000002b6f0c85330 000002b69a4817d8
0x000000e4f63fe3f0:   000002b6f0c689f0 000002b6f0c45e28
0x000000e4f63fe400:   00000005ab87cd78 0000000000000000
0x000000e4f63fe410:   000002b6f0c68728 000002b6f0c68728
0x000000e4f63fe420:   000002b6f0c68370 00007ffb57aca766
0x000000e4f63fe430:   000002b6e60c4e98 0000000000000000
0x000000e4f63fe440:   0000000000000001 000002b6e60c4e98
0x000000e4f63fe450:   000002b6f0c68370 00007ffb5776c879
0x000000e4f63fe460:   000002b6f0c45e20 00000005ab87cd78
0x000000e4f63fe470:   0000000000000001 0000000000000000
0x000000e4f63fe480:   00002c596f8cfc4b 00007ffb576eb0b5
0x000000e4f63fe490:   000002b6f0c68370 0000000000000000
0x000000e4f63fe4a0:   000002b6db58d090 000002b6f0c68728
0x000000e4f63fe4b0:   000002b6f0c68728 00007ffb47cbf828
0x000000e4f63fe4c0:   000002b6f0c68370 00007ffb5774a58c
0x000000e4f63fe4d0:   00007ffb47cbf56a 000002b6f0c68370
0x000000e4f63fe4e0:   000002b6f0c6aeb8 000002b6f0c68728
0x000000e4f63fe4f0:   000002b6f0c68300 000002b6f0c68370 

Instructions: (pc=0x00007ffb5774cd7e)
0x00007ffb5774cc7e:   cc cc 4c 8b dc 53 48 81 ec c0 01 00 00 48 8b 05
0x00007ffb5774cc8e:   d6 fc 78 00 48 33 c4 48 89 84 24 80 01 00 00 0f
0x00007ffb5774cc9e:   b6 84 24 f0 01 00 00 49 89 73 f0 48 8b f2 49 89
0x00007ffb5774ccae:   7b e8 4d 89 63 e0 4d 8b e1 4d 89 6b d8 4c 8b ac
0x00007ffb5774ccbe:   24 f8 01 00 00 4d 89 7b c8 4d 8b f8 4c 89 44 24
0x00007ffb5774ccce:   50 88 44 24 30 4d 85 c0 75 11 48 8b 0d 61 13 7f
0x00007ffb5774ccde:   00 e8 1c e3 36 00 48 8b c8 eb 03 49 8b cf 48 c7
0x00007ffb5774ccee:   c7 ff ff ff ff 48 8b c7 48 ff c0 80 3c 01 00 75
0x00007ffb5774ccfe:   f7 4c 8d 44 24 60 8b d0 e8 15 1f 37 00 48 8b d8
0x00007ffb5774cd0e:   66 90 48 ff c7 41 80 3c 3c 00 75 f6 4c 8d 44 24
0x00007ffb5774cd1e:   64 48 89 ac 24 d0 01 00 00 8b d7 49 8b cc e8 ef
0x00007ffb5774cd2e:   1e 37 00 48 8b f8 48 85 db 0f 84 1b 03 00 00 48
0x00007ffb5774cd3e:   85 c0 0f 84 12 03 00 00 48 8b c6 4c 89 b4 24 98
0x00007ffb5774cd4e:   01 00 00 83 e0 03 48 83 f8 01 75 0f 48 8d 4e ff
0x00007ffb5774cd5e:   ff 15 3c 4c 76 00 48 8b f0 eb 18 48 83 f8 02 75
0x00007ffb5774cd6e:   0f 48 8d 4e fe ff 15 a7 c2 75 00 48 8b f0 eb 03
0x00007ffb5774cd7e:   48 8b 36 8b 15 f9 e6 7c 00 48 8b ce e8 41 47 26
0x00007ffb5774cd8e:   00 8b 15 eb e6 7c 00 48 8b ce 4c 8b f0 e8 30 47
0x00007ffb5774cd9e:   26 00 49 8b ce 48 85 c0 0f 85 ce 00 00 00 49 8b
0x00007ffb5774cdae:   ad 18 03 00 00 48 8b 35 be 0b 7f 00 48 8b 45 10
0x00007ffb5774cdbe:   48 89 44 24 38 48 8b 45 18 48 89 44 24 48 48 8b
0x00007ffb5774cdce:   45 20 48 89 44 24 50 48 8b 45 28 48 89 44 24 40
0x00007ffb5774cdde:   49 8b 06 ff 90 08 01 00 00 80 7c 24 30 00 4c 8d
0x00007ffb5774cdee:   05 1d 52 4a 00 4c 8b c8 4c 89 64 24 28 48 8d 05
0x00007ffb5774cdfe:   d6 54 4a 00 4c 89 7c 24 20 4c 0f 45 c0 48 8d 15
0x00007ffb5774ce0e:   16 5d 59 00 48 8d 4c 24 70 e8 74 d9 db ff 4c 8b
0x00007ffb5774ce1e:   ce 48 8d 15 62 5c 59 00 49 8b cd 4c 8b 00 4c 89
0x00007ffb5774ce2e:   44 24 20 41 b8 3f 04 00 00 e8 94 61 eb ff 48 8b
0x00007ffb5774ce3e:   74 24 38 48 83 3e 00 74 15 48 8b 54 24 40 48 8b
0x00007ffb5774ce4e:   cd e8 8c 83 c7 ff 48 8b ce e8 64 83 c7 ff 48 8b
0x00007ffb5774ce5e:   44 24 48 48 39 45 18 74 26 48 89 45 18 48 8b 44
0x00007ffb5774ce6e:   24 50 48 89 45 20 48 89 75 10 eb 13 49 8b 06 49 


Stack slot to memory mapping:

stack at sp + 0 slots: 0x000002b69a49aca0 is pointing into metadata
stack at sp + 1 slots: 0x0 is null
stack at sp + 2 slots: 0x0000000000000017 is an unknown value
stack at sp + 3 slots: 0x000002b6f0c68370 is a thread
stack at sp + 4 slots: 0x00000000000003d8 is an unknown value
stack at sp + 5 slots: 0x00000000020800da is an unknown value
stack at sp + 6 slots: 0x000002b6f0c68900 points into unknown readable memory: 0x0000000000000000 | 00 00 00 00 00 00 00 00
stack at sp + 7 slots: 0x00007ffb57d40370 jvm.dll


---------------  P R O C E S S  ---------------

Threads class SMR info:
_java_thread_list=0x000002b6df743b30, length=11, elements={
0x000002b6f0c68370, 0x000002b6990ca910, 0x000002b6990cb830, 0x000002b6990d0880,
0x000002b6990d1560, 0x000002b6990d2780, 0x000002b6990db780, 0x000002b6990ea6e0,
0x000002b6990ecda0, 0x000002b6996ddb70, 0x000002b6996def20
}

Java Threads: ( => current thread )
=>0x000002b6f0c68370 JavaThread "main"                              [_thread_in_vm, id=21728, stack(0x000000e4f6300000,0x000000e4f6400000) (1024K)]
  0x000002b6990ca910 JavaThread "Reference Handler"          daemon [_thread_blocked, id=23060, stack(0x000000e4f6b00000,0x000000e4f6c00000) (1024K)]
  0x000002b6990cb830 JavaThread "Finalizer"                  daemon [_thread_blocked, id=20484, stack(0x000000e4f6c00000,0x000000e4f6d00000) (1024K)]
  0x000002b6990d0880 JavaThread "Signal Dispatcher"          daemon [_thread_blocked, id=15528, stack(0x000000e4f6d00000,0x000000e4f6e00000) (1024K)]
  0x000002b6990d1560 JavaThread "Attach Listener"            daemon [_thread_blocked, id=23408, stack(0x000000e4f6e00000,0x000000e4f6f00000) (1024K)]
  0x000002b6990d2780 JavaThread "Service Thread"             daemon [_thread_blocked, id=16372, stack(0x000000e4f6f00000,0x000000e4f7000000) (1024K)]
  0x000002b6990db780 JavaThread "Monitor Deflation Thread"   daemon [_thread_blocked, id=20840, stack(0x000000e4f7000000,0x000000e4f7100000) (1024K)]
  0x000002b6990ea6e0 JavaThread "C2 CompilerThread0"         daemon [_thread_blocked, id=21032, stack(0x000000e4f7100000,0x000000e4f7200000) (1024K)]
  0x000002b6990ecda0 JavaThread "C1 CompilerThread0"         daemon [_thread_blocked, id=19620, stack(0x000000e4f7200000,0x000000e4f7300000) (1024K)]
  0x000002b6996ddb70 JavaThread "Notification Thread"        daemon [_thread_blocked, id=24232, stack(0x000000e4f7300000,0x000000e4f7400000) (1024K)]
  0x000002b6996def20 JavaThread "Common-Cleaner"             daemon [_thread_blocked, id=13256, stack(0x000000e4f7400000,0x000000e4f7500000) (1024K)]
Total: 11

Other Threads:
  0x000002b6990a8660 VMThread "VM Thread"                           [id=3020, stack(0x000000e4f6a00000,0x000000e4f6b00000) (1024K)]
  0x000002b699091ff0 WatcherThread "VM Periodic Task Thread"        [id=7032, stack(0x000000e4f6900000,0x000000e4f6a00000) (1024K)]
  0x000002b6f2f74050 WorkerThread "GC Thread#0"                     [id=17604, stack(0x000000e4f6400000,0x000000e4f6500000) (1024K)]
  0x000002b6f2f7eff0 ConcurrentGCThread "G1 Main Marker"            [id=23424, stack(0x000000e4f6500000,0x000000e4f6600000) (1024K)]
  0x000002b6f2f7fa00 WorkerThread "G1 Conc#0"                       [id=13188, stack(0x000000e4f6600000,0x000000e4f6700000) (1024K)]
  0x000002b698f66440 ConcurrentGCThread "G1 Refine#0"               [id=6860, stack(0x000000e4f6700000,0x000000e4f6800000) (1024K)]
  0x000002b698f66ec0 ConcurrentGCThread "G1 Service"                [id=18224, stack(0x000000e4f6800000,0x000000e4f6900000) (1024K)]
Total: 7

Threads with active compile tasks:
Total: 0

VM state: not at safepoint (normal execution)

VM Mutex/Monitor currently owned by a thread: None

Heap address: 0x0000000584000000, size: 10176 MB, Compressed Oops mode: Zero based, Oop shift amount: 3

CDS archive(s) mapped at: [0x000002b69a000000-0x000002b69ac90000-0x000002b69ac90000), size 13172736, SharedBaseAddress: 0x000002b69a000000, ArchiveRelocationMode: 1.
Compressed class space mapped at: 0x000002b69b000000-0x000002b6db000000, reserved size: 1073741824
Narrow klass base: 0x000002b69a000000, Narrow klass shift: 0, Narrow klass range: 0x100000000

GC Precious Log:
 CardTable entry size: 512
 Card Set container configuration: InlinePtr #cards 4 size 8 Array Of Cards #cards 64 size 144 Howl #buckets 8 coarsen threshold 14745 Howl Bitmap #cards 2048 size 272 coarsen threshold 1843 Card regions per heap region 1 cards per card region 16384
 CPUs: 6 total, 6 available
 Memory: 40698M
 Large Page Support: Disabled
 NUMA Support: Disabled
 Compressed Oops: Enabled (Zero based)
 Heap Region Size: 8M
 Heap Min Capacity: 8M
 Heap Initial Capacity: 640M
 Heap Max Capacity: 10176M
 Pre-touch: Disabled
 Parallel Workers: 6
 Concurrent Workers: 2
 Concurrent Refinement Workers: 6
 Periodic GC: Disabled

Heap:
 garbage-first heap   total 655360K, used 8192K [0x0000000584000000, 0x0000000800000000)
  region size 8192K, 2 young (16384K), 0 survivors (0K)
 Metaspace       used 3520K, committed 3712K, reserved 1114112K
  class space    used 221K, committed 256K, reserved 1048576K

Heap Regions: E=young(eden), S=young(survivor), O=old, HS=humongous(starts), HC=humongous(continues), CS=collection set, F=free, TAMS=top-at-mark-start, PB=parsable bottom
|   0|0x0000000584000000, 0x0000000584000000, 0x0000000584800000|  0%| F|  |TAMS 0x0000000584000000| PB 0x0000000584000000| Untracked 
|   1|0x0000000584800000, 0x0000000584800000, 0x0000000585000000|  0%| F|  |TAMS 0x0000000584800000| PB 0x0000000584800000| Untracked 
|   2|0x0000000585000000, 0x0000000585000000, 0x0000000585800000|  0%| F|  |TAMS 0x0000000585000000| PB 0x0000000585000000| Untracked 
|   3|0x0000000585800000, 0x0000000585800000, 0x0000000586000000|  0%| F|  |TAMS 0x0000000585800000| PB 0x0000000585800000| Untracked 
|   4|0x0000000586000000, 0x0000000586000000, 0x0000000586800000|  0%| F|  |TAMS 0x0000000586000000| PB 0x0000000586000000| Untracked 
|   5|0x0000000586800000, 0x0000000586800000, 0x0000000587000000|  0%| F|  |TAMS 0x0000000586800000| PB 0x0000000586800000| Untracked 
|   6|0x0000000587000000, 0x0000000587000000, 0x0000000587800000|  0%| F|  |TAMS 0x0000000587000000| PB 0x0000000587000000| Untracked 
|   7|0x0000000587800000, 0x0000000587800000, 0x0000000588000000|  0%| F|  |TAMS 0x0000000587800000| PB 0x0000000587800000| Untracked 
|   8|0x0000000588000000, 0x0000000588000000, 0x0000000588800000|  0%| F|  |TAMS 0x0000000588000000| PB 0x0000000588000000| Untracked 
|   9|0x0000000588800000, 0x0000000588800000, 0x0000000589000000|  0%| F|  |TAMS 0x0000000588800000| PB 0x0000000588800000| Untracked 
|  10|0x0000000589000000, 0x0000000589000000, 0x0000000589800000|  0%| F|  |TAMS 0x0000000589000000| PB 0x0000000589000000| Untracked 
|  11|0x0000000589800000, 0x0000000589800000, 0x000000058a000000|  0%| F|  |TAMS 0x0000000589800000| PB 0x0000000589800000| Untracked 
|  12|0x000000058a000000, 0x000000058a000000, 0x000000058a800000|  0%| F|  |TAMS 0x000000058a000000| PB 0x000000058a000000| Untracked 
|  13|0x000000058a800000, 0x000000058a800000, 0x000000058b000000|  0%| F|  |TAMS 0x000000058a800000| PB 0x000000058a800000| Untracked 
|  14|0x000000058b000000, 0x000000058b000000, 0x000000058b800000|  0%| F|  |TAMS 0x000000058b000000| PB 0x000000058b000000| Untracked 
|  15|0x000000058b800000, 0x000000058b800000, 0x000000058c000000|  0%| F|  |TAMS 0x000000058b800000| PB 0x000000058b800000| Untracked 
|  16|0x000000058c000000, 0x000000058c000000, 0x000000058c800000|  0%| F|  |TAMS 0x000000058c000000| PB 0x000000058c000000| Untracked 
|  17|0x000000058c800000, 0x000000058c800000, 0x000000058d000000|  0%| F|  |TAMS 0x000000058c800000| PB 0x000000058c800000| Untracked 
|  18|0x000000058d000000, 0x000000058d000000, 0x000000058d800000|  0%| F|  |TAMS 0x000000058d000000| PB 0x000000058d000000| Untracked 
|  19|0x000000058d800000, 0x000000058d800000, 0x000000058e000000|  0%| F|  |TAMS 0x000000058d800000| PB 0x000000058d800000| Untracked 
|  20|0x000000058e000000, 0x000000058e000000, 0x000000058e800000|  0%| F|  |TAMS 0x000000058e000000| PB 0x000000058e000000| Untracked 
|  21|0x000000058e800000, 0x000000058e800000, 0x000000058f000000|  0%| F|  |TAMS 0x000000058e800000| PB 0x000000058e800000| Untracked 
|  22|0x000000058f000000, 0x000000058f000000, 0x000000058f800000|  0%| F|  |TAMS 0x000000058f000000| PB 0x000000058f000000| Untracked 
|  23|0x000000058f800000, 0x000000058f800000, 0x0000000590000000|  0%| F|  |TAMS 0x000000058f800000| PB 0x000000058f800000| Untracked 
|  24|0x0000000590000000, 0x0000000590000000, 0x0000000590800000|  0%| F|  |TAMS 0x0000000590000000| PB 0x0000000590000000| Untracked 
|  25|0x0000000590800000, 0x0000000590800000, 0x0000000591000000|  0%| F|  |TAMS 0x0000000590800000| PB 0x0000000590800000| Untracked 
|  26|0x0000000591000000, 0x0000000591000000, 0x0000000591800000|  0%| F|  |TAMS 0x0000000591000000| PB 0x0000000591000000| Untracked 
|  27|0x0000000591800000, 0x0000000591800000, 0x0000000592000000|  0%| F|  |TAMS 0x0000000591800000| PB 0x0000000591800000| Untracked 
|  28|0x0000000592000000, 0x0000000592000000, 0x0000000592800000|  0%| F|  |TAMS 0x0000000592000000| PB 0x0000000592000000| Untracked 
|  29|0x0000000592800000, 0x0000000592800000, 0x0000000593000000|  0%| F|  |TAMS 0x0000000592800000| PB 0x0000000592800000| Untracked 
|  30|0x0000000593000000, 0x0000000593000000, 0x0000000593800000|  0%| F|  |TAMS 0x0000000593000000| PB 0x0000000593000000| Untracked 
|  31|0x0000000593800000, 0x0000000593800000, 0x0000000594000000|  0%| F|  |TAMS 0x0000000593800000| PB 0x0000000593800000| Untracked 
|  32|0x0000000594000000, 0x0000000594000000, 0x0000000594800000|  0%| F|  |TAMS 0x0000000594000000| PB 0x0000000594000000| Untracked 
|  33|0x0000000594800000, 0x0000000594800000, 0x0000000595000000|  0%| F|  |TAMS 0x0000000594800000| PB 0x0000000594800000| Untracked 
|  34|0x0000000595000000, 0x0000000595000000, 0x0000000595800000|  0%| F|  |TAMS 0x0000000595000000| PB 0x0000000595000000| Untracked 
|  35|0x0000000595800000, 0x0000000595800000, 0x0000000596000000|  0%| F|  |TAMS 0x0000000595800000| PB 0x0000000595800000| Untracked 
|  36|0x0000000596000000, 0x0000000596000000, 0x0000000596800000|  0%| F|  |TAMS 0x0000000596000000| PB 0x0000000596000000| Untracked 
|  37|0x0000000596800000, 0x0000000596800000, 0x0000000597000000|  0%| F|  |TAMS 0x0000000596800000| PB 0x0000000596800000| Untracked 
|  38|0x0000000597000000, 0x0000000597000000, 0x0000000597800000|  0%| F|  |TAMS 0x0000000597000000| PB 0x0000000597000000| Untracked 
|  39|0x0000000597800000, 0x0000000597800000, 0x0000000598000000|  0%| F|  |TAMS 0x0000000597800000| PB 0x0000000597800000| Untracked 
|  40|0x0000000598000000, 0x0000000598000000, 0x0000000598800000|  0%| F|  |TAMS 0x0000000598000000| PB 0x0000000598000000| Untracked 
|  41|0x0000000598800000, 0x0000000598800000, 0x0000000599000000|  0%| F|  |TAMS 0x0000000598800000| PB 0x0000000598800000| Untracked 
|  42|0x0000000599000000, 0x0000000599000000, 0x0000000599800000|  0%| F|  |TAMS 0x0000000599000000| PB 0x0000000599000000| Untracked 
|  43|0x0000000599800000, 0x0000000599800000, 0x000000059a000000|  0%| F|  |TAMS 0x0000000599800000| PB 0x0000000599800000| Untracked 
|  44|0x000000059a000000, 0x000000059a000000, 0x000000059a800000|  0%| F|  |TAMS 0x000000059a000000| PB 0x000000059a000000| Untracked 
|  45|0x000000059a800000, 0x000000059a800000, 0x000000059b000000|  0%| F|  |TAMS 0x000000059a800000| PB 0x000000059a800000| Untracked 
|  46|0x000000059b000000, 0x000000059b000000, 0x000000059b800000|  0%| F|  |TAMS 0x000000059b000000| PB 0x000000059b000000| Untracked 
|  47|0x000000059b800000, 0x000000059b800000, 0x000000059c000000|  0%| F|  |TAMS 0x000000059b800000| PB 0x000000059b800000| Untracked 
|  48|0x000000059c000000, 0x000000059c000000, 0x000000059c800000|  0%| F|  |TAMS 0x000000059c000000| PB 0x000000059c000000| Untracked 
|  49|0x000000059c800000, 0x000000059c800000, 0x000000059d000000|  0%| F|  |TAMS 0x000000059c800000| PB 0x000000059c800000| Untracked 
|  50|0x000000059d000000, 0x000000059d000000, 0x000000059d800000|  0%| F|  |TAMS 0x000000059d000000| PB 0x000000059d000000| Untracked 
|  51|0x000000059d800000, 0x000000059d800000, 0x000000059e000000|  0%| F|  |TAMS 0x000000059d800000| PB 0x000000059d800000| Untracked 
|  52|0x000000059e000000, 0x000000059e000000, 0x000000059e800000|  0%| F|  |TAMS 0x000000059e000000| PB 0x000000059e000000| Untracked 
|  53|0x000000059e800000, 0x000000059e800000, 0x000000059f000000|  0%| F|  |TAMS 0x000000059e800000| PB 0x000000059e800000| Untracked 
|  54|0x000000059f000000, 0x000000059f000000, 0x000000059f800000|  0%| F|  |TAMS 0x000000059f000000| PB 0x000000059f000000| Untracked 
|  55|0x000000059f800000, 0x000000059f800000, 0x00000005a0000000|  0%| F|  |TAMS 0x000000059f800000| PB 0x000000059f800000| Untracked 
|  56|0x00000005a0000000, 0x00000005a0000000, 0x00000005a0800000|  0%| F|  |TAMS 0x00000005a0000000| PB 0x00000005a0000000| Untracked 
|  57|0x00000005a0800000, 0x00000005a0800000, 0x00000005a1000000|  0%| F|  |TAMS 0x00000005a0800000| PB 0x00000005a0800000| Untracked 
|  58|0x00000005a1000000, 0x00000005a1000000, 0x00000005a1800000|  0%| F|  |TAMS 0x00000005a1000000| PB 0x00000005a1000000| Untracked 
|  59|0x00000005a1800000, 0x00000005a1800000, 0x00000005a2000000|  0%| F|  |TAMS 0x00000005a1800000| PB 0x00000005a1800000| Untracked 
|  60|0x00000005a2000000, 0x00000005a2000000, 0x00000005a2800000|  0%| F|  |TAMS 0x00000005a2000000| PB 0x00000005a2000000| Untracked 
|  61|0x00000005a2800000, 0x00000005a2800000, 0x00000005a3000000|  0%| F|  |TAMS 0x00000005a2800000| PB 0x00000005a2800000| Untracked 
|  62|0x00000005a3000000, 0x00000005a3000000, 0x00000005a3800000|  0%| F|  |TAMS 0x00000005a3000000| PB 0x00000005a3000000| Untracked 
|  63|0x00000005a3800000, 0x00000005a3800000, 0x00000005a4000000|  0%| F|  |TAMS 0x00000005a3800000| PB 0x00000005a3800000| Untracked 
|  64|0x00000005a4000000, 0x00000005a4000000, 0x00000005a4800000|  0%| F|  |TAMS 0x00000005a4000000| PB 0x00000005a4000000| Untracked 
|  65|0x00000005a4800000, 0x00000005a4800000, 0x00000005a5000000|  0%| F|  |TAMS 0x00000005a4800000| PB 0x00000005a4800000| Untracked 
|  66|0x00000005a5000000, 0x00000005a5000000, 0x00000005a5800000|  0%| F|  |TAMS 0x00000005a5000000| PB 0x00000005a5000000| Untracked 
|  67|0x00000005a5800000, 0x00000005a5800000, 0x00000005a6000000|  0%| F|  |TAMS 0x00000005a5800000| PB 0x00000005a5800000| Untracked 
|  68|0x00000005a6000000, 0x00000005a6000000, 0x00000005a6800000|  0%| F|  |TAMS 0x00000005a6000000| PB 0x00000005a6000000| Untracked 
|  69|0x00000005a6800000, 0x00000005a6800000, 0x00000005a7000000|  0%| F|  |TAMS 0x00000005a6800000| PB 0x00000005a6800000| Untracked 
|  70|0x00000005a7000000, 0x00000005a7000000, 0x00000005a7800000|  0%| F|  |TAMS 0x00000005a7000000| PB 0x00000005a7000000| Untracked 
|  71|0x00000005a7800000, 0x00000005a7800000, 0x00000005a8000000|  0%| F|  |TAMS 0x00000005a7800000| PB 0x00000005a7800000| Untracked 
|  72|0x00000005a8000000, 0x00000005a8000000, 0x00000005a8800000|  0%| F|  |TAMS 0x00000005a8000000| PB 0x00000005a8000000| Untracked 
|  73|0x00000005a8800000, 0x00000005a8800000, 0x00000005a9000000|  0%| F|  |TAMS 0x00000005a8800000| PB 0x00000005a8800000| Untracked 
|  74|0x00000005a9000000, 0x00000005a9000000, 0x00000005a9800000|  0%| F|  |TAMS 0x00000005a9000000| PB 0x00000005a9000000| Untracked 
|  75|0x00000005a9800000, 0x00000005a9800000, 0x00000005aa000000|  0%| F|  |TAMS 0x00000005a9800000| PB 0x00000005a9800000| Untracked 
|  76|0x00000005aa000000, 0x00000005aa000000, 0x00000005aa800000|  0%| F|  |TAMS 0x00000005aa000000| PB 0x00000005aa000000| Untracked 
|  77|0x00000005aa800000, 0x00000005aa800000, 0x00000005ab000000|  0%| F|  |TAMS 0x00000005aa800000| PB 0x00000005aa800000| Untracked 
|  78|0x00000005ab000000, 0x00000005ab337800, 0x00000005ab800000| 40%| E|  |TAMS 0x00000005ab000000| PB 0x00000005ab000000| Complete 
|  79|0x00000005ab800000, 0x00000005ac000000, 0x00000005ac000000|100%| E|CS|TAMS 0x00000005ab800000| PB 0x00000005ab800000| Complete 

Card table byte_map: [0x000002b6fc840000,0x000002b6fdc20000] _byte_map_base: 0x000002b6f9c20000

Marking Bits: (CMBitMap*) 0x000002b6f2f74660
 Bits: [0x000002b68f000000, 0x000002b698f00000)

Polling page: 0x000002b6f0e80000

Metaspace:

Usage:
  Non-class:      3.22 MB used.
      Class:    221.35 KB used.
       Both:      3.44 MB used.

Virtual space:
  Non-class space:       64.00 MB reserved,       3.38 MB (  5%) committed,  1 nodes.
      Class space:        1.00 GB reserved,     256.00 KB ( <1%) committed,  1 nodes.
             Both:        1.06 GB reserved,       3.62 MB ( <1%) committed. 

Chunk freelists:
   Non-Class:  10.23 MB
       Class:  15.63 MB
        Both:  25.86 MB

MaxMetaspaceSize: unlimited
CompressedClassSpaceSize: 1.00 GB
Initial GC threshold: 21.00 MB
Current GC threshold: 21.00 MB
CDS: on
 - commit_granule_bytes: 65536.
 - commit_granule_words: 8192.
 - virtual_space_node_default_size: 8388608.
 - enlarge_chunks_in_place: 1.
 - use_allocation_guard: 0.


Internal statistics:

num_allocs_failed_limit: 0.
num_arena_births: 92.
num_arena_deaths: 0.
num_vsnodes_births: 2.
num_vsnodes_deaths: 0.
num_space_committed: 56.
num_space_uncommitted: 0.
num_chunks_returned_to_freelist: 0.
num_chunks_taken_from_freelist: 181.
num_chunk_merges: 0.
num_chunk_splits: 118.
num_chunks_enlarged: 76.
num_inconsistent_stats: 0.

CodeHeap 'non-profiled nmethods': size=120000Kb used=236Kb max_used=236Kb free=119763Kb
 bounds [0x000002b687ad0000, 0x000002b687d40000, 0x000002b68f000000]
CodeHeap 'profiled nmethods': size=120000Kb used=1146Kb max_used=1146Kb free=118853Kb
 bounds [0x000002b680000000, 0x000002b680270000, 0x000002b687530000]
CodeHeap 'non-nmethods': size=5760Kb used=2595Kb max_used=2608Kb free=3165Kb
 bounds [0x000002b687530000, 0x000002b6877c0000, 0x000002b687ad0000]
 total_blobs=1942 nmethods=754 adapters=1093
 compilation: enabled
              stopped_count=0, restarted_count=0
 full_count=0

Compilation events (20 events):
Event: 0.496 Thread 0x000002b6990ecda0 nmethod 741 0x000002b687b0a790 code [0x000002b687b0a920, 0x000002b687b0a9e8]
Event: 0.497 Thread 0x000002b6990ea6e0 nmethod 742 0x000002b687b0aa90 code [0x000002b687b0ac20, 0x000002b687b0ad00]
Event: 0.499 Thread 0x000002b6990ecda0  743       3       java.util.jar.JarFile::maybeInstantiateVerifier (42 bytes)
Event: 0.499 Thread 0x000002b6990ecda0 nmethod 743 0x000002b680116f10 code [0x000002b6801170e0, 0x000002b680117470]
Event: 0.499 Thread 0x000002b6990ecda0  744       3       java.lang.Math::max (12 bytes)
Event: 0.499 Thread 0x000002b6990ecda0 nmethod 744 0x000002b680117590 code [0x000002b680117720, 0x000002b680117858]
Event: 0.502 Thread 0x000002b6990ecda0  745       3       jdk.internal.jimage.BasicImageReader::verifyLocation (39 bytes)
Event: 0.503 Thread 0x000002b6990ecda0 nmethod 745 0x000002b680117910 code [0x000002b680117ae0, 0x000002b680117dd0]
Event: 0.504 Thread 0x000002b6990ecda0  746       3       java.lang.String::indexOf (18 bytes)
Event: 0.504 Thread 0x000002b6990ecda0 nmethod 746 0x000002b680117f10 code [0x000002b6801180e0, 0x000002b6801183b0]
Event: 0.504 Thread 0x000002b6990ecda0  747       3       java.lang.String::indexOf (101 bytes)
Event: 0.505 Thread 0x000002b6990ecda0 nmethod 747 0x000002b680118510 code [0x000002b680118740, 0x000002b680118cf8]
Event: 0.506 Thread 0x000002b6990ecda0  748       3       java.lang.String::indexOf (64 bytes)
Event: 0.507 Thread 0x000002b6990ecda0 nmethod 748 0x000002b680118f10 code [0x000002b680119120, 0x000002b680119600]
Event: 0.507 Thread 0x000002b6990ecda0  749       3       java.lang.StringLatin1::indexOf (25 bytes)
Event: 0.507 Thread 0x000002b6990ea6e0  754       4       java.util.zip.ZipFile::ensureOpen (40 bytes)
Event: 0.507 Thread 0x000002b6990ecda0 nmethod 749 0x000002b680119790 code [0x000002b680119960, 0x000002b680119b60]
Event: 0.507 Thread 0x000002b6990ecda0  750       3       java.lang.StringConcatHelper::initialCoder (14 bytes)
Event: 0.507 Thread 0x000002b6990ecda0 nmethod 750 0x000002b680119c90 code [0x000002b680119e20, 0x000002b680119f38]
Event: 0.507 Thread 0x000002b6990ecda0  751       3       java.lang.StringConcatHelper::newString (67 bytes)

GC Heap History (0 events):
No events

Dll operation events (9 events):
Event: 0.005 Loaded shared library C:\Program Files\Java\jdk-21\bin\java.dll
Event: 0.029 Loaded shared library C:\Program Files\Java\jdk-21\bin\jsvml.dll
Event: 0.067 Loaded shared library C:\Program Files\Java\jdk-21\bin\net.dll
Event: 0.068 Loaded shared library C:\Program Files\Java\jdk-21\bin\nio.dll
Event: 0.071 Loaded shared library C:\Program Files\Java\jdk-21\bin\zip.dll
Event: 0.121 Loaded shared library C:\Program Files\Java\jdk-21\bin\jimage.dll
Event: 0.136 Loaded shared library C:\Users\emanu\AppData\Local\Temp\lwjgl_emanu\3.3.3+5\x64\lwjgl.dll
Event: 0.327 Loaded shared library C:\Users\emanu\AppData\Local\Temp\lwjgl_emanu\3.3.3+5\x64\lwjgl_opengl.dll
Event: 0.504 Loaded shared library D:\Programmazione\Java\JetEngine\libs\imgui-java64.dll

Deoptimization events (16 events):
Event: 0.059 Thread 0x000002b6f0c68370 Uncommon trap: trap_request=0xffffff45 fr.pc=0x000002b687ad16e4 relative=0x00000000000000c4
Event: 0.059 Thread 0x000002b6f0c68370 Uncommon trap: reason=unstable_if action=reinterpret pc=0x000002b687ad16e4 method=java.lang.String.isLatin1()Z @ 10 c2
Event: 0.059 Thread 0x000002b6f0c68370 DEOPT PACKING pc=0x000002b687ad16e4 sp=0x000000e4f63fee50
Event: 0.059 Thread 0x000002b6f0c68370 DEOPT UNPACKING pc=0x000002b687587da2 sp=0x000000e4f63fed90 mode 2
Event: 0.083 Thread 0x000002b6f0c68370 DEOPT PACKING pc=0x000002b68001b5f8 sp=0x000000e4f63fd9a0
Event: 0.083 Thread 0x000002b6f0c68370 DEOPT UNPACKING pc=0x000002b6875888e2 sp=0x000000e4f63fcdc0 mode 0
Event: 0.085 Thread 0x000002b6f0c68370 DEOPT PACKING pc=0x000002b680008bd8 sp=0x000000e4f63fd580
Event: 0.085 Thread 0x000002b6f0c68370 DEOPT UNPACKING pc=0x000002b6875888e2 sp=0x000000e4f63fc9e8 mode 0
Event: 0.130 Thread 0x000002b6f0c68370 Uncommon trap: trap_request=0xffffff45 fr.pc=0x000002b687ad8290 relative=0x0000000000000070
Event: 0.130 Thread 0x000002b6f0c68370 Uncommon trap: reason=unstable_if action=reinterpret pc=0x000002b687ad8290 method=java.io.WinNTFileSystem.isSlash(C)Z @ 9 c2
Event: 0.130 Thread 0x000002b6f0c68370 DEOPT PACKING pc=0x000002b687ad8290 sp=0x000000e4f63fb700
Event: 0.130 Thread 0x000002b6f0c68370 DEOPT UNPACKING pc=0x000002b687587da2 sp=0x000000e4f63fb688 mode 2
Event: 0.333 Thread 0x000002b6f0c68370 Uncommon trap: trap_request=0xffffff54 fr.pc=0x000002b687b07b10 relative=0x0000000000000070
Event: 0.333 Thread 0x000002b6f0c68370 Uncommon trap: reason=speculate_null_assert action=make_not_entrant pc=0x000002b687b07b10 method=sun.misc.Unsafe.putLong(Ljava/lang/Object;JJ)V @ 7 c2
Event: 0.333 Thread 0x000002b6f0c68370 DEOPT PACKING pc=0x000002b687b07b10 sp=0x000000e4f63fee00
Event: 0.333 Thread 0x000002b6f0c68370 DEOPT UNPACKING pc=0x000002b687587da2 sp=0x000000e4f63fed78 mode 2

Classes loaded (20 events):
Event: 0.182 Loading class sun/misc/Unsafe
Event: 0.182 Loading class sun/misc/Unsafe done
Event: 0.182 Loading class java/lang/invoke/DirectMethodHandle$StaticAccessor
Event: 0.182 Loading class java/lang/invoke/DirectMethodHandle$StaticAccessor done
Event: 0.185 Loading class java/util/function/LongPredicate
Event: 0.185 Loading class java/util/function/LongPredicate done
Event: 0.186 Loading class java/lang/foreign/MemorySegment
Event: 0.186 Loading class java/lang/foreign/MemorySegment done
Event: 0.189 Loading class java/nio/InvalidMarkException
Event: 0.189 Loading class java/nio/InvalidMarkException done
Event: 0.189 Loading class java/nio/BufferUnderflowException
Event: 0.189 Loading class java/nio/BufferUnderflowException done
Event: 0.194 Loading class java/util/Formatter$FixedString
Event: 0.194 Loading class java/util/Formatter$FixedString done
Event: 0.204 Loading class java/lang/NoSuchFieldError
Event: 0.204 Loading class java/lang/NoSuchFieldError done
Event: 0.209 Loading class jdk/internal/reflect/MethodHandleIntegerFieldAccessorImpl
Event: 0.209 Loading class jdk/internal/reflect/MethodHandleIntegerFieldAccessorImpl done
Event: 0.501 Loading class java/io/UncheckedIOException
Event: 0.501 Loading class java/io/UncheckedIOException done

Classes unloaded (0 events):
No events

Classes redefined (0 events):
No events

Internal exceptions (20 events):
Event: 0.326 Thread 0x000002b6f0c68370 Exception <a 'sun/nio/fs/WindowsException'{0x00000005ab11ee08}> (0x00000005ab11ee08) 
thrown [s\open\src\hotspot\share\prims\jni.cpp, line 520]
Event: 0.331 Thread 0x000002b6f0c68370 Exception <a 'sun/nio/fs/WindowsException'{0x00000005ab127ed0}> (0x00000005ab127ed0) 
thrown [s\open\src\hotspot\share\prims\jni.cpp, line 520]
Event: 0.331 Thread 0x000002b6f0c68370 Exception <a 'sun/nio/fs/WindowsException'{0x00000005ab1281a0}> (0x00000005ab1281a0) 
thrown [s\open\src\hotspot\share\prims\jni.cpp, line 520]
Event: 0.505 Thread 0x000002b6f0c68370 Exception <a 'java/lang/NoClassDefFoundError'{0x00000005ab2860e8}: imgui/assertion/ImAssertCallback> (0x00000005ab2860e8) 
thrown [s\open\src\hotspot\share\classfile\systemDictionary.cpp, line 301]
Event: 0.505 Thread 0x000002b6f0c68370 Exception <a 'java/lang/NoSuchMethodError'{0x00000005ab2863f0}: imAssert> (0x00000005ab2863f0) 
thrown [s\open\src\hotspot\share\prims\jni.cpp, line 1077]
Event: 0.506 Thread 0x000002b6f0c68370 Exception <a 'java/lang/NoClassDefFoundError'{0x00000005ab28bc58}: imgui/callback/ImPlatformFuncViewport> (0x00000005ab28bc58) 
thrown [s\open\src\hotspot\share\classfile\systemDictionary.cpp, line 301]
Event: 0.506 Thread 0x000002b6f0c68370 Exception <a 'java/lang/NoSuchMethodError'{0x00000005ab28bf60}: accept> (0x00000005ab28bf60) 
thrown [s\open\src\hotspot\share\prims\jni.cpp, line 1077]
Event: 0.506 Thread 0x000002b6f0c68370 Exception <a 'java/lang/NoClassDefFoundError'{0x00000005ab28f6a8}: imgui/callback/ImPlatformFuncViewportFloat> (0x00000005ab28f6a8) 
thrown [s\open\src\hotspot\share\classfile\systemDictionary.cpp, line 301]
Event: 0.506 Thread 0x000002b6f0c68370 Exception <a 'java/lang/NoSuchMethodError'{0x00000005ab28f9b0}: accept> (0x00000005ab28f9b0) 
thrown [s\open\src\hotspot\share\prims\jni.cpp, line 1077]
Event: 0.506 Thread 0x000002b6f0c68370 Exception <a 'java/lang/NoClassDefFoundError'{0x00000005ab292558}: imgui/callback/ImPlatformFuncViewportImVec2> (0x00000005ab292558) 
thrown [s\open\src\hotspot\share\classfile\systemDictionary.cpp, line 301]
Event: 0.506 Thread 0x000002b6f0c68370 Exception <a 'java/lang/NoSuchMethodError'{0x00000005ab292860}: accept> (0x00000005ab292860) 
thrown [s\open\src\hotspot\share\prims\jni.cpp, line 1077]
Event: 0.506 Thread 0x000002b6f0c68370 Exception <a 'java/lang/NoClassDefFoundError'{0x00000005ab295690}: imgui/callback/ImPlatformFuncViewportString> (0x00000005ab295690) 
thrown [s\open\src\hotspot\share\classfile\systemDictionary.cpp, line 301]
Event: 0.506 Thread 0x000002b6f0c68370 Exception <a 'java/lang/NoSuchMethodError'{0x00000005ab295998}: accept> (0x00000005ab295998) 
thrown [s\open\src\hotspot\share\prims\jni.cpp, line 1077]
Event: 0.506 Thread 0x000002b6f0c68370 Exception <a 'java/lang/NoClassDefFoundError'{0x00000005ab2986f8}: imgui/callback/ImPlatformFuncViewportSuppImVec2> (0x00000005ab2986f8) 
thrown [s\open\src\hotspot\share\classfile\systemDictionary.cpp, line 301]
Event: 0.506 Thread 0x000002b6f0c68370 Exception <a 'java/lang/NoSuchMethodError'{0x00000005ab298a00}: get> (0x00000005ab298a00) 
thrown [s\open\src\hotspot\share\prims\jni.cpp, line 1077]
Event: 0.507 Thread 0x000002b6f0c68370 Exception <a 'java/lang/NoClassDefFoundError'{0x00000005ab29b818}: imgui/callback/ImPlatformFuncViewportSuppBoolean> (0x00000005ab29b818) 
thrown [s\open\src\hotspot\share\classfile\systemDictionary.cpp, line 301]
Event: 0.507 Thread 0x000002b6f0c68370 Exception <a 'java/lang/NoSuchMethodError'{0x00000005ab29bb20}: get> (0x00000005ab29bb20) 
thrown [s\open\src\hotspot\share\prims\jni.cpp, line 1077]
Event: 0.507 Thread 0x000002b6f0c68370 Exception <a 'java/lang/NoClassDefFoundError'{0x00000005ab29e6f0}: imgui/callback/ImPlatformFuncViewportSuppFloat> (0x00000005ab29e6f0) 
thrown [s\open\src\hotspot\share\classfile\systemDictionary.cpp, line 301]
Event: 0.507 Thread 0x000002b6f0c68370 Exception <a 'java/lang/NoSuchMethodError'{0x00000005ab29e9f8}: get> (0x00000005ab29e9f8) 
thrown [s\open\src\hotspot\share\prims\jni.cpp, line 1077]
Event: 0.507 Thread 0x000002b6f0c68370 Exception <a 'java/lang/NoClassDefFoundError'{0x00000005ab2a1b78}: imgui/extension/imguifiledialog/callback/ImGuiFileDialogPaneFun> (0x00000005ab2a1b78) 
thrown [s\open\src\hotspot\share\classfile\systemDictionary.cpp, line 301]

ZGC Phase Switch (0 events):
No events

VM Operations (4 events):
Event: 0.076 Executing VM operation: HandshakeAllThreads (Deoptimize)
Event: 0.076 Executing VM operation: HandshakeAllThreads (Deoptimize) done
Event: 0.129 Executing VM operation: HandshakeAllThreads (Deoptimize)
Event: 0.129 Executing VM operation: HandshakeAllThreads (Deoptimize) done

Events (13 events):
Event: 0.017 Thread 0x000002b6f0c68370 Thread added: 0x000002b6f0c68370
Event: 0.027 Thread 0x000002b6990ca910 Thread added: 0x000002b6990ca910
Event: 0.027 Thread 0x000002b6990cb830 Thread added: 0x000002b6990cb830
Event: 0.027 Thread 0x000002b6990d0880 Thread added: 0x000002b6990d0880
Event: 0.027 Thread 0x000002b6990d1560 Thread added: 0x000002b6990d1560
Event: 0.027 Thread 0x000002b6990d2780 Thread added: 0x000002b6990d2780
Event: 0.027 Thread 0x000002b6990db780 Thread added: 0x000002b6990db780
Event: 0.027 Thread 0x000002b6990ea6e0 Thread added: 0x000002b6990ea6e0
Event: 0.027 Thread 0x000002b6990ecda0 Thread added: 0x000002b6990ecda0
Event: 0.058 Thread 0x000002b6996ddb70 Thread added: 0x000002b6996ddb70
Event: 0.060 Thread 0x000002b6996def20 Thread added: 0x000002b6996def20
Event: 0.148 Thread 0x000002b6df206cc0 Thread added: 0x000002b6df206cc0
Event: 0.296 Thread 0x000002b6df206cc0 Thread exited: 0x000002b6df206cc0


Dynamic libraries:
0x00007ff74af20000 - 0x00007ff74af30000 	C:\Program Files\Java\jdk-21\bin\java.exe
0x00007ffc5a230000 - 0x00007ffc5a447000 	C:\Windows\SYSTEM32\ntdll.dll
0x00007ffc587d0000 - 0x00007ffc58894000 	C:\Windows\System32\KERNEL32.DLL
0x00007ffc57840000 - 0x00007ffc57bed000 	C:\Windows\System32\KERNELBASE.dll
0x00007ffc57610000 - 0x00007ffc57721000 	C:\Windows\System32\ucrtbase.dll
0x00007ffc3ad20000 - 0x00007ffc3ad39000 	C:\Program Files\Java\jdk-21\bin\jli.dll
0x00007ffc39d90000 - 0x00007ffc39dab000 	C:\Program Files\Java\jdk-21\bin\VCRUNTIME140.dll
0x00007ffc588a0000 - 0x00007ffc58952000 	C:\Windows\System32\ADVAPI32.dll
0x00007ffc59130000 - 0x00007ffc591d7000 	C:\Windows\System32\msvcrt.dll
0x00007ffc58960000 - 0x00007ffc58a09000 	C:\Windows\System32\sechost.dll
0x00007ffc57bf0000 - 0x00007ffc57c18000 	C:\Windows\System32\bcrypt.dll
0x00007ffc59010000 - 0x00007ffc59124000 	C:\Windows\System32\RPCRT4.dll
0x00007ffc58e50000 - 0x00007ffc58ffe000 	C:\Windows\System32\USER32.dll
0x00007ffc57dc0000 - 0x00007ffc57de6000 	C:\Windows\System32\win32u.dll
0x00007ffc43a70000 - 0x00007ffc43d03000 	C:\Windows\WinSxS\amd64_microsoft.windows.common-controls_6595b64144ccf1df_6.0.22621.3672_none_2713b9d173822955\COMCTL32.dll
0x00007ffc585e0000 - 0x00007ffc58609000 	C:\Windows\System32\GDI32.dll
0x00007ffc57ca0000 - 0x00007ffc57db9000 	C:\Windows\System32\gdi32full.dll
0x00007ffc57730000 - 0x00007ffc577ca000 	C:\Windows\System32\msvcp_win.dll
0x00007ffc4a890000 - 0x00007ffc4a89a000 	C:\Windows\SYSTEM32\VERSION.dll
0x00007ffc5a1b0000 - 0x00007ffc5a1e1000 	C:\Windows\System32\IMM32.DLL
0x00007ffc4daa0000 - 0x00007ffc4daac000 	C:\Program Files\Java\jdk-21\bin\vcruntime140_1.dll
0x00007ffc02830000 - 0x00007ffc028be000 	C:\Program Files\Java\jdk-21\bin\msvcp140.dll
0x00007ffb57300000 - 0x00007ffb5800d000 	C:\Program Files\Java\jdk-21\bin\server\jvm.dll
0x00007ffc58320000 - 0x00007ffc58391000 	C:\Windows\System32\WS2_32.dll
0x00007ffc563c0000 - 0x00007ffc5640d000 	C:\Windows\SYSTEM32\POWRPROF.dll
0x00007ffc4d240000 - 0x00007ffc4d274000 	C:\Windows\SYSTEM32\WINMM.dll
0x00007ffc563a0000 - 0x00007ffc563b3000 	C:\Windows\SYSTEM32\UMPDC.dll
0x00007ffc56650000 - 0x00007ffc56668000 	C:\Windows\SYSTEM32\kernel.appcore.dll
0x00007ffc4aa90000 - 0x00007ffc4aa9a000 	C:\Program Files\Java\jdk-21\bin\jimage.dll
0x00007ffc54e50000 - 0x00007ffc55082000 	C:\Windows\SYSTEM32\DBGHELP.DLL
0x00007ffc58ab0000 - 0x00007ffc58e3e000 	C:\Windows\System32\combase.dll
0x00007ffc58230000 - 0x00007ffc58307000 	C:\Windows\System32\OLEAUT32.dll
0x00007ffc39cb0000 - 0x00007ffc39ce2000 	C:\Windows\SYSTEM32\dbgcore.DLL
0x00007ffc57c20000 - 0x00007ffc57c9b000 	C:\Windows\System32\bcryptPrimitives.dll
0x00007ffc352c0000 - 0x00007ffc352df000 	C:\Program Files\Java\jdk-21\bin\java.dll
0x00007ffc59940000 - 0x00007ffc5a1a7000 	C:\Windows\System32\SHELL32.dll
0x00007ffc55490000 - 0x00007ffc55d8f000 	C:\Windows\SYSTEM32\windows.storage.dll
0x00007ffc55350000 - 0x00007ffc5548f000 	C:\Windows\SYSTEM32\wintypes.dll
0x00007ffc58080000 - 0x00007ffc58179000 	C:\Windows\System32\SHCORE.dll
0x00007ffc59390000 - 0x00007ffc593ee000 	C:\Windows\System32\shlwapi.dll
0x00007ffc57480000 - 0x00007ffc574a7000 	C:\Windows\SYSTEM32\profapi.dll
0x00007ffbead20000 - 0x00007ffbeadf7000 	C:\Program Files\Java\jdk-21\bin\jsvml.dll
0x00007ffc3ad10000 - 0x00007ffc3ad20000 	C:\Program Files\Java\jdk-21\bin\net.dll
0x00007ffc50780000 - 0x00007ffc508b6000 	C:\Windows\SYSTEM32\WINHTTP.dll
0x00007ffc56ab0000 - 0x00007ffc56b19000 	C:\Windows\system32\mswsock.dll
0x00007ffc33360000 - 0x00007ffc33376000 	C:\Program Files\Java\jdk-21\bin\nio.dll
0x00007ffc323e0000 - 0x00007ffc323f8000 	C:\Program Files\Java\jdk-21\bin\zip.dll
0x00007ffc027b0000 - 0x00007ffc0282b000 	C:\Users\emanu\AppData\Local\Temp\lwjgl_emanu\3.3.3+5\x64\lwjgl.dll
0x00007ffbeb020000 - 0x00007ffbeb0a2000 	C:\Users\emanu\AppData\Local\Temp\lwjgl_emanu\3.3.3+5\x64\glfw.dll
0x00007ffbeb540000 - 0x00007ffbeb586000 	C:\Windows\SYSTEM32\dinput8.dll
0x00007ffc2f6e0000 - 0x00007ffc2f6f1000 	C:\Windows\SYSTEM32\xinput1_4.dll
0x00007ffc57240000 - 0x00007ffc5728e000 	C:\Windows\SYSTEM32\cfgmgr32.dll
0x00007ffc57210000 - 0x00007ffc5723c000 	C:\Windows\SYSTEM32\DEVOBJ.dll
0x00007ffc51ec0000 - 0x00007ffc51eeb000 	C:\Windows\SYSTEM32\dwmapi.dll
0x00007ffc3e140000 - 0x00007ffc3e353000 	C:\Windows\SYSTEM32\inputhost.dll
0x00007ffc4fae0000 - 0x00007ffc4fc13000 	C:\Windows\SYSTEM32\CoreMessaging.dll
0x00007ffc51c40000 - 0x00007ffc51cf1000 	C:\Windows\system32\uxtheme.dll
0x00007ffc56de0000 - 0x00007ffc56dec000 	C:\Windows\SYSTEM32\CRYPTBASE.DLL
0x00007ffc58610000 - 0x00007ffc5876e000 	C:\Windows\System32\MSCTF.dll
0x00007ffc26e80000 - 0x00007ffc26f80000 	C:\Windows\SYSTEM32\opengl32.dll
0x00007ffc26e10000 - 0x00007ffc26e3d000 	C:\Windows\SYSTEM32\GLU32.dll
0x00007ffc546b0000 - 0x00007ffc546e7000 	C:\Windows\SYSTEM32\dxcore.dll
0x00007ffc4cff0000 - 0x00007ffc4d039000 	C:\Windows\SYSTEM32\directxdatabasehelper.dll
0x00007ffc59890000 - 0x00007ffc59940000 	C:\Windows\System32\clbcatq.dll
0x00007ffbae910000 - 0x00007ffbafb95000 	C:\Windows\System32\DriverStore\FileRepository\iigd_dch.inf_amd64_f63934308f6cc308\igxelpicd64.dll
0x00007ffc591e0000 - 0x00007ffc59385000 	C:\Windows\System32\ole32.dll
0x00007ffc51dc0000 - 0x00007ffc51eb7000 	C:\Windows\system32\dxgi.dll
0x00007ffbe85d0000 - 0x00007ffbe8924000 	C:\Windows\System32\DriverStore\FileRepository\iigd_dch.inf_amd64_f63934308f6cc308\igdml64.dll
0x00007ffc479e0000 - 0x00007ffc47e1e000 	C:\Windows\System32\DriverStore\FileRepository\iigd_dch.inf_amd64_f63934308f6cc308\igdgmm64.dll
0x00007ffc3f680000 - 0x00007ffc436c2000 	C:\Windows\System32\DriverStore\FileRepository\iigd_dch.inf_amd64_f63934308f6cc308\igc64.dll
0x00007ffc3e400000 - 0x00007ffc3e543000 	C:\Windows\SYSTEM32\textinputframework.dll
0x00007ffc4c9e0000 - 0x00007ffc4cd4d000 	C:\Windows\SYSTEM32\CoreUIComponents.dll
0x00007ffbeacc0000 - 0x00007ffbead1e000 	C:\Users\emanu\AppData\Local\Temp\lwjgl_emanu\3.3.3+5\x64\lwjgl_opengl.dll
0x00007ffb476b0000 - 0x00007ffb485c8000 	D:\Programmazione\Java\JetEngine\libs\imgui-java64.dll

dbghelp: loaded successfully - version: 4.0.5 - missing functions: none
symbol engine: initialized successfully - sym options: 0x614 - pdb path: .;C:\Program Files\Java\jdk-21\bin;C:\Windows\SYSTEM32;C:\Windows\WinSxS\amd64_microsoft.windows.common-controls_6595b64144ccf1df_6.0.22621.3672_none_2713b9d173822955;C:\Program Files\Java\jdk-21\bin\server;C:\Users\emanu\AppData\Local\Temp\lwjgl_emanu\3.3.3+5\x64;C:\Windows\System32\DriverStore\FileRepository\iigd_dch.inf_amd64_f63934308f6cc308;D:\Programmazione\Java\JetEngine\libs

VM Arguments:
jvm_args: -Djava.library.path=D:\Programmazione\Java\JetEngine/libs -Dfile.encoding=UTF-8 -Duser.country=IT -Duser.language=it -Duser.variant 
java_command: gameengine.Main
java_class_path (initial): D:\Programmazione\Java\JetEngine\build\classes\java\main;D:\Programmazione\Java\JetEngine\build\resources\main;D:\Programmazione\Java\JetEngine\libs\imgui-binding-1.76-0.14.jar;D:\Programmazione\Java\JetEngine\libs\imgui-lwjgl3-1.76-0.14.jar;C:\Users\emanu\.gradle\caches\modules-2\files-2.1\org.controlsfx\controlsfx\11.2.1\e0f2568b8ee6e7a1639741f21b0024277ecbb7a7\controlsfx-11.2.1.jar;C:\Users\emanu\.gradle\caches\modules-2\files-2.1\com.dlsc.formsfx\formsfx-core\11.6.0\dd14a71601781f316a3d5259af549c37b4b3b311\formsfx-core-11.6.0.jar;C:\Users\emanu\.gradle\caches\modules-2\files-2.1\net.synedra\validatorfx\0.5.0\8eaa2e85f8f4370dc2ecd050c5627b064cb3ec74\validatorfx-0.5.0.jar;C:\Users\emanu\.gradle\caches\modules-2\files-2.1\org.kordamp.ikonli\ikonli-javafx\12.3.1\6df78c8f23f4509f88b8e05c32da64b7dc494356\ikonli-javafx-12.3.1.jar;C:\Users\emanu\.gradle\caches\modules-2\files-2.1\org.kordamp.bootstrapfx\bootstrapfx-core\0.4.0\8d019b30266c00770cf29921d1008ad7feed0ed6\bootstrapfx-core-0.4.0.jar;C:\Users\emanu\.gradle\caches\modules-2\files-2.1\com.github.almasb\fxgl\17.3\614d2b2607c97fe7b539dfa75036066a8010f74b\fxgl-17.3.jar;C:\Users\emanu\.gradle\caches\modules-2\files-2.1\org.lwjgl\lwjgl-opengl\3.3.3\2f6b0147078396a58979125a4c947664e98293a\lwjgl-opengl-3.3.3.jar;C:\Users\emanu\.gradle\caches\modules-2\files-2.1\org.lwjgl\lwjgl-opengl\3.3.3\e6c1eec8be8a71951b830a4d69efc01c6531900c\lwjgl-opengl-3.3.3-natives-windows.jar;C:\Users\emanu\.gradle\caches\modules-2\files-2.1\org.lwjgl\lwjgl-opengl\3.3.3\d32d833dcaa2f355a886eaf21f0408b5f03241d\lwjgl-opengl-3.3.3-natives-windows-x86.jar;C:\Users\emanu\.gradle\caches\modules-2\files-2.1\org.lwjgl\lwjgl-opengl\3.3.3\62c70a4b00ca5391882b0f4b787c1588d24f1c86\lwjgl-opengl-3.3.3-natives-linux.jar;C:\Users\emanu\.gradle\caches\modules-2\files-2.1\org.lwjgl\lwjgl-glfw\3.3.3\efa1eb78c5ccd840e9f329717109b5e892d72f8e\lwjgl-glfw-3.3.3.jar;C:\Users\emanu\.gradle\caches\modules-2\files-2.1\org.lwjgl\lwjgl-glfw\3.3.3\e449e28b4891fc423c54c85fbc5bb0b9efece67a\lwjgl-glfw-3.3.3-natives-windows.jar;C:\Users\emanu\.gradle\caches\modules-2\files-2.1\org.lwjgl\lwjgl-glfw\3.3.3\32334f3fd5270a59bad9939a93115acb6de36dcf\lwjgl-glfw-3.3.3-natives-windows-x86.jar;C:\Users\emanu\.gradle\caches\modules-2\files-2.1\org.lwjgl\lwjgl-glfw\3.3.3\a03684c5e4b1b1dbbe0d29dbbdc27b985b6840f2\lwjgl-glfw-3.3.3-natives-linux.jar;C:\Users\emanu\.gradle\caches\modules-2\files-2.1\org.lwjgl\lwjgl-assimp\3.3.3\c2c34011cbda30ed8cf98bc5cbf97b49afe5279a\lwjgl-assimp-3.3.3.jar;C:\Users\emanu\.gradle\caches\modules-2\files-2.1\org.lwjgl\lwjgl-assimp\3.3.3\d90ccdade594716062975cffd1431d387f770ac4\lwjgl-assimp-3.3.3-natives-windows.jar;C:\Users\emanu\.gradle\caches\modules-2\files-2.1\org.lwjgl\lwjgl-nfd\3.3.3\f1b41d3a0a2f5cd2a55a6a59a618c87d0348681c\lwjgl-nfd-3.3.3.jar;C:\Users\emanu\.gradle\caches\modules-2\files-2.1\org.lwjgl\lwjgl-nfd\3.3.3\3a39132eef695dcb7631adc1d02e493527940d10\lwjgl-nfd-3.3.3-natives-windows.jar;C:\Users\emanu\.gradle\caches\modules-2\files-2.1\org.lwjgl\lwjgl-openal\3.3.3\daada81ceb5fc0c291fbfdd4433cb8d9423577f2\lwjgl-openal-3.3.3.jar;C:\Users\emanu\.gradle\caches\modules-2\files-2.1\org.lwjgl\lwjgl-openal\3.3.3\cf83862ae95d98496b26915024c7e666d8ab1c8f\lwjgl-openal-3.3.3-natives-windows.jar;C:\Users\emanu\.gradle\caches\modules-2\files-2.1\org.lwjgl\lwjgl-stb\3.3.3\25dd6161988d7e65f71d5065c99902402ee32746\lwjgl-stb-3.3.3.jar;C:\Users\emanu\.gradle\caches\modules-2\files-2.1\org.lwjgl\lwjgl-stb\3.3.3\1d9facdf6541de114b0f963be33505b7679c78cb\lwjgl-stb-3.3.3-natives-windows.jar;C:\Users\emanu\.gradle\caches\modules-2\files-2.1\org.lwjgl\lwjgl\3.3.3\29589b5f87ed335a6c7e7ee6a5775f81f97ecb84\lwjgl-3.3.3.jar;C:\Users\emanu\.gradle\caches\modules-2\files-2.1\org.lwjgl\lwjgl\3.3.3\a5ed18a2b82fc91b81f40d717cb1f64c9dcb0540\lwjgl-3.3.3-natives-windows.jar;C:\Users\emanu\.gradle\caches\modules-2\files-2.1\org.lwjgl\lwjgl\3.3.3\9e670718e050aeaeea0c2d5b907cffb142f2e58f\lwjgl-3.3.3-natives-windows-x86.jar;C:\Users\emanu\.gradle\caches\modules-2\files-2.1\org.lwjgl\lwjgl\3.3.3\1713758e3660ba66e1e954396fd18126038b33c0\lwjgl-3.3.3-natives-linux.jar;C:\Users\emanu\.gradle\caches\modules-2\files-2.1\org.joml\joml\1.10.7\f8c3f2e7db281bde099342dd36133de4bbba390c\joml-1.10.7.jar;C:\Users\emanu\.gradle\caches\modules-2\files-2.1\org.openjfx\javafx-fxml\17.0.6\5724aedc415683e62eeab3a3875550aa814c84fd\javafx-fxml-17.0.6-win.jar;C:\Users\emanu\.gradle\caches\modules-2\files-2.1\org.openjfx\javafx-web\17.0.6\f4117256e602d41f484f2b9e5a74eeadc0a272eb\javafx-web-17.0.6-win.jar;C:\Users\emanu\.gradle\caches\modules-2\files-2.1\org.openjfx\javafx-controls\17.0.6\c95b460be3bc372060ff32d0c666c1233c3e8400\javafx-controls-17.0.6-win.jar;C:\Users\emanu\.gradle\caches\modules-2\files-2.1\org.openjfx\javafx-media\17.0.6\cc7e03817252ace41ece37ab29f193ba3fd0153e\javafx-media-17.0.6-win.jar;C:\Users\emanu\.gradle\caches\modules-2\files-2.1\org.openjfx\javafx-swing\17.0.6\974e453fb9afac1fb6536a1c6c0edfc203959b8\javafx-swing-17.0.6-win.jar;C:\Users\emanu\.gradle\caches\modules-2\files-2.1\org.kordamp.ikonli\ikonli-core\12.3.1\50c5658c1a5aeeec30320c6be71274d01f5fb869\ikonli-core-12.3.1.jar;C:\Users\emanu\.gradle\caches\modules-2\files-2.1\com.github.almasb\fxgl-io\17.3\876d135482b530bbdec01b55dc71e6474a4e192e\fxgl-io-17.3.jar;C:\Users\emanu\.gradle\caches\modules-2\files-2.1\com.github.almasb\fxgl-entity\17.3\aeb2831289e461a12d2d370c990c7b4ab8e9e4ec\fxgl-entity-17.3.jar;C:\Users\emanu\.gradle\caches\modules-2\files-2.1\com.github.almasb\fxgl-gameplay\17.3\209e1ca860bd3125fb0c9b939ed5105aab757528\fxgl-gameplay-17.3.jar;C:\Users\emanu\.gradle\caches\modules-2\files-2.1\com.github.almasb\fxgl-scene\17.3\ce4c8ac21ef22e162ef6556bd5d73561690b3493\fxgl-scene-17.3.jar;C:\Users\emanu\.gradle\caches\modules-2\files-2.1\com.github.almasb\fxgl-core\17.3\318f2682beaa088756ee0c7c0a49233627364701\fxgl-core-17.3.jar;C:\Users\emanu\.gradle\caches\modules-2\files-2.1\com.fasterxml.jackson.core\jackson-annotations\2.14.2\a7aae9525864930723e3453ab799521fdfd9d873\jackson-annotations-2.14.2.jar;C:\Users\emanu\.gradle\caches\modules-2\files-2.1\com.fasterxml.jackson.core\jackson-core\2.14.2\f804090e6399ce0cf78242db086017512dd71fcc\jackson-core-2.14.2.jar;C:\Users\emanu\.gradle\caches\modules-2\files-2.1\com.fasterxml.jackson.core\jackson-databind\2.14.2\1e71fddbc80bb86f71a6345ac1e8ab8a00e7134\jackson-databind-2.14.2.jar;C:\Users\emanu\.gradle\caches\modules-2\files-2.1\com.gluonhq.attach\lifecycle\4.0.17\efe9f0c28d9b25300ac75bb30b9940991fb3e0b4\lifecycle-4.0.17.jar;C:\Users\emanu\.gradle\caches\modules-2\files-2.1\org.jetbrains.kotlin\kotlin-stdlib-jdk8\1.8.20\73576ddf378c5b4f1f6b449fe6b119b8183fc078\kotlin-stdlib-jdk8-1.8.20.jar;C:\Users\emanu\.gradle\caches\modules-2\files-2.1\org.openjfx\javafx-graphics\17.0.6\14326bf575b927d3c31a775f74bcf754ced35353\javafx-graphics-17.0.6-win.jar;C:\Users\emanu\.gradle\caches\modules-2\files-2.1\com.gluonhq.attach\audio\4.0.17\ed8c59b6a7c18b7e8d30fde3f63e49c0296794d2\audio-4.0.17.jar;C:\Users\emanu\.gradle\caches\modules-2\files-2.1\com.gluonhq.attach\storage\4.0.17\c42466bfdc5f1f9d4d884ca21a3574715ca0b221\storage-4.0.17.jar;C:\Users\emanu\.gradle\caches\modules-2\files-2.1\com.gluonhq.attach\util\4.0.17\f328cfa01ab3496012e31316e36bf3114b0900f2\util-4.0.17.jar;C:\Users\emanu\.gradle\caches\modules-2\files-2.1\org.jetbrains.kotlin\kotlin-stdlib-jdk7\1.8.20\3aa51faf20aae8b31e1a4bc54f8370673d7b7df4\kotlin-stdlib-jdk7-1.8.20.jar;C:\Users\emanu\.gradle\caches\modules-2\files-2.1\org.jetbrains.kotlin\kotlin-stdlib\1.8.20\e72fc5e03ec6c064c678a6bd0d955c88d55b0c4a\kotlin-stdlib-1.8.20.jar;C:\Users\emanu\.gradle\caches\modules-2\files-2.1\org.openjfx\javafx-base\17.0.6\78ccb38688b70acc6b59718daca8bdb91f99db57\javafx-base-17.0.6-win.jar;C:\Users\emanu\.gradle\caches\modules-2\files-2.1\org.jetbrains.kotlin\kotlin-stdlib-common\1.8.20\5eddaaf234c8c49d03eebeb6a14feb7f90faca71\kotlin-stdlib-common-1.8.20.jar;C:\Users\emanu\.gradle\caches\modules-2\files-2.1\org.jetbrains\annotations\13.0\919f0dfe192fb4e063e7dacadee7f8bb9a2672a9\annotations-13.0.jar
Launcher Type: SUN_STANDARD

[Global flags]
     intx CICompilerCount                          = 3                                         {product} {ergonomic}
     uint ConcGCThreads                            = 2                                         {product} {ergonomic}
     uint G1ConcRefinementThreads                  = 6                                         {product} {ergonomic}
   size_t G1HeapRegionSize                         = 8388608                                   {product} {ergonomic}
    uintx GCDrainStackTargetSize                   = 64                                        {product} {ergonomic}
   size_t InitialHeapSize                          = 671088640                                 {product} {ergonomic}
   size_t MarkStackSize                            = 4194304                                   {product} {ergonomic}
   size_t MaxHeapSize                              = 10670309376                               {product} {ergonomic}
   size_t MaxNewSize                               = 6400507904                                {product} {ergonomic}
   size_t MinHeapDeltaBytes                        = 8388608                                   {product} {ergonomic}
   size_t MinHeapSize                              = 8388608                                   {product} {ergonomic}
    uintx NonNMethodCodeHeapSize                   = 5832780                                {pd product} {ergonomic}
    uintx NonProfiledCodeHeapSize                  = 122912730                              {pd product} {ergonomic}
    uintx ProfiledCodeHeapSize                     = 122912730                              {pd product} {ergonomic}
    uintx ReservedCodeCacheSize                    = 251658240                              {pd product} {ergonomic}
     bool SegmentedCodeCache                       = true                                      {product} {ergonomic}
   size_t SoftMaxHeapSize                          = 10670309376                            {manageable} {ergonomic}
     bool UseCompressedOops                        = true                           {product lp64_product} {ergonomic}
     bool UseG1GC                                  = true                                      {product} {ergonomic}
     bool UseLargePagesIndividualAllocation        = false                                  {pd product} {ergonomic}

Logging:
Log output configuration:
 #0: stdout all=warning uptime,level,tags foldmultilines=false
 #1: stderr all=off uptime,level,tags foldmultilines=false

Environment Variables:
JAVA_HOME=C:\Program Files\Java\jdk-17
PATH=C:\Program Files\Common Files\Oracle\Java\javapath;C:\Program Files (x86)\Common Files\Oracle\Java\java8path;C:\Program Files (x86)\Common Files\Oracle\Java\javapath;C:\Program Files\Microsoft\jdk-11.0.16.101-hotspot\bin;C:\Windows\system32;C:\Windows;C:\Windows\System32\Wbem;C:\Windows\System32\WindowsPowerShell\v1.0\;C:\Windows\System32\OpenSSH\;C:\Program Files\NVIDIA Corporation\NVIDIA NvDLISR;C:\Program Files\Microsoft SQL Server\150\Tools\Binn\;C:\Program Files\Microsoft SQL Server\Client SDK\ODBC\170\Tools\Binn\;C:\Program Files\dotnet\;C:\Program Files (x86)\Windows Kits\10\Windows Performance Toolkit\;C:\Program Files\nodejs\;C:\Program Files (x86)\NVIDIA Corporation\PhysX\Common;C:\xampp\php;C:\composer;C:\Program Files\Git\cmd;C:\Program Files\Git LFS;C:\Program Files (x86)\Microsoft SQL Server\160\Tools\Binn\;C:\Program Files\Microsoft SQL Server\160\Tools\Binn\;C:\Program Files\Microsoft SQL Server\160\DTS\Binn\;C:\Program Files (x86)\Microsoft SQL Server\160\DTS\Binn\;C:\Program Files\Erlang OTP\bin;C:\Users\emanu\rebar3;C:\Program Files\MySQL\MySQL Shell 8.0\bin\;C:\Users\emanu\AppData\Local\Microsoft\WindowsApps;C:\Users\emanu\AppData\Local\Programs\Microsoft VS Code\bin;C:\Users\emanu\.dotnet\tools;C:\Users\emanu\AppData\Roaming\npm;C:\Program Files\JetBrains\PyCharm Community Edition 2023.2.1\bin;;C:\Users\emanu\AppData\Roaming\Composer\vendor\bin;C:\Users\emanu\AppData\Roaming\npm\node_modules\solc;C:\Users\emanu\AppData\Local\GitHubDesktop\bin;C:\Users\emanu\AppData\Local\Android\Sdk\platform-tools;C:\Users\emanu\AppData\Local\Android\Sdk\tools;C:\Users\emanu\AppData\Local\Android\Sdk\platform-tools;C:\Users\emanu\AppData\Local\Android\Sdk\tools;C:\Users\emanu\AppData\Local\Android\Sdk\platform-tools;C:\Users\emanu\AppData\Local\Android\Sdk\tools;C:\Program Files\JetBrains\IntelliJ IDEA Community Edition 2024.2.0.2\bin;;;C:\Program Files\JetBrains\JetBrains Rider 2022.2\bin;
USERNAME=emanu
OS=Windows_NT
PROCESSOR_IDENTIFIER=Intel64 Family 6 Model 141 Stepping 1, GenuineIntel
TMP=C:\Users\emanu\AppData\Local\Temp
TEMP=C:\Users\emanu\AppData\Local\Temp




Periodic native trim disabled

---------------  S Y S T E M  ---------------

OS:
 Windows 11 , 64 bit Build 22621 (10.0.22621.3958)
OS uptime: 0 days 1:08 hours
Hyper-V role detected

CPU: total 6 (initial active 6) (6 cores per cpu, 2 threads per core) family 6 model 141 stepping 1 microcode 0x34, cx8, cmov, fxsr, ht, mmx, 3dnowpref, sse, sse2, sse3, ssse3, sse4.1, sse4.2, popcnt, lzcnt, tsc, tscinvbit, avx, avx2, aes, erms, clmul, bmi1, bmi2, adx, avx512f, avx512dq, avx512cd, avx512bw, avx512vl, sha, fma, vzeroupper, avx512_vpopcntdq, avx512_vpclmulqdq, avx512_vaes, avx512_vnni, clflush, clflushopt, clwb, avx512_vbmi2, avx512_vbmi, hv, rdtscp, rdpid, fsrm, gfni, avx512_bitalg, f16c, cet_ibt, cet_ss, avx512_ifma
Processor Information for all 6 processors :
  Max Mhz: 2688, Current Mhz: 2688, Mhz Limit: 2688

Memory: 4k page, system-wide physical 40698M (23490M free)
TotalPageFile size 43258M (AvailPageFile size 24048M)
current process WorkingSet (physical memory assigned to process): 160M, peak: 160M
current process commit charge ("private bytes"): 772M, peak: 772M

vm_info: Java HotSpot(TM) 64-Bit Server VM (21.0.3+7-LTS-152) for windows-amd64 JRE (21.0.3+7-LTS-152), built on 2024-03-11T17:42:26Z by "mach5one" with MS VC++ 17.6 (VS2022)

END.
