#
# A fatal error has been detected by the Java Runtime Environment:
#
#  EXCEPTION_ACCESS_VIOLATION (0xc0000005) at pc=0x00007ffb7673d7a6, pid=15924, tid=10876
#
# JRE version: OpenJDK Runtime Environment Corretto-21.0.4.7.1 (21.0.4+7) (build 21.0.4+7-LTS)
# Java VM: OpenJDK 64-Bit Server VM Corretto-21.0.4.7.1 (21.0.4+7-LTS, mixed mode, sharing, tiered, compressed oops, compressed class ptrs, g1 gc, windows-amd64)
# Problematic frame:
# C  [igxelpicd64.dll+0x1d7a6]
#
# No core dump will be written. Minidumps are not enabled by default on client versions of Windows
#
# If you would like to submit a bug report, please visit:
#   https://github.com/corretto/corretto-21/issues/
# The crash happened outside the Java Virtual Machine in native code.
# See problematic frame for where to report the bug.
#

---------------  S U M M A R Y ------------

Command Line: -Dfile.encoding=UTF-8 -Duser.country=IT -Duser.language=it -Duser.variant gameengine.Main

Host: 11th Gen Intel(R) Core(TM) i5-11400H @ 2.70GHz, 6 cores, 39G,  Windows 11 , 64 bit Build 22621 (10.0.22621.3958)
Time: Mon Sep 23 23:50:08 2024 ora legale Europa occidentale elapsed time: 0.622827 seconds (0d 0h 0m 0s)

---------------  T H R E A D  ---------------

Current thread (0x0000026738cfdf10):  JavaThread "main"             [_thread_in_native, id=10876, stack(0x000000d720c00000,0x000000d720d00000) (1024K)]

Stack: [0x000000d720c00000,0x000000d720d00000],  sp=0x000000d720cfe440,  free space=1017k
Native frames: (J=compiled Java code, j=interpreted, Vv=VM code, C=native code)
C  [igxelpicd64.dll+0x1d7a6]

Java frames: (J=compiled Java code, j=interpreted, Vv=VM code)
j  org.lwjgl.opengl.GL11C.nglTexImage2D(IIIIIIIIJ)V+0
j  org.lwjgl.opengl.GL11C.glTexImage2D(IIIIIIIILjava/nio/ByteBuffer;)V+17
j  Renderer.Texture.<init>(Ljava/lang/String;)V+132
j  gameengine.Engine.LevelEditorScene.Init()V+45
j  gameengine.Engine.Window.changeScene(I)V+41
j  gameengine.Engine.Window.init()V+162
j  gameengine.Engine.Window.run()V+15
j  gameengine.Main.main([Ljava/lang/String;)V+5
v  ~StubRoutines::call_stub 0x000002674ab010e7

siginfo: EXCEPTION_ACCESS_VIOLATION (0xc0000005), reading address 0x00000267b3ea0000


Registers:
RAX=0x000000000001519f, RBX=0x000000d720cfe520, RCX=0x000000000001c200, RDX=0x00000267b3e9ffc0
RSP=0x000000d720cfe440, RBP=0x000000d720cfe5a0, RSI=0x00000267b3413040, RDI=0x00000267aabecf80
R8 =0x0000000000e10000, R9 =0x00000000000151a0, R10=0x0000000000000000, R11=0x000000d720cfe520
R12=0x0000000000000001, R13=0x0000000000000001, R14=0x000000d720cfe6b0, R15=0x0000000000000049
RIP=0x00007ffb7673d7a6, EFLAGS=0x0000000000010217


Register to memory mapping:

RAX=0x000000000001519f is an unknown value
RBX=0x000000d720cfe520 is pointing into the stack for thread: 0x0000026738cfdf10
RCX=0x000000000001c200 is an unknown value
RDX=0x00000267b3e9ffc0 points into unknown readable memory: 0x0000000000000000 | 00 00 00 00 00 00 00 00
RSP=0x000000d720cfe440 is pointing into the stack for thread: 0x0000026738cfdf10
RBP=0x000000d720cfe5a0 is pointing into the stack for thread: 0x0000026738cfdf10
RSI=0x00000267b3413040 points into unknown readable memory: 0xffffffffffffffff | ff ff ff ff ff ff ff ff
RDI=0x00000267aabecf80 points into unknown readable memory: 0x0000000000000000 | 00 00 00 00 00 00 00 00
R8 =0x0000000000e10000 is an unknown value
R9 =0x00000000000151a0 is an unknown value
R10=0x0 is null
R11=0x000000d720cfe520 is pointing into the stack for thread: 0x0000026738cfdf10
R12=0x0000000000000001 is an unknown value
R13=0x0000000000000001 is an unknown value
R14=0x000000d720cfe6b0 is pointing into the stack for thread: 0x0000026738cfdf10
R15=0x0000000000000049 is an unknown value

Top of Stack: (sp=0x000000d720cfe440)
0x000000d720cfe440:   b76c25747845117f 0000000000000000
0x000000d720cfe450:   459176a550a84614 0000000000000000
0x000000d720cfe460:   00000267aa160000 00007ffb769561af
0x000000d720cfe470:   0000000100000000 0000000000000000
0x000000d720cfe480:   000000d720cfe6b0 0000000000000001
0x000000d720cfe490:   000000d720cfe6b0 00007ffb76953e08
0x000000d720cfe4a0:   00000267aa160000 000000d720cfe5a0
0x000000d720cfe4b0:   0000000000000000 0000000000001e00
0x000000d720cfe4c0:   000000d720cf0049 0000026700000001
0x000000d720cfe4d0:   00000267b3413040 000000d720cfe500
0x000000d720cfe4e0:   0000000000000000 00007ffb7676ea6e
0x000000d720cfe4f0:   00000267a74b9580 00000267ae2a8d40
0x000000d720cfe500:   0000000000000002 0000000000000000
0x000000d720cfe510:   000000d720cfe570 00000267a73215e0
0x000000d720cfe520:   00007ffb774090a0 00000267a7483ac0
0x000000d720cfe530:   0000078000000780 0000004900000000
0x000000d720cfe540:   00001e0000000004 00000267b3413040
0x000000d720cfe550:   0000000420cf0049 0000026700001e00
0x000000d720cfe560:   00000267aa160000 0000026700000000
0x000000d720cfe570:   0000000200001e00 00000267a74b9560
0x000000d720cfe580:   00000267aa160000 00000267a73f2380
0x000000d720cfe590:   0000026700000780 00007ffc00000001
0x000000d720cfe5a0:   0000026700000001 0000026700000004
0x000000d720cfe5b0:   0000000000000000 00007ffb778bab30
0x000000d720cfe5c0:   0000000000000001 0000000000000001
0x000000d720cfe5d0:   0000000000000000 000000d720cfe670
0x000000d720cfe5e0:   0000842920ca2dc0 00007ffb76954579
0x000000d720cfe5f0:   0000000000000000 00007ffb778bab30
0x000000d720cfe600:   0000000000000001 0000000000000001
0x000000d720cfe610:   0000000000000000 00000267ae2a8c70
0x000000d720cfe620:   000000d720cfe730 00007ffb769569f4
0x000000d720cfe630:   000000d720cfe8a0 000000d720cfe730 

Instructions: (pc=0x00007ffb7673d7a6)
0x00007ffb7673d6a6:   c3 cc cc cc cc cc cc cc cc cc 40 57 48 83 ec 20
0x00007ffb7673d6b6:   45 33 d2 48 8b f9 49 83 f8 10 0f 82 ae 00 00 00
0x00007ffb7673d6c6:   83 e1 0f 0f 85 df 01 00 00 8b c1 45 8b ca 4c 2b
0x00007ffb7673d6d6:   c0 0f 29 74 24 10 49 8b c8 0f 29 3c 24 48 c1 e9
0x00007ffb7673d6e6:   07 f6 c2 0f 0f 84 94 00 00 00 48 85 c9 74 6c 66
0x00007ffb7673d6f6:   66 66 0f 1f 84 00 00 00 00 00 f3 0f 6f 02 41 ff
0x00007ffb7673d706:   c1 f3 0f 6f 4a 10 41 8b c1 f3 0f 6f 52 20 f3 0f
0x00007ffb7673d716:   6f 5a 30 f3 0f 6f 62 40 f3 0f 6f 6a 50 f3 0f 6f
0x00007ffb7673d726:   72 60 f3 0f 6f 7a 70 66 0f e7 07 66 0f e7 4f 10
0x00007ffb7673d736:   66 0f e7 57 20 66 0f e7 5f 30 66 0f e7 67 40 66
0x00007ffb7673d746:   0f e7 6f 50 66 0f e7 77 60 66 0f e7 7f 70 48 83
0x00007ffb7673d756:   ef 80 48 83 ea 80 48 3b c1 72 9f 41 83 e0 7f 0f
0x00007ffb7673d766:   85 0e 01 00 00 0f 28 74 24 10 0f 28 3c 24 41 83
0x00007ffb7673d776:   e0 0f 0f 85 b0 00 00 00 48 83 c4 20 5f c3 48 85
0x00007ffb7673d786:   c9 74 68 0f 1f 80 00 00 00 00 f3 0f 6f 02 41 ff
0x00007ffb7673d796:   c1 f3 0f 6f 4a 10 f3 0f 6f 52 20 f3 0f 6f 5a 30
0x00007ffb7673d7a6:   f3 0f 6f 62 40 f3 0f 6f 6a 50 f3 0f 6f 72 60 f3
0x00007ffb7673d7b6:   0f 6f 7a 70 48 83 ea 80 66 0f e7 07 66 0f e7 4f
0x00007ffb7673d7c6:   10 66 0f e7 57 20 66 0f e7 5f 30 66 0f e7 67 40
0x00007ffb7673d7d6:   66 0f e7 6f 50 66 0f e7 77 60 66 0f e7 7f 70 48
0x00007ffb7673d7e6:   83 ef 80 41 8b c1 48 3b c1 72 9f 41 83 e0 7f 0f
0x00007ffb7673d7f6:   84 70 ff ff ff 45 8b c8 41 8b ca 49 c1 e9 04 4d
0x00007ffb7673d806:   85 c9 0f 84 5d ff ff ff 66 90 f3 0f 6f 02 ff c1
0x00007ffb7673d816:   66 0f e7 07 48 83 c7 10 8b c1 48 83 c2 10 49 3b
0x00007ffb7673d826:   c1 72 e7 e9 3d ff ff ff 4d 8b c8 41 8b ca 49 c1
0x00007ffb7673d836:   e9 02 4d 85 c9 74 15 8b 02 ff c1 89 07 48 83 c2
0x00007ffb7673d846:   04 48 83 c7 04 8b c1 49 3b c1 72 eb 41 83 e0 03
0x00007ffb7673d856:   0f 86 22 ff ff ff 48 2b d7 0f b6 04 3a 41 ff c2
0x00007ffb7673d866:   88 07 48 8d 7f 01 41 8b c2 49 3b c0 72 eb e9 05
0x00007ffb7673d876:   ff ff ff 4d 8b c8 41 8b ca 49 c1 e9 04 4d 85 c9
0x00007ffb7673d886:   0f 84 df fe ff ff 0f 1f 40 00 f3 0f 6f 02 ff c1
0x00007ffb7673d896:   48 83 c2 10 8b c1 66 0f e7 07 48 83 c7 10 49 3b 


Stack slot to memory mapping:

stack at sp + 0 slots: 0xb76c25747845117f is an unknown value
stack at sp + 1 slots: 0x0 is null
stack at sp + 2 slots: 0x459176a550a84614 is an unknown value
stack at sp + 3 slots: 0x0 is null
stack at sp + 4 slots: 0x00000267aa160000 points into unknown readable memory: 0xffffffffffffffff | ff ff ff ff ff ff ff ff
stack at sp + 5 slots: 0x00007ffb769561af igxelpicd64.dll
stack at sp + 6 slots: 0x0000000100000000 is an unknown value
stack at sp + 7 slots: 0x0 is null


---------------  P R O C E S S  ---------------

Threads class SMR info:
_java_thread_list=0x00000267a7680ac0, length=11, elements={
0x0000026738cfdf10, 0x000002676118f830, 0x0000026761190840, 0x00000267611942b0,
0x0000026761196f10, 0x0000026761199e80, 0x00000267611a6140, 0x00000267611a8620,
0x00000267611a90c0, 0x00000267618a28c0, 0x00000267618b0cc0
}

Java Threads: ( => current thread )
=>0x0000026738cfdf10 JavaThread "main"                              [_thread_in_native, id=10876, stack(0x000000d720c00000,0x000000d720d00000) (1024K)]
  0x000002676118f830 JavaThread "Reference Handler"          daemon [_thread_blocked, id=24512, stack(0x000000d721400000,0x000000d721500000) (1024K)]
  0x0000026761190840 JavaThread "Finalizer"                  daemon [_thread_blocked, id=16092, stack(0x000000d721500000,0x000000d721600000) (1024K)]
  0x00000267611942b0 JavaThread "Signal Dispatcher"          daemon [_thread_blocked, id=13396, stack(0x000000d721600000,0x000000d721700000) (1024K)]
  0x0000026761196f10 JavaThread "Attach Listener"            daemon [_thread_blocked, id=11072, stack(0x000000d721700000,0x000000d721800000) (1024K)]
  0x0000026761199e80 JavaThread "Service Thread"             daemon [_thread_blocked, id=22616, stack(0x000000d721800000,0x000000d721900000) (1024K)]
  0x00000267611a6140 JavaThread "Monitor Deflation Thread"   daemon [_thread_blocked, id=26060, stack(0x000000d721900000,0x000000d721a00000) (1024K)]
  0x00000267611a8620 JavaThread "C2 CompilerThread0"         daemon [_thread_blocked, id=13016, stack(0x000000d721a00000,0x000000d721b00000) (1024K)]
  0x00000267611a90c0 JavaThread "C1 CompilerThread0"         daemon [_thread_blocked, id=1692, stack(0x000000d721b00000,0x000000d721c00000) (1024K)]
  0x00000267618a28c0 JavaThread "Notification Thread"        daemon [_thread_blocked, id=21524, stack(0x000000d721c00000,0x000000d721d00000) (1024K)]
  0x00000267618b0cc0 JavaThread "Common-Cleaner"             daemon [_thread_blocked, id=25944, stack(0x000000d721d00000,0x000000d721e00000) (1024K)]
Total: 11

Other Threads:
  0x0000026761170f40 VMThread "VM Thread"                           [id=25768, stack(0x000000d721300000,0x000000d721400000) (1024K)]
  0x0000026761156c00 WatcherThread "VM Periodic Task Thread"        [id=7760, stack(0x000000d721200000,0x000000d721300000) (1024K)]
  0x000002673af91b50 WorkerThread "GC Thread#0"                     [id=3960, stack(0x000000d720d00000,0x000000d720e00000) (1024K)]
  0x000002673af9cbe0 ConcurrentGCThread "G1 Main Marker"            [id=26464, stack(0x000000d720e00000,0x000000d720f00000) (1024K)]
  0x000002673af9d6e0 WorkerThread "G1 Conc#0"                       [id=26404, stack(0x000000d720f00000,0x000000d721000000) (1024K)]
  0x000002676102ad90 ConcurrentGCThread "G1 Refine#0"               [id=18016, stack(0x000000d721000000,0x000000d721100000) (1024K)]
  0x000002676102b900 ConcurrentGCThread "G1 Service"                [id=12696, stack(0x000000d721100000,0x000000d721200000) (1024K)]
Total: 7

Threads with active compile tasks:
Total: 0

VM state: not at safepoint (normal execution)

VM Mutex/Monitor currently owned by a thread: None

Heap address: 0x0000000584000000, size: 10176 MB, Compressed Oops mode: Zero based, Oop shift amount: 3

CDS archive(s) mapped at: [0x0000026762000000-0x0000026762c90000-0x0000026762c90000), size 13172736, SharedBaseAddress: 0x0000026762000000, ArchiveRelocationMode: 1.
Compressed class space mapped at: 0x0000026763000000-0x00000267a3000000, reserved size: 1073741824
Narrow klass base: 0x0000026762000000, Narrow klass shift: 0, Narrow klass range: 0x100000000

GC Precious Log:
 CardTable entry size: 512
 Card Set container configuration: InlinePtr #cards 4 size 8 Array Of Cards #cards 64 size 144 Howl #buckets 8 coarsen threshold 14745 Howl Bitmap #cards 2048 size 272 coarsen threshold 1843 Card regions per heap region 1 cards per card region 16384
 CPUs: 6 total, 6 available
 Memory: 40698M
 Large Page Support: Disabled
 NUMA Support: Disabled
 Compressed Oops: Enabled (Zero based)
 Heap Region Size: 8M
 Heap Min Capacity: 8M
 Heap Initial Capacity: 640M
 Heap Max Capacity: 10176M
 Pre-touch: Disabled
 Parallel Workers: 6
 Concurrent Workers: 2
 Concurrent Refinement Workers: 6
 Periodic GC: Disabled

Heap:
 garbage-first heap   total 655360K, used 0K [0x0000000584000000, 0x0000000800000000)
  region size 8192K, 2 young (16384K), 0 survivors (0K)
 Metaspace       used 4311K, committed 4544K, reserved 1114112K
  class space    used 240K, committed 320K, reserved 1048576K

Heap Regions: E=young(eden), S=young(survivor), O=old, HS=humongous(starts), HC=humongous(continues), CS=collection set, F=free, TAMS=top-at-mark-start, PB=parsable bottom
|   0|0x0000000584000000, 0x0000000584000000, 0x0000000584800000|  0%| F|  |TAMS 0x0000000584000000| PB 0x0000000584000000| Untracked 
|   1|0x0000000584800000, 0x0000000584800000, 0x0000000585000000|  0%| F|  |TAMS 0x0000000584800000| PB 0x0000000584800000| Untracked 
|   2|0x0000000585000000, 0x0000000585000000, 0x0000000585800000|  0%| F|  |TAMS 0x0000000585000000| PB 0x0000000585000000| Untracked 
|   3|0x0000000585800000, 0x0000000585800000, 0x0000000586000000|  0%| F|  |TAMS 0x0000000585800000| PB 0x0000000585800000| Untracked 
|   4|0x0000000586000000, 0x0000000586000000, 0x0000000586800000|  0%| F|  |TAMS 0x0000000586000000| PB 0x0000000586000000| Untracked 
|   5|0x0000000586800000, 0x0000000586800000, 0x0000000587000000|  0%| F|  |TAMS 0x0000000586800000| PB 0x0000000586800000| Untracked 
|   6|0x0000000587000000, 0x0000000587000000, 0x0000000587800000|  0%| F|  |TAMS 0x0000000587000000| PB 0x0000000587000000| Untracked 
|   7|0x0000000587800000, 0x0000000587800000, 0x0000000588000000|  0%| F|  |TAMS 0x0000000587800000| PB 0x0000000587800000| Untracked 
|   8|0x0000000588000000, 0x0000000588000000, 0x0000000588800000|  0%| F|  |TAMS 0x0000000588000000| PB 0x0000000588000000| Untracked 
|   9|0x0000000588800000, 0x0000000588800000, 0x0000000589000000|  0%| F|  |TAMS 0x0000000588800000| PB 0x0000000588800000| Untracked 
|  10|0x0000000589000000, 0x0000000589000000, 0x0000000589800000|  0%| F|  |TAMS 0x0000000589000000| PB 0x0000000589000000| Untracked 
|  11|0x0000000589800000, 0x0000000589800000, 0x000000058a000000|  0%| F|  |TAMS 0x0000000589800000| PB 0x0000000589800000| Untracked 
|  12|0x000000058a000000, 0x000000058a000000, 0x000000058a800000|  0%| F|  |TAMS 0x000000058a000000| PB 0x000000058a000000| Untracked 
|  13|0x000000058a800000, 0x000000058a800000, 0x000000058b000000|  0%| F|  |TAMS 0x000000058a800000| PB 0x000000058a800000| Untracked 
|  14|0x000000058b000000, 0x000000058b000000, 0x000000058b800000|  0%| F|  |TAMS 0x000000058b000000| PB 0x000000058b000000| Untracked 
|  15|0x000000058b800000, 0x000000058b800000, 0x000000058c000000|  0%| F|  |TAMS 0x000000058b800000| PB 0x000000058b800000| Untracked 
|  16|0x000000058c000000, 0x000000058c000000, 0x000000058c800000|  0%| F|  |TAMS 0x000000058c000000| PB 0x000000058c000000| Untracked 
|  17|0x000000058c800000, 0x000000058c800000, 0x000000058d000000|  0%| F|  |TAMS 0x000000058c800000| PB 0x000000058c800000| Untracked 
|  18|0x000000058d000000, 0x000000058d000000, 0x000000058d800000|  0%| F|  |TAMS 0x000000058d000000| PB 0x000000058d000000| Untracked 
|  19|0x000000058d800000, 0x000000058d800000, 0x000000058e000000|  0%| F|  |TAMS 0x000000058d800000| PB 0x000000058d800000| Untracked 
|  20|0x000000058e000000, 0x000000058e000000, 0x000000058e800000|  0%| F|  |TAMS 0x000000058e000000| PB 0x000000058e000000| Untracked 
|  21|0x000000058e800000, 0x000000058e800000, 0x000000058f000000|  0%| F|  |TAMS 0x000000058e800000| PB 0x000000058e800000| Untracked 
|  22|0x000000058f000000, 0x000000058f000000, 0x000000058f800000|  0%| F|  |TAMS 0x000000058f000000| PB 0x000000058f000000| Untracked 
|  23|0x000000058f800000, 0x000000058f800000, 0x0000000590000000|  0%| F|  |TAMS 0x000000058f800000| PB 0x000000058f800000| Untracked 
|  24|0x0000000590000000, 0x0000000590000000, 0x0000000590800000|  0%| F|  |TAMS 0x0000000590000000| PB 0x0000000590000000| Untracked 
|  25|0x0000000590800000, 0x0000000590800000, 0x0000000591000000|  0%| F|  |TAMS 0x0000000590800000| PB 0x0000000590800000| Untracked 
|  26|0x0000000591000000, 0x0000000591000000, 0x0000000591800000|  0%| F|  |TAMS 0x0000000591000000| PB 0x0000000591000000| Untracked 
|  27|0x0000000591800000, 0x0000000591800000, 0x0000000592000000|  0%| F|  |TAMS 0x0000000591800000| PB 0x0000000591800000| Untracked 
|  28|0x0000000592000000, 0x0000000592000000, 0x0000000592800000|  0%| F|  |TAMS 0x0000000592000000| PB 0x0000000592000000| Untracked 
|  29|0x0000000592800000, 0x0000000592800000, 0x0000000593000000|  0%| F|  |TAMS 0x0000000592800000| PB 0x0000000592800000| Untracked 
|  30|0x0000000593000000, 0x0000000593000000, 0x0000000593800000|  0%| F|  |TAMS 0x0000000593000000| PB 0x0000000593000000| Untracked 
|  31|0x0000000593800000, 0x0000000593800000, 0x0000000594000000|  0%| F|  |TAMS 0x0000000593800000| PB 0x0000000593800000| Untracked 
|  32|0x0000000594000000, 0x0000000594000000, 0x0000000594800000|  0%| F|  |TAMS 0x0000000594000000| PB 0x0000000594000000| Untracked 
|  33|0x0000000594800000, 0x0000000594800000, 0x0000000595000000|  0%| F|  |TAMS 0x0000000594800000| PB 0x0000000594800000| Untracked 
|  34|0x0000000595000000, 0x0000000595000000, 0x0000000595800000|  0%| F|  |TAMS 0x0000000595000000| PB 0x0000000595000000| Untracked 
|  35|0x0000000595800000, 0x0000000595800000, 0x0000000596000000|  0%| F|  |TAMS 0x0000000595800000| PB 0x0000000595800000| Untracked 
|  36|0x0000000596000000, 0x0000000596000000, 0x0000000596800000|  0%| F|  |TAMS 0x0000000596000000| PB 0x0000000596000000| Untracked 
|  37|0x0000000596800000, 0x0000000596800000, 0x0000000597000000|  0%| F|  |TAMS 0x0000000596800000| PB 0x0000000596800000| Untracked 
|  38|0x0000000597000000, 0x0000000597000000, 0x0000000597800000|  0%| F|  |TAMS 0x0000000597000000| PB 0x0000000597000000| Untracked 
|  39|0x0000000597800000, 0x0000000597800000, 0x0000000598000000|  0%| F|  |TAMS 0x0000000597800000| PB 0x0000000597800000| Untracked 
|  40|0x0000000598000000, 0x0000000598000000, 0x0000000598800000|  0%| F|  |TAMS 0x0000000598000000| PB 0x0000000598000000| Untracked 
|  41|0x0000000598800000, 0x0000000598800000, 0x0000000599000000|  0%| F|  |TAMS 0x0000000598800000| PB 0x0000000598800000| Untracked 
|  42|0x0000000599000000, 0x0000000599000000, 0x0000000599800000|  0%| F|  |TAMS 0x0000000599000000| PB 0x0000000599000000| Untracked 
|  43|0x0000000599800000, 0x0000000599800000, 0x000000059a000000|  0%| F|  |TAMS 0x0000000599800000| PB 0x0000000599800000| Untracked 
|  44|0x000000059a000000, 0x000000059a000000, 0x000000059a800000|  0%| F|  |TAMS 0x000000059a000000| PB 0x000000059a000000| Untracked 
|  45|0x000000059a800000, 0x000000059a800000, 0x000000059b000000|  0%| F|  |TAMS 0x000000059a800000| PB 0x000000059a800000| Untracked 
|  46|0x000000059b000000, 0x000000059b000000, 0x000000059b800000|  0%| F|  |TAMS 0x000000059b000000| PB 0x000000059b000000| Untracked 
|  47|0x000000059b800000, 0x000000059b800000, 0x000000059c000000|  0%| F|  |TAMS 0x000000059b800000| PB 0x000000059b800000| Untracked 
|  48|0x000000059c000000, 0x000000059c000000, 0x000000059c800000|  0%| F|  |TAMS 0x000000059c000000| PB 0x000000059c000000| Untracked 
|  49|0x000000059c800000, 0x000000059c800000, 0x000000059d000000|  0%| F|  |TAMS 0x000000059c800000| PB 0x000000059c800000| Untracked 
|  50|0x000000059d000000, 0x000000059d000000, 0x000000059d800000|  0%| F|  |TAMS 0x000000059d000000| PB 0x000000059d000000| Untracked 
|  51|0x000000059d800000, 0x000000059d800000, 0x000000059e000000|  0%| F|  |TAMS 0x000000059d800000| PB 0x000000059d800000| Untracked 
|  52|0x000000059e000000, 0x000000059e000000, 0x000000059e800000|  0%| F|  |TAMS 0x000000059e000000| PB 0x000000059e000000| Untracked 
|  53|0x000000059e800000, 0x000000059e800000, 0x000000059f000000|  0%| F|  |TAMS 0x000000059e800000| PB 0x000000059e800000| Untracked 
|  54|0x000000059f000000, 0x000000059f000000, 0x000000059f800000|  0%| F|  |TAMS 0x000000059f000000| PB 0x000000059f000000| Untracked 
|  55|0x000000059f800000, 0x000000059f800000, 0x00000005a0000000|  0%| F|  |TAMS 0x000000059f800000| PB 0x000000059f800000| Untracked 
|  56|0x00000005a0000000, 0x00000005a0000000, 0x00000005a0800000|  0%| F|  |TAMS 0x00000005a0000000| PB 0x00000005a0000000| Untracked 
|  57|0x00000005a0800000, 0x00000005a0800000, 0x00000005a1000000|  0%| F|  |TAMS 0x00000005a0800000| PB 0x00000005a0800000| Untracked 
|  58|0x00000005a1000000, 0x00000005a1000000, 0x00000005a1800000|  0%| F|  |TAMS 0x00000005a1000000| PB 0x00000005a1000000| Untracked 
|  59|0x00000005a1800000, 0x00000005a1800000, 0x00000005a2000000|  0%| F|  |TAMS 0x00000005a1800000| PB 0x00000005a1800000| Untracked 
|  60|0x00000005a2000000, 0x00000005a2000000, 0x00000005a2800000|  0%| F|  |TAMS 0x00000005a2000000| PB 0x00000005a2000000| Untracked 
|  61|0x00000005a2800000, 0x00000005a2800000, 0x00000005a3000000|  0%| F|  |TAMS 0x00000005a2800000| PB 0x00000005a2800000| Untracked 
|  62|0x00000005a3000000, 0x00000005a3000000, 0x00000005a3800000|  0%| F|  |TAMS 0x00000005a3000000| PB 0x00000005a3000000| Untracked 
|  63|0x00000005a3800000, 0x00000005a3800000, 0x00000005a4000000|  0%| F|  |TAMS 0x00000005a3800000| PB 0x00000005a3800000| Untracked 
|  64|0x00000005a4000000, 0x00000005a4000000, 0x00000005a4800000|  0%| F|  |TAMS 0x00000005a4000000| PB 0x00000005a4000000| Untracked 
|  65|0x00000005a4800000, 0x00000005a4800000, 0x00000005a5000000|  0%| F|  |TAMS 0x00000005a4800000| PB 0x00000005a4800000| Untracked 
|  66|0x00000005a5000000, 0x00000005a5000000, 0x00000005a5800000|  0%| F|  |TAMS 0x00000005a5000000| PB 0x00000005a5000000| Untracked 
|  67|0x00000005a5800000, 0x00000005a5800000, 0x00000005a6000000|  0%| F|  |TAMS 0x00000005a5800000| PB 0x00000005a5800000| Untracked 
|  68|0x00000005a6000000, 0x00000005a6000000, 0x00000005a6800000|  0%| F|  |TAMS 0x00000005a6000000| PB 0x00000005a6000000| Untracked 
|  69|0x00000005a6800000, 0x00000005a6800000, 0x00000005a7000000|  0%| F|  |TAMS 0x00000005a6800000| PB 0x00000005a6800000| Untracked 
|  70|0x00000005a7000000, 0x00000005a7000000, 0x00000005a7800000|  0%| F|  |TAMS 0x00000005a7000000| PB 0x00000005a7000000| Untracked 
|  71|0x00000005a7800000, 0x00000005a7800000, 0x00000005a8000000|  0%| F|  |TAMS 0x00000005a7800000| PB 0x00000005a7800000| Untracked 
|  72|0x00000005a8000000, 0x00000005a8000000, 0x00000005a8800000|  0%| F|  |TAMS 0x00000005a8000000| PB 0x00000005a8000000| Untracked 
|  73|0x00000005a8800000, 0x00000005a8800000, 0x00000005a9000000|  0%| F|  |TAMS 0x00000005a8800000| PB 0x00000005a8800000| Untracked 
|  74|0x00000005a9000000, 0x00000005a9000000, 0x00000005a9800000|  0%| F|  |TAMS 0x00000005a9000000| PB 0x00000005a9000000| Untracked 
|  75|0x00000005a9800000, 0x00000005a9800000, 0x00000005aa000000|  0%| F|  |TAMS 0x00000005a9800000| PB 0x00000005a9800000| Untracked 
|  76|0x00000005aa000000, 0x00000005aa000000, 0x00000005aa800000|  0%| F|  |TAMS 0x00000005aa000000| PB 0x00000005aa000000| Untracked 
|  77|0x00000005aa800000, 0x00000005aa800000, 0x00000005ab000000|  0%| F|  |TAMS 0x00000005aa800000| PB 0x00000005aa800000| Untracked 
|  78|0x00000005ab000000, 0x00000005ab3d8960, 0x00000005ab800000| 48%| E|  |TAMS 0x00000005ab000000| PB 0x00000005ab000000| Complete 
|  79|0x00000005ab800000, 0x00000005ac000000, 0x00000005ac000000|100%| E|  |TAMS 0x00000005ab800000| PB 0x00000005ab800000| Complete 

Card table byte_map: [0x0000026753ac0000,0x0000026754ea0000] _byte_map_base: 0x0000026750ea0000

Marking Bits: (CMBitMap*) 0x000002673af92250
 Bits: [0x0000026754ea0000, 0x000002675eda0000)

Polling page: 0x0000026738e60000

Metaspace:

Usage:
  Non-class:      3.97 MB used.
      Class:    240.79 KB used.
       Both:      4.21 MB used.

Virtual space:
  Non-class space:       64.00 MB reserved,       4.12 MB (  6%) committed,  1 nodes.
      Class space:        1.00 GB reserved,     320.00 KB ( <1%) committed,  1 nodes.
             Both:        1.06 GB reserved,       4.44 MB ( <1%) committed. 

Chunk freelists:
   Non-Class:  9.50 MB
       Class:  15.61 MB
        Both:  25.11 MB

MaxMetaspaceSize: unlimited
CompressedClassSpaceSize: 1.00 GB
Initial GC threshold: 21.00 MB
Current GC threshold: 21.00 MB
CDS: on
 - commit_granule_bytes: 65536.
 - commit_granule_words: 8192.
 - virtual_space_node_default_size: 8388608.
 - enlarge_chunks_in_place: 1.
 - use_allocation_guard: 0.


Internal statistics:

num_allocs_failed_limit: 0.
num_arena_births: 94.
num_arena_deaths: 0.
num_vsnodes_births: 2.
num_vsnodes_deaths: 0.
num_space_committed: 69.
num_space_uncommitted: 0.
num_chunks_returned_to_freelist: 0.
num_chunks_taken_from_freelist: 210.
num_chunk_merges: 0.
num_chunk_splits: 144.
num_chunks_enlarged: 100.
num_inconsistent_stats: 0.

CodeHeap 'non-profiled nmethods': size=120000Kb used=244Kb max_used=244Kb free=119755Kb
 bounds [0x000002674b0a0000, 0x000002674b310000, 0x00000267525d0000]
CodeHeap 'profiled nmethods': size=120000Kb used=1194Kb max_used=1194Kb free=118805Kb
 bounds [0x00000267435d0000, 0x0000026743840000, 0x000002674ab00000]
CodeHeap 'non-nmethods': size=5760Kb used=2451Kb max_used=2465Kb free=3308Kb
 bounds [0x000002674ab00000, 0x000002674ad70000, 0x000002674b0a0000]
 total_blobs=1884 nmethods=790 adapters=999
 compilation: enabled
              stopped_count=0, restarted_count=0
 full_count=0

Compilation events (20 events):
Event: 0.590 Thread 0x00000267611a8620 nmethod 771 0x000002674b0dc590 code [0x000002674b0dc720, 0x000002674b0dc918]
Event: 0.590 Thread 0x00000267611a8620  785       4       java.nio.Buffer::session (20 bytes)
Event: 0.590 Thread 0x00000267611a90c0 nmethod 781 0x00000267436f7a10 code [0x00000267436f7bc0, 0x00000267436f7ec0]
Event: 0.590 Thread 0x00000267611a90c0  782       3       java.nio.MappedByteBuffer::limit (6 bytes)
Event: 0.590 Thread 0x00000267611a90c0 nmethod 782 0x00000267436f8090 code [0x00000267436f8240, 0x00000267436f8450]
Event: 0.590 Thread 0x00000267611a90c0  783       3       java.nio.ByteBuffer::flip (7 bytes)
Event: 0.590 Thread 0x00000267611a90c0 nmethod 783 0x00000267436f8590 code [0x00000267436f8720, 0x00000267436f88a0]
Event: 0.590 Thread 0x00000267611a90c0  784       3       java.nio.Buffer::flip (20 bytes)
Event: 0.590 Thread 0x00000267611a8620 nmethod 785 0x000002674b0dcb10 code [0x000002674b0dcc80, 0x000002674b0dcd30]
Event: 0.590 Thread 0x00000267611a90c0 nmethod 784 0x00000267436f8990 code [0x00000267436f8b20, 0x00000267436f8c40]
Event: 0.592 Thread 0x00000267611a90c0  786       3       jdk.internal.jimage.BasicImageReader::getLocationIndex (52 bytes)
Event: 0.592 Thread 0x00000267611a8620  788   !   4       jdk.internal.misc.ScopedMemoryAccess::getByte (16 bytes)
Event: 0.593 Thread 0x00000267611a90c0 nmethod 786 0x00000267436f8d10 code [0x00000267436f8f00, 0x00000267436f9398]
Event: 0.593 Thread 0x00000267611a90c0  787       3       jdk.internal.jimage.ImageStringsReader::hashCode (8 bytes)
Event: 0.593 Thread 0x00000267611a90c0 nmethod 787 0x00000267436f9610 code [0x00000267436f97c0, 0x00000267436f9980]
Event: 0.593 Thread 0x00000267611a8620 nmethod 788 0x000002674b0dce10 code [0x000002674b0dcfa0, 0x000002674b0dd078]
Event: 0.594 Thread 0x00000267611a90c0  789       3       java.nio.Buffer$2::acquireSession (14 bytes)
Event: 0.594 Thread 0x00000267611a90c0 nmethod 789 0x00000267436f9a90 code [0x00000267436f9c60, 0x00000267436fa088]
Event: 0.594 Thread 0x00000267611a90c0  790   !   3       java.nio.Buffer$2::releaseSession (28 bytes)
Event: 0.594 Thread 0x00000267611a90c0 nmethod 790 0x00000267436fa210 code [0x00000267436fa400, 0x00000267436fa908]

GC Heap History (0 events):
No events

Dll operation events (10 events):
Event: 0.005 Loaded shared library C:\Users\emanu\.jdks\corretto-21.0.4\bin\java.dll
Event: 0.032 Loaded shared library C:\Users\emanu\.jdks\corretto-21.0.4\bin\jsvml.dll
Event: 0.073 Loaded shared library C:\Users\emanu\.jdks\corretto-21.0.4\bin\net.dll
Event: 0.074 Loaded shared library C:\Users\emanu\.jdks\corretto-21.0.4\bin\nio.dll
Event: 0.077 Loaded shared library C:\Users\emanu\.jdks\corretto-21.0.4\bin\zip.dll
Event: 0.135 Loaded shared library C:\Users\emanu\.jdks\corretto-21.0.4\bin\jimage.dll
Event: 0.151 Loaded shared library C:\Users\emanu\AppData\Local\Temp\lwjgl_emanu\3.3.3+5\x64\lwjgl.dll
Event: 0.363 Loaded shared library C:\Users\emanu\AppData\Local\Temp\lwjgl_emanu\3.3.3+5\x64\lwjgl_opengl.dll
Event: 0.541 Loaded shared library C:\Users\emanu\.jdks\corretto-21.0.4\bin\verify.dll
Event: 0.592 Loaded shared library C:\Users\emanu\AppData\Local\Temp\lwjgl_emanu\3.3.3+5\x64\lwjgl_stb.dll

Deoptimization events (20 events):
Event: 0.065 Thread 0x0000026738cfdf10 Uncommon trap: trap_request=0xffffff45 fr.pc=0x000002674b0a1264 relative=0x00000000000000c4
Event: 0.065 Thread 0x0000026738cfdf10 Uncommon trap: reason=unstable_if action=reinterpret pc=0x000002674b0a1264 method=java.lang.String.isLatin1()Z @ 10 c2
Event: 0.066 Thread 0x0000026738cfdf10 DEOPT PACKING pc=0x000002674b0a1264 sp=0x000000d720cfedc0
Event: 0.066 Thread 0x0000026738cfdf10 DEOPT UNPACKING pc=0x000002674ab57da2 sp=0x000000d720cfed00 mode 2
Event: 0.089 Thread 0x0000026738cfdf10 DEOPT PACKING pc=0x00000267435edf78 sp=0x000000d720cfd500
Event: 0.089 Thread 0x0000026738cfdf10 DEOPT UNPACKING pc=0x000002674ab588e2 sp=0x000000d720cfc920 mode 0
Event: 0.092 Thread 0x0000026738cfdf10 DEOPT PACKING pc=0x00000267435d9458 sp=0x000000d720cfd4d0
Event: 0.092 Thread 0x0000026738cfdf10 DEOPT UNPACKING pc=0x000002674ab588e2 sp=0x000000d720cfc938 mode 0
Event: 0.145 Thread 0x0000026738cfdf10 Uncommon trap: trap_request=0xffffff45 fr.pc=0x000002674b0aa170 relative=0x0000000000000070
Event: 0.145 Thread 0x0000026738cfdf10 Uncommon trap: reason=unstable_if action=reinterpret pc=0x000002674b0aa170 method=java.io.WinNTFileSystem.isSlash(C)Z @ 9 c2
Event: 0.145 Thread 0x0000026738cfdf10 DEOPT PACKING pc=0x000002674b0aa170 sp=0x000000d720cfb2b0
Event: 0.145 Thread 0x0000026738cfdf10 DEOPT UNPACKING pc=0x000002674ab57da2 sp=0x000000d720cfb238 mode 2
Event: 0.149 Thread 0x0000026738cfdf10 Uncommon trap: trap_request=0xffffff45 fr.pc=0x000002674b0bf7cc relative=0x000000000000004c
Event: 0.149 Thread 0x0000026738cfdf10 Uncommon trap: reason=unstable_if action=reinterpret pc=0x000002674b0bf7cc method=sun.nio.fs.WindowsPathParser.isSlash(C)Z @ 9 c2
Event: 0.149 Thread 0x0000026738cfdf10 DEOPT PACKING pc=0x000002674b0bf7cc sp=0x000000d720cfb380
Event: 0.149 Thread 0x0000026738cfdf10 DEOPT UNPACKING pc=0x000002674ab57da2 sp=0x000000d720cfb308 mode 2
Event: 0.368 Thread 0x0000026738cfdf10 Uncommon trap: trap_request=0xffffff54 fr.pc=0x000002674b0d8a70 relative=0x0000000000000070
Event: 0.368 Thread 0x0000026738cfdf10 Uncommon trap: reason=speculate_null_assert action=make_not_entrant pc=0x000002674b0d8a70 method=sun.misc.Unsafe.putLong(Ljava/lang/Object;JJ)V @ 7 c2
Event: 0.368 Thread 0x0000026738cfdf10 DEOPT PACKING pc=0x000002674b0d8a70 sp=0x000000d720cfed70
Event: 0.368 Thread 0x0000026738cfdf10 DEOPT UNPACKING pc=0x000002674ab57da2 sp=0x000000d720cfece8 mode 2

Classes loaded (20 events):
Event: 0.202 Loading class java/util/function/LongPredicate
Event: 0.202 Loading class java/util/function/LongPredicate done
Event: 0.203 Loading class java/lang/foreign/MemorySegment
Event: 0.203 Loading class java/lang/foreign/MemorySegment done
Event: 0.206 Loading class java/nio/InvalidMarkException
Event: 0.206 Loading class java/nio/InvalidMarkException done
Event: 0.206 Loading class java/nio/BufferUnderflowException
Event: 0.206 Loading class java/nio/BufferUnderflowException done
Event: 0.214 Loading class java/util/Formatter$FixedString
Event: 0.214 Loading class java/util/Formatter$FixedString done
Event: 0.224 Loading class java/lang/NoSuchFieldError
Event: 0.224 Loading class java/lang/NoSuchFieldError done
Event: 0.229 Loading class jdk/internal/reflect/MethodHandleIntegerFieldAccessorImpl
Event: 0.229 Loading class jdk/internal/reflect/MethodHandleIntegerFieldAccessorImpl done
Event: 0.539 Loading class java/io/Externalizable
Event: 0.539 Loading class java/io/Externalizable done
Event: 0.589 Loading class jdk/internal/foreign/MemorySessionImpl
Event: 0.589 Loading class java/lang/foreign/MemorySegment$Scope
Event: 0.589 Loading class java/lang/foreign/MemorySegment$Scope done
Event: 0.589 Loading class jdk/internal/foreign/MemorySessionImpl done

Classes unloaded (0 events):
No events

Classes redefined (0 events):
No events

Internal exceptions (20 events):
Event: 0.204 Thread 0x0000026738cfdf10 Exception <a 'java/lang/NoSuchMethodError'{0x00000005abf709d0}: 'int java.lang.invoke.DirectMethodHandle$Holder.invokeStaticInit(java.lang.Object, java.lang.Object, long, long)'> (0x00000005abf709d0) 
thrown [s\src\hotspot\share\interpreter\linkResolver.cpp, line 773]
Event: 0.205 Thread 0x0000026738cfdf10 Exception <a 'java/lang/NoSuchMethodError'{0x00000005abf76000}: 'java.lang.Object java.lang.invoke.DirectMethodHandle$Holder.newInvokeSpecial(java.lang.Object, java.lang.Object, long)'> (0x00000005abf76000) 
thrown [s\src\hotspot\share\interpreter\linkResolver.cpp, line 773]
Event: 0.205 Thread 0x0000026738cfdf10 Exception <a 'java/lang/NoSuchMethodError'{0x00000005abf79698}: 'java.lang.Object java.lang.invoke.Invokers$Holder.linkToTargetMethod(java.lang.Object, long, java.lang.Object)'> (0x00000005abf79698) 
thrown [s\src\hotspot\share\interpreter\linkResolver.cpp, line 773]
Event: 0.205 Thread 0x0000026738cfdf10 Exception <a 'java/lang/NoSuchMethodError'{0x00000005abf80790}: 'int java.lang.invoke.DirectMethodHandle$Holder.invokeStaticInit(java.lang.Object, java.lang.Object, java.lang.Object, long)'> (0x00000005abf80790) 
thrown [s\src\hotspot\share\interpreter\linkResolver.cpp, line 773]
Event: 0.224 Thread 0x0000026738cfdf10 Exception <a 'sun/nio/fs/WindowsException'{0x00000005ab02c7f8}> (0x00000005ab02c7f8) 
thrown [s\src\hotspot\share\prims\jni.cpp, line 520]
Event: 0.224 Thread 0x0000026738cfdf10 Exception <a 'sun/nio/fs/WindowsException'{0x00000005ab02cb58}> (0x00000005ab02cb58) 
thrown [s\src\hotspot\share\prims\jni.cpp, line 520]
Event: 0.229 Thread 0x0000026738cfdf10 Exception <a 'java/lang/NoSuchMethodError'{0x00000005ab047578}: 'int java.lang.invoke.Invokers$Holder.invokeExact_MT(java.lang.Object, java.lang.Object)'> (0x00000005ab047578) 
thrown [s\src\hotspot\share\interpreter\linkResolver.cpp, line 773]
Event: 0.316 Thread 0x0000026738cfdf10 Exception <a 'java/lang/NoSuchMethodError'{0x00000005ab09f930}: 'void java.lang.invoke.DirectMethodHandle$Holder.invokeStaticInit(java.lang.Object, long, double, double)'> (0x00000005ab09f930) 
thrown [s\src\hotspot\share\interpreter\linkResolver.cpp, line 773]
Event: 0.318 Thread 0x0000026738cfdf10 Exception <a 'java/lang/NoSuchMethodError'{0x00000005ab0add38}: 'void java.lang.invoke.DirectMethodHandle$Holder.invokeStaticInit(java.lang.Object, long, int, int, int)'> (0x00000005ab0add38) 
thrown [s\src\hotspot\share\interpreter\linkResolver.cpp, line 773]
Event: 0.322 Thread 0x0000026738cfdf10 Exception <a 'java/lang/NoSuchMethodError'{0x00000005ab0c4b30}: 'void java.lang.invoke.DirectMethodHandle$Holder.invokeStaticInit(java.lang.Object, long, int, int, int, int)'> (0x00000005ab0c4b30) 
thrown [s\src\hotspot\share\interpreter\linkResolver.cpp, line 773]
Event: 0.354 Thread 0x0000026738cfdf10 Exception <a 'java/lang/NoSuchMethodError'{0x00000005ab0e63d0}: 'void java.lang.System.load(java.lang.String, java.lang.Class)'> (0x00000005ab0e63d0) 
thrown [s\src\hotspot\share\interpreter\linkResolver.cpp, line 773]
Event: 0.356 Thread 0x0000026738cfdf10 Exception <a 'java/lang/NoSuchMethodError'{0x00000005ab0e8e20}: 'void java.lang.System.loadLibrary(java.lang.String, java.lang.Class)'> (0x00000005ab0e8e20) 
thrown [s\src\hotspot\share\interpreter\linkResolver.cpp, line 773]
Event: 0.362 Thread 0x0000026738cfdf10 Exception <a 'sun/nio/fs/WindowsException'{0x00000005ab0f8410}> (0x00000005ab0f8410) 
thrown [s\src\hotspot\share\prims\jni.cpp, line 520]
Event: 0.362 Thread 0x0000026738cfdf10 Exception <a 'sun/nio/fs/WindowsException'{0x00000005ab0f87b0}> (0x00000005ab0f87b0) 
thrown [s\src\hotspot\share\prims\jni.cpp, line 520]
Event: 0.366 Thread 0x0000026738cfdf10 Exception <a 'sun/nio/fs/WindowsException'{0x00000005ab101ad8}> (0x00000005ab101ad8) 
thrown [s\src\hotspot\share\prims\jni.cpp, line 520]
Event: 0.367 Thread 0x0000026738cfdf10 Exception <a 'sun/nio/fs/WindowsException'{0x00000005ab101da8}> (0x00000005ab101da8) 
thrown [s\src\hotspot\share\prims\jni.cpp, line 520]
Event: 0.584 Thread 0x0000026738cfdf10 Exception <a 'java/lang/NoSuchMethodError'{0x00000005ab3bb998}: 'void java.lang.System.load(java.lang.String, java.lang.Class)'> (0x00000005ab3bb998) 
thrown [s\src\hotspot\share\interpreter\linkResolver.cpp, line 773]
Event: 0.585 Thread 0x0000026738cfdf10 Exception <a 'java/lang/NoSuchMethodError'{0x00000005ab3be3e8}: 'void java.lang.System.loadLibrary(java.lang.String, java.lang.Class)'> (0x00000005ab3be3e8) 
thrown [s\src\hotspot\share\interpreter\linkResolver.cpp, line 773]
Event: 0.590 Thread 0x0000026738cfdf10 Exception <a 'sun/nio/fs/WindowsException'{0x00000005ab3cde48}> (0x00000005ab3cde48) 
thrown [s\src\hotspot\share\prims\jni.cpp, line 520]
Event: 0.590 Thread 0x0000026738cfdf10 Exception <a 'sun/nio/fs/WindowsException'{0x00000005ab3ce1c8}> (0x00000005ab3ce1c8) 
thrown [s\src\hotspot\share\prims\jni.cpp, line 520]

ZGC Phase Switch (0 events):
No events

VM Operations (4 events):
Event: 0.087 Executing VM operation: HandshakeAllThreads (Deoptimize)
Event: 0.087 Executing VM operation: HandshakeAllThreads (Deoptimize) done
Event: 0.145 Executing VM operation: HandshakeAllThreads (Deoptimize)
Event: 0.145 Executing VM operation: HandshakeAllThreads (Deoptimize) done

Memory protections (0 events):
No events

Nmethod flushes (0 events):
No events

Events (13 events):
Event: 0.018 Thread 0x0000026738cfdf10 Thread added: 0x0000026738cfdf10
Event: 0.029 Thread 0x0000026738cfdf10 Thread added: 0x000002676118f830
Event: 0.029 Thread 0x0000026738cfdf10 Thread added: 0x0000026761190840
Event: 0.030 Thread 0x0000026738cfdf10 Thread added: 0x00000267611942b0
Event: 0.030 Thread 0x0000026738cfdf10 Thread added: 0x0000026761196f10
Event: 0.030 Thread 0x0000026738cfdf10 Thread added: 0x0000026761199e80
Event: 0.030 Thread 0x0000026738cfdf10 Thread added: 0x00000267611a6140
Event: 0.030 Thread 0x0000026738cfdf10 Thread added: 0x00000267611a8620
Event: 0.030 Thread 0x0000026738cfdf10 Thread added: 0x00000267611a90c0
Event: 0.065 Thread 0x0000026738cfdf10 Thread added: 0x00000267618a28c0
Event: 0.067 Thread 0x0000026738cfdf10 Thread added: 0x00000267618b0cc0
Event: 0.094 Thread 0x00000267611a90c0 Thread added: 0x000002676198a6e0
Event: 0.352 Thread 0x000002676198a6e0 Thread exited: 0x000002676198a6e0


Dynamic libraries:
0x00007ff618090000 - 0x00007ff61809e000 	C:\Users\emanu\.jdks\corretto-21.0.4\bin\java.exe
0x00007ffc6ec90000 - 0x00007ffc6eea7000 	C:\Windows\SYSTEM32\ntdll.dll
0x00007ffc6e120000 - 0x00007ffc6e1e4000 	C:\Windows\System32\KERNEL32.DLL
0x00007ffc6c610000 - 0x00007ffc6c9bd000 	C:\Windows\System32\KERNELBASE.dll
0x00007ffc6bfb0000 - 0x00007ffc6c0c1000 	C:\Windows\System32\ucrtbase.dll
0x00007ffc44b00000 - 0x00007ffc44b18000 	C:\Users\emanu\.jdks\corretto-21.0.4\bin\jli.dll
0x00007ffc311c0000 - 0x00007ffc311db000 	C:\Users\emanu\.jdks\corretto-21.0.4\bin\VCRUNTIME140.dll
0x00007ffc6e2f0000 - 0x00007ffc6e49e000 	C:\Windows\System32\USER32.dll
0x00007ffc6c5e0000 - 0x00007ffc6c606000 	C:\Windows\System32\win32u.dll
0x00007ffc515b0000 - 0x00007ffc51843000 	C:\Windows\WinSxS\amd64_microsoft.windows.common-controls_6595b64144ccf1df_6.0.22621.3672_none_2713b9d173822955\COMCTL32.dll
0x00007ffc6e920000 - 0x00007ffc6e949000 	C:\Windows\System32\GDI32.dll
0x00007ffc6e710000 - 0x00007ffc6e7b7000 	C:\Windows\System32\msvcrt.dll
0x00007ffc6c190000 - 0x00007ffc6c2a9000 	C:\Windows\System32\gdi32full.dll
0x00007ffc6c3d0000 - 0x00007ffc6c46a000 	C:\Windows\System32\msvcp_win.dll
0x00007ffc6e4a0000 - 0x00007ffc6e4d1000 	C:\Windows\System32\IMM32.DLL
0x00007ffc532c0000 - 0x00007ffc532cc000 	C:\Users\emanu\.jdks\corretto-21.0.4\bin\vcruntime140_1.dll
0x00007ffbdd0e0000 - 0x00007ffbdd16d000 	C:\Users\emanu\.jdks\corretto-21.0.4\bin\msvcp140.dll
0x00007ffb4e620000 - 0x00007ffb4f3b6000 	C:\Users\emanu\.jdks\corretto-21.0.4\bin\server\jvm.dll
0x00007ffc6d3a0000 - 0x00007ffc6d452000 	C:\Windows\System32\ADVAPI32.dll
0x00007ffc6c9c0000 - 0x00007ffc6ca69000 	C:\Windows\System32\sechost.dll
0x00007ffc6c330000 - 0x00007ffc6c358000 	C:\Windows\System32\bcrypt.dll
0x00007ffc6ea00000 - 0x00007ffc6eb14000 	C:\Windows\System32\RPCRT4.dll
0x00007ffc6e1f0000 - 0x00007ffc6e261000 	C:\Windows\System32\WS2_32.dll
0x00007ffc6ae20000 - 0x00007ffc6ae6d000 	C:\Windows\SYSTEM32\POWRPROF.dll
0x00007ffc63760000 - 0x00007ffc63794000 	C:\Windows\SYSTEM32\WINMM.dll
0x00007ffc62470000 - 0x00007ffc6247a000 	C:\Windows\SYSTEM32\VERSION.dll
0x00007ffc6ae00000 - 0x00007ffc6ae13000 	C:\Windows\SYSTEM32\UMPDC.dll
0x00007ffc6b0b0000 - 0x00007ffc6b0c8000 	C:\Windows\SYSTEM32\kernel.appcore.dll
0x00007ffc3eae0000 - 0x00007ffc3eaea000 	C:\Users\emanu\.jdks\corretto-21.0.4\bin\jimage.dll
0x00007ffc69900000 - 0x00007ffc69b32000 	C:\Windows\SYSTEM32\DBGHELP.DLL
0x00007ffc6ca70000 - 0x00007ffc6cdfe000 	C:\Windows\System32\combase.dll
0x00007ffc6eb20000 - 0x00007ffc6ebf7000 	C:\Windows\System32\OLEAUT32.dll
0x00007ffc50bc0000 - 0x00007ffc50bf2000 	C:\Windows\SYSTEM32\dbgcore.DLL
0x00007ffc6c2b0000 - 0x00007ffc6c32b000 	C:\Windows\System32\bcryptPrimitives.dll
0x00007ffc2c6d0000 - 0x00007ffc2c6ef000 	C:\Users\emanu\.jdks\corretto-21.0.4\bin\java.dll
0x00007ffc6d560000 - 0x00007ffc6ddc7000 	C:\Windows\System32\SHELL32.dll
0x00007ffc69ef0000 - 0x00007ffc6a7ef000 	C:\Windows\SYSTEM32\windows.storage.dll
0x00007ffc69db0000 - 0x00007ffc69eef000 	C:\Windows\SYSTEM32\wintypes.dll
0x00007ffc6d460000 - 0x00007ffc6d559000 	C:\Windows\System32\SHCORE.dll
0x00007ffc6de60000 - 0x00007ffc6debe000 	C:\Windows\System32\shlwapi.dll
0x00007ffc6bee0000 - 0x00007ffc6bf07000 	C:\Windows\SYSTEM32\profapi.dll
0x00007ffb7db90000 - 0x00007ffb7dc67000 	C:\Users\emanu\.jdks\corretto-21.0.4\bin\jsvml.dll
0x00007ffc2c6c0000 - 0x00007ffc2c6d0000 	C:\Users\emanu\.jdks\corretto-21.0.4\bin\net.dll
0x00007ffc65ea0000 - 0x00007ffc65fd6000 	C:\Windows\SYSTEM32\WINHTTP.dll
0x00007ffc6b510000 - 0x00007ffc6b579000 	C:\Windows\system32\mswsock.dll
0x00007ffc240f0000 - 0x00007ffc24106000 	C:\Users\emanu\.jdks\corretto-21.0.4\bin\nio.dll
0x00007ffc2c670000 - 0x00007ffc2c688000 	C:\Users\emanu\.jdks\corretto-21.0.4\bin\zip.dll
0x00007ffc23ba0000 - 0x00007ffc23c1b000 	C:\Users\emanu\AppData\Local\Temp\lwjgl_emanu\3.3.3+5\x64\lwjgl.dll
0x00007ffc23b10000 - 0x00007ffc23b92000 	C:\Users\emanu\AppData\Local\Temp\lwjgl_emanu\3.3.3+5\x64\glfw.dll
0x00007ffc53440000 - 0x00007ffc53486000 	C:\Windows\SYSTEM32\dinput8.dll
0x00007ffbed290000 - 0x00007ffbed2a1000 	C:\Windows\SYSTEM32\xinput1_4.dll
0x00007ffc6bc70000 - 0x00007ffc6bcbe000 	C:\Windows\SYSTEM32\cfgmgr32.dll
0x00007ffc6bcc0000 - 0x00007ffc6bcec000 	C:\Windows\SYSTEM32\DEVOBJ.dll
0x00007ffc66930000 - 0x00007ffc6695b000 	C:\Windows\SYSTEM32\dwmapi.dll
0x00007ffc5b9a0000 - 0x00007ffc5bbb3000 	C:\Windows\SYSTEM32\inputhost.dll
0x00007ffc648b0000 - 0x00007ffc649e3000 	C:\Windows\SYSTEM32\CoreMessaging.dll
0x00007ffc66720000 - 0x00007ffc667d1000 	C:\Windows\system32\uxtheme.dll
0x00007ffc6b840000 - 0x00007ffc6b84c000 	C:\Windows\SYSTEM32\CRYPTBASE.DLL
0x00007ffc6e7c0000 - 0x00007ffc6e91e000 	C:\Windows\System32\MSCTF.dll
0x00007ffc36770000 - 0x00007ffc36870000 	C:\Windows\SYSTEM32\opengl32.dll
0x00007ffc36700000 - 0x00007ffc3672d000 	C:\Windows\SYSTEM32\GLU32.dll
0x00007ffc69110000 - 0x00007ffc69147000 	C:\Windows\SYSTEM32\dxcore.dll
0x00007ffc62830000 - 0x00007ffc62879000 	C:\Windows\SYSTEM32\directxdatabasehelper.dll
0x00007ffc6e950000 - 0x00007ffc6ea00000 	C:\Windows\System32\clbcatq.dll
0x00007ffb76720000 - 0x00007ffb779a5000 	C:\Windows\System32\DriverStore\FileRepository\iigd_dch.inf_amd64_f63934308f6cc308\igxelpicd64.dll
0x00007ffc6e560000 - 0x00007ffc6e705000 	C:\Windows\System32\ole32.dll
0x00007ffc66820000 - 0x00007ffc66917000 	C:\Windows\system32\dxgi.dll
0x00007ffb763c0000 - 0x00007ffb76714000 	C:\Windows\System32\DriverStore\FileRepository\iigd_dch.inf_amd64_f63934308f6cc308\igdml64.dll
0x00007ffc57790000 - 0x00007ffc57bce000 	C:\Windows\System32\DriverStore\FileRepository\iigd_dch.inf_amd64_f63934308f6cc308\igdgmm64.dll
0x00007ffc536c0000 - 0x00007ffc57702000 	C:\Windows\System32\DriverStore\FileRepository\iigd_dch.inf_amd64_f63934308f6cc308\igc64.dll
0x00007ffc5c330000 - 0x00007ffc5c473000 	C:\Windows\SYSTEM32\textinputframework.dll
0x00007ffc5ee00000 - 0x00007ffc5f16d000 	C:\Windows\SYSTEM32\CoreUIComponents.dll
0x00007ffc23ab0000 - 0x00007ffc23b0e000 	C:\Users\emanu\AppData\Local\Temp\lwjgl_emanu\3.3.3+5\x64\lwjgl_opengl.dll
0x00007ffc2c660000 - 0x00007ffc2c670000 	C:\Users\emanu\.jdks\corretto-21.0.4\bin\verify.dll
0x00007ffc23a20000 - 0x00007ffc23aa2000 	C:\Users\emanu\AppData\Local\Temp\lwjgl_emanu\3.3.3+5\x64\lwjgl_stb.dll

dbghelp: loaded successfully - version: 4.0.5 - missing functions: none
symbol engine: initialized successfully - sym options: 0x614 - pdb path: .;C:\Users\emanu\.jdks\corretto-21.0.4\bin;C:\Windows\SYSTEM32;C:\Windows\WinSxS\amd64_microsoft.windows.common-controls_6595b64144ccf1df_6.0.22621.3672_none_2713b9d173822955;C:\Users\emanu\.jdks\corretto-21.0.4\bin\server;C:\Users\emanu\AppData\Local\Temp\lwjgl_emanu\3.3.3+5\x64;C:\Windows\System32\DriverStore\FileRepository\iigd_dch.inf_amd64_f63934308f6cc308

VM Arguments:
jvm_args: -Dfile.encoding=UTF-8 -Duser.country=IT -Duser.language=it -Duser.variant 
java_command: gameengine.Main
java_class_path (initial): D:\Programmazione\Java\JetEngine\build\classes\java\main;D:\Programmazione\Java\JetEngine\build\resources\main;C:\Users\emanu\.gradle\caches\modules-2\files-2.1\org.openjfx\javafx-fxml\17.0.6\5724aedc415683e62eeab3a3875550aa814c84fd\javafx-fxml-17.0.6-win.jar;C:\Users\emanu\.gradle\caches\modules-2\files-2.1\org.openjfx\javafx-web\17.0.6\f4117256e602d41f484f2b9e5a74eeadc0a272eb\javafx-web-17.0.6-win.jar;C:\Users\emanu\.gradle\caches\modules-2\files-2.1\org.openjfx\javafx-controls\17.0.6\c95b460be3bc372060ff32d0c666c1233c3e8400\javafx-controls-17.0.6-win.jar;C:\Users\emanu\.gradle\caches\modules-2\files-2.1\org.openjfx\javafx-controls\17.0.6\8a9b91d717ec8bcdb179b91ae8a4f1137756fe3a\javafx-controls-17.0.6.jar;C:\Users\emanu\.gradle\caches\modules-2\files-2.1\org.openjfx\javafx-media\17.0.6\cc7e03817252ace41ece37ab29f193ba3fd0153e\javafx-media-17.0.6-win.jar;C:\Users\emanu\.gradle\caches\modules-2\files-2.1\org.openjfx\javafx-media\17.0.6\5a496809cfebccf228a9cb1678b8cd51d986704b\javafx-media-17.0.6.jar;C:\Users\emanu\.gradle\caches\modules-2\files-2.1\org.openjfx\javafx-swing\17.0.6\974e453fb9afac1fb6536a1c6c0edfc203959b8\javafx-swing-17.0.6-win.jar;C:\Users\emanu\.gradle\caches\modules-2\files-2.1\org.openjfx\javafx-graphics\17.0.6\14326bf575b927d3c31a775f74bcf754ced35353\javafx-graphics-17.0.6-win.jar;C:\Users\emanu\.gradle\caches\modules-2\files-2.1\org.openjfx\javafx-graphics\17.0.6\a71a20fc765c578c17e6bd6525c029b03286ff5e\javafx-graphics-17.0.6.jar;C:\Users\emanu\.gradle\caches\modules-2\files-2.1\org.openjfx\javafx-base\17.0.6\78ccb38688b70acc6b59718daca8bdb91f99db57\javafx-base-17.0.6-win.jar;C:\Users\emanu\.gradle\caches\modules-2\files-2.1\org.openjfx\javafx-base\17.0.6\808b77ecf79be87b304a78fa9fffad805bfdb9f5\javafx-base-17.0.6.jar;C:\Users\emanu\.gradle\caches\modules-2\files-2.1\org.controlsfx\controlsfx\11.2.1\e0f2568b8ee6e7a1639741f21b0024277ecbb7a7\controlsfx-11.2.1.jar;C:\Users\emanu\.gradle\caches\modules-2\files-2.1\com.dlsc.formsfx\formsfx-core\11.6.0\dd14a71601781f316a3d5259af549c37b4b3b311\formsfx-core-11.6.0.jar;C:\Users\emanu\.gradle\caches\modules-2\files-2.1\net.synedra\validatorfx\0.5.0\8eaa2e85f8f4370dc2ecd050c5627b064cb3ec74\validatorfx-0.5.0.jar;C:\Users\emanu\.gradle\caches\modules-2\files-2.1\org.kordamp.ikonli\ikonli-javafx\12.3.1\6df78c8f23f4509f88b8e05c32da64b7dc494356\ikonli-javafx-12.3.1.jar;C:\Users\emanu\.gradle\caches\modules-2\files-2.1\org.kordamp.bootstrapfx\bootstrapfx-core\0.4.0\8d019b30266c00770cf29921d1008ad7feed0ed6\bootstrapfx-core-0.4.0.jar;C:\Users\emanu\.gradle\caches\modules-2\files-2.1\com.github.almasb\fxgl\17.3\614d2b2607c97fe7b539dfa75036066a8010f74b\fxgl-17.3.jar;C:\Users\emanu\.gradle\caches\modules-2\files-2.1\org.lwjgl\lwjgl-assimp\3.3.3\c2c34011cbda30ed8cf98bc5cbf97b49afe5279a\lwjgl-assimp-3.3.3.jar;C:\Users\emanu\.gradle\caches\modules-2\files-2.1\org.lwjgl\lwjgl-assimp\3.3.3\d90ccdade594716062975cffd1431d387f770ac4\lwjgl-assimp-3.3.3-natives-windows.jar;C:\Users\emanu\.gradle\caches\modules-2\files-2.1\org.lwjgl\lwjgl-glfw\3.3.3\efa1eb78c5ccd840e9f329717109b5e892d72f8e\lwjgl-glfw-3.3.3.jar;C:\Users\emanu\.gradle\caches\modules-2\files-2.1\org.lwjgl\lwjgl-glfw\3.3.3\e449e28b4891fc423c54c85fbc5bb0b9efece67a\lwjgl-glfw-3.3.3-natives-windows.jar;C:\Users\emanu\.gradle\caches\modules-2\files-2.1\org.lwjgl\lwjgl-nfd\3.3.3\f1b41d3a0a2f5cd2a55a6a59a618c87d0348681c\lwjgl-nfd-3.3.3.jar;C:\Users\emanu\.gradle\caches\modules-2\files-2.1\org.lwjgl\lwjgl-nfd\3.3.3\3a39132eef695dcb7631adc1d02e493527940d10\lwjgl-nfd-3.3.3-natives-windows.jar;C:\Users\emanu\.gradle\caches\modules-2\files-2.1\org.lwjgl\lwjgl-openal\3.3.3\daada81ceb5fc0c291fbfdd4433cb8d9423577f2\lwjgl-openal-3.3.3.jar;C:\Users\emanu\.gradle\caches\modules-2\files-2.1\org.lwjgl\lwjgl-openal\3.3.3\cf83862ae95d98496b26915024c7e666d8ab1c8f\lwjgl-openal-3.3.3-natives-windows.jar;C:\Users\emanu\.gradle\caches\modules-2\files-2.1\org.lwjgl\lwjgl-opengl\3.3.3\2f6b0147078396a58979125a4c947664e98293a\lwjgl-opengl-3.3.3.jar;C:\Users\emanu\.gradle\caches\modules-2\files-2.1\org.lwjgl\lwjgl-opengl\3.3.3\e6c1eec8be8a71951b830a4d69efc01c6531900c\lwjgl-opengl-3.3.3-natives-windows.jar;C:\Users\emanu\.gradle\caches\modules-2\files-2.1\org.lwjgl\lwjgl-stb\3.3.3\25dd6161988d7e65f71d5065c99902402ee32746\lwjgl-stb-3.3.3.jar;C:\Users\emanu\.gradle\caches\modules-2\files-2.1\org.lwjgl\lwjgl-stb\3.3.3\1d9facdf6541de114b0f963be33505b7679c78cb\lwjgl-stb-3.3.3-natives-windows.jar;C:\Users\emanu\.gradle\caches\modules-2\files-2.1\org.lwjgl\lwjgl\3.3.3\29589b5f87ed335a6c7e7ee6a5775f81f97ecb84\lwjgl-3.3.3.jar;C:\Users\emanu\.gradle\caches\modules-2\files-2.1\org.lwjgl\lwjgl\3.3.3\a5ed18a2b82fc91b81f40d717cb1f64c9dcb0540\lwjgl-3.3.3-natives-windows.jar;C:\Users\emanu\.gradle\caches\modules-2\files-2.1\org.joml\joml\1.10.7\f8c3f2e7db281bde099342dd36133de4bbba390c\joml-1.10.7.jar;C:\Users\emanu\.gradle\caches\modules-2\files-2.1\org.kordamp.ikonli\ikonli-core\12.3.1\50c5658c1a5aeeec30320c6be71274d01f5fb869\ikonli-core-12.3.1.jar;C:\Users\emanu\.gradle\caches\modules-2\files-2.1\com.github.almasb\fxgl-io\17.3\876d135482b530bbdec01b55dc71e6474a4e192e\fxgl-io-17.3.jar;C:\Users\emanu\.gradle\caches\modules-2\files-2.1\com.github.almasb\fxgl-entity\17.3\aeb2831289e461a12d2d370c990c7b4ab8e9e4ec\fxgl-entity-17.3.jar;C:\Users\emanu\.gradle\caches\modules-2\files-2.1\com.github.almasb\fxgl-gameplay\17.3\209e1ca860bd3125fb0c9b939ed5105aab757528\fxgl-gameplay-17.3.jar;C:\Users\emanu\.gradle\caches\modules-2\files-2.1\com.github.almasb\fxgl-scene\17.3\ce4c8ac21ef22e162ef6556bd5d73561690b3493\fxgl-scene-17.3.jar;C:\Users\emanu\.gradle\caches\modules-2\files-2.1\com.github.almasb\fxgl-core\17.3\318f2682beaa088756ee0c7c0a49233627364701\fxgl-core-17.3.jar;C:\Users\emanu\.gradle\caches\modules-2\files-2.1\com.fasterxml.jackson.core\jackson-annotations\2.14.2\a7aae9525864930723e3453ab799521fdfd9d873\jackson-annotations-2.14.2.jar;C:\Users\emanu\.gradle\caches\modules-2\files-2.1\com.fasterxml.jackson.core\jackson-core\2.14.2\f804090e6399ce0cf78242db086017512dd71fcc\jackson-core-2.14.2.jar;C:\Users\emanu\.gradle\caches\modules-2\files-2.1\com.fasterxml.jackson.core\jackson-databind\2.14.2\1e71fddbc80bb86f71a6345ac1e8ab8a00e7134\jackson-databind-2.14.2.jar;C:\Users\emanu\.gradle\caches\modules-2\files-2.1\com.gluonhq.attach\lifecycle\4.0.17\efe9f0c28d9b25300ac75bb30b9940991fb3e0b4\lifecycle-4.0.17.jar;C:\Users\emanu\.gradle\caches\modules-2\files-2.1\org.jetbrains.kotlin\kotlin-stdlib-jdk8\1.8.20\73576ddf378c5b4f1f6b449fe6b119b8183fc078\kotlin-stdlib-jdk8-1.8.20.jar;C:\Users\emanu\.gradle\caches\modules-2\files-2.1\com.gluonhq.attach\audio\4.0.17\ed8c59b6a7c18b7e8d30fde3f63e49c0296794d2\audio-4.0.17.jar;C:\Users\emanu\.gradle\caches\modules-2\files-2.1\com.gluonhq.attach\storage\4.0.17\c42466bfdc5f1f9d4d884ca21a3574715ca0b221\storage-4.0.17.jar;C:\Users\emanu\.gradle\caches\modules-2\files-2.1\com.gluonhq.attach\util\4.0.17\f328cfa01ab3496012e31316e36bf3114b0900f2\util-4.0.17.jar;C:\Users\emanu\.gradle\caches\modules-2\files-2.1\org.jetbrains.kotlin\kotlin-stdlib-jdk7\1.8.20\3aa51faf20aae8b31e1a4bc54f8370673d7b7df4\kotlin-stdlib-jdk7-1.8.20.jar;C:\Users\emanu\.gradle\caches\modules-2\files-2.1\org.jetbrains.kotlin\kotlin-stdlib\1.8.20\e72fc5e03ec6c064c678a6bd0d955c88d55b0c4a\kotlin-stdlib-1.8.20.jar;C:\Users\emanu\.gradle\caches\modules-2\files-2.1\org.jetbrains.kotlin\kotlin-stdlib-common\1.8.20\5eddaaf234c8c49d03eebeb6a14feb7f90faca71\kotlin-stdlib-common-1.8.20.jar;C:\Users\emanu\.gradle\caches\modules-2\files-2.1\org.jetbrains\annotations\13.0\919f0dfe192fb4e063e7dacadee7f8bb9a2672a9\annotations-13.0.jar
Launcher Type: SUN_STANDARD

[Global flags]
     intx CICompilerCount                          = 3                                         {product} {ergonomic}
     uint ConcGCThreads                            = 2                                         {product} {ergonomic}
     uint G1ConcRefinementThreads                  = 6                                         {product} {ergonomic}
   size_t G1HeapRegionSize                         = 8388608                                   {product} {ergonomic}
    uintx GCDrainStackTargetSize                   = 64                                        {product} {ergonomic}
   size_t InitialHeapSize                          = 671088640                                 {product} {ergonomic}
   size_t MarkStackSize                            = 4194304                                   {product} {ergonomic}
   size_t MaxHeapSize                              = 10670309376                               {product} {ergonomic}
   size_t MaxNewSize                               = 6400507904                                {product} {ergonomic}
   size_t MinHeapDeltaBytes                        = 8388608                                   {product} {ergonomic}
   size_t MinHeapSize                              = 8388608                                   {product} {ergonomic}
    uintx NonNMethodCodeHeapSize                   = 5832780                                {pd product} {ergonomic}
    uintx NonProfiledCodeHeapSize                  = 122912730                              {pd product} {ergonomic}
    uintx ProfiledCodeHeapSize                     = 122912730                              {pd product} {ergonomic}
    uintx ReservedCodeCacheSize                    = 251658240                              {pd product} {ergonomic}
     bool SegmentedCodeCache                       = true                                      {product} {ergonomic}
   size_t SoftMaxHeapSize                          = 10670309376                            {manageable} {ergonomic}
     bool UseCompressedOops                        = true                           {product lp64_product} {ergonomic}
     bool UseG1GC                                  = true                                      {product} {ergonomic}
     bool UseLargePagesIndividualAllocation        = false                                  {pd product} {ergonomic}

Logging:
Log output configuration:
 #0: stdout all=warning uptime,level,tags foldmultilines=false
 #1: stderr all=off uptime,level,tags foldmultilines=false

Environment Variables:
JAVA_HOME=C:\Program Files\Android\Android Studio\jre
PATH=C:\Program Files\Common Files\Oracle\Java\javapath;C:\Program Files (x86)\Common Files\Oracle\Java\java8path;C:\Program Files (x86)\Common Files\Oracle\Java\javapath;C:\Program Files\Microsoft\jdk-11.0.16.101-hotspot\bin;C:\Windows\system32;C:\Windows;C:\Windows\System32\Wbem;C:\Windows\System32\WindowsPowerShell\v1.0\;C:\Windows\System32\OpenSSH\;C:\Program Files\NVIDIA Corporation\NVIDIA NvDLISR;C:\Program Files\Microsoft SQL Server\150\Tools\Binn\;C:\Program Files\Microsoft SQL Server\Client SDK\ODBC\170\Tools\Binn\;C:\Program Files\dotnet\;C:\Program Files (x86)\Windows Kits\10\Windows Performance Toolkit\;C:\Program Files\nodejs\;C:\Program Files (x86)\NVIDIA Corporation\PhysX\Common;C:\xampp\php;C:\composer;C:\Program Files\Git\cmd;C:\Program Files\Git LFS;C:\Program Files (x86)\Microsoft SQL Server\160\Tools\Binn\;C:\Program Files\Microsoft SQL Server\160\Tools\Binn\;C:\Program Files\Microsoft SQL Server\160\DTS\Binn\;C:\Program Files (x86)\Microsoft SQL Server\160\DTS\Binn\;C:\Program Files\Erlang OTP\bin;C:\Users\emanu\rebar3;C:\Program Files\MySQL\MySQL Shell 8.0\bin\;C:\Users\emanu\AppData\Local\Microsoft\WindowsApps;C:\Users\emanu\AppData\Local\Programs\Microsoft VS Code\bin;C:\Users\emanu\.dotnet\tools;C:\Users\emanu\AppData\Roaming\npm;C:\Program Files\JetBrains\PyCharm Community Edition 2023.2.1\bin;;C:\Users\emanu\AppData\Roaming\Composer\vendor\bin;C:\Users\emanu\AppData\Roaming\npm\node_modules\solc;C:\Users\emanu\AppData\Local\GitHubDesktop\bin;C:\Users\emanu\AppData\Local\Android\Sdk\platform-tools;C:\Users\emanu\AppData\Local\Android\Sdk\tools;C:\Users\emanu\AppData\Local\Android\Sdk\platform-tools;C:\Users\emanu\AppData\Local\Android\Sdk\tools;C:\Users\emanu\AppData\Local\Android\Sdk\platform-tools;C:\Users\emanu\AppData\Local\Android\Sdk\tools;C:\Program Files\JetBrains\IntelliJ IDEA Community Edition 2024.2.0.2\bin;;;C:\Program Files\JetBrains\JetBrains Rider 2022.2\bin;
USERNAME=emanu
OS=Windows_NT
PROCESSOR_IDENTIFIER=Intel64 Family 6 Model 141 Stepping 1, GenuineIntel
TMP=C:\Users\emanu\AppData\Local\Temp
TEMP=C:\Users\emanu\AppData\Local\Temp




Periodic native trim disabled

---------------  S Y S T E M  ---------------

OS:
 Windows 11 , 64 bit Build 22621 (10.0.22621.3958)
OS uptime: 0 days 23:53 hours
Hyper-V role detected

CPU: total 6 (initial active 6) (6 cores per cpu, 2 threads per core) family 6 model 141 stepping 1 microcode 0x34, cx8, cmov, fxsr, ht, mmx, 3dnowpref, sse, sse2, sse3, ssse3, sse4.1, sse4.2, popcnt, lzcnt, tsc, tscinvbit, avx, avx2, aes, erms, clmul, bmi1, bmi2, adx, avx512f, avx512dq, avx512cd, avx512bw, avx512vl, sha, fma, vzeroupper, avx512_vpopcntdq, avx512_vpclmulqdq, avx512_vaes, avx512_vnni, clflush, clflushopt, clwb, avx512_vbmi2, avx512_vbmi, hv, rdtscp, rdpid, fsrm, gfni, avx512_bitalg, f16c, cet_ibt, cet_ss, avx512_ifma
Processor Information for all 6 processors :
  Max Mhz: 2688, Current Mhz: 2688, Mhz Limit: 2688

Memory: 4k page, system-wide physical 40698M (20987M free)
TotalPageFile size 43258M (AvailPageFile size 21679M)
current process WorkingSet (physical memory assigned to process): 198M, peak: 198M
current process commit charge ("private bytes"): 802M, peak: 802M

vm_info: OpenJDK 64-Bit Server VM (21.0.4+7-LTS) for windows-amd64 JRE (21.0.4+7-LTS), built on 2024-07-10T17:34:29Z by "Administrator" with MS VC++ 16.10 / 16.11 (VS2019)

END.
