#
# A fatal error has been detected by the Java Runtime Environment:
#
#  EXCEPTION_ACCESS_VIOLATION (0xc0000005) at pc=0x000000006f6c1914, pid=9052, tid=5880
#
# JRE version: Java(TM) SE Runtime Environment (21.0.3+7) (build 21.0.3+7-LTS-152)
# Java VM: Java HotSpot(TM) 64-Bit Server VM (21.0.3+7-LTS-152, mixed mode, sharing, tiered, compressed oops, compressed class ptrs, g1 gc, windows-amd64)
# Problematic frame:
# C  [imgui-java64.dll+0x1914]
#
# No core dump will be written. Minidumps are not enabled by default on client versions of Windows
#
# If you would like to submit a bug report, please visit:
#   https://bugreport.java.com/bugreport/crash.jsp
# The crash happened outside the Java Virtual Machine in native code.
# See problematic frame for where to report the bug.
#

---------------  S U M M A R Y ------------

Command Line: -Djava.library.path=D:\Programmazione\Java\JetEngine/libs -Dfile.encoding=UTF-8 -Duser.country=IT -Duser.language=it -Duser.variant gameengine.Main

Host: 11th Gen Intel(R) Core(TM) i5-11400H @ 2.70GHz, 6 cores, 39G,  Windows 11 , 64 bit Build 22621 (10.0.22621.3958)
Time: Sat Sep 28 22:15:47 2024 ora legale Europa occidentale elapsed time: 0.856757 seconds (0d 0h 0m 0s)

---------------  T H R E A D  ---------------

Current thread (0x0000020ac429b810):  JavaThread "main"             [_thread_in_native, id=5880, stack(0x0000000c5dd00000,0x0000000c5de00000) (1024K)]

Stack: [0x0000000c5dd00000,0x0000000c5de00000],  sp=0x0000000c5ddff4a0,  free space=1021k
Native frames: (J=compiled Java code, j=interpreted, Vv=VM code, C=native code)
C  [imgui-java64.dll+0x1914]

Java frames: (J=compiled Java code, j=interpreted, Vv=VM code)
j  imgui.ImDrawData.getCmdListsCount()I+0
j  imgui.gl3.ImGuiImplGl3.render(Limgui/ImDrawData;)V+1
j  gameengine.Engine.ImGuiLayer.endFrame()V+7
j  gameengine.Engine.ImGuiLayer.Update(F)V+9
j  gameengine.Engine.Window.Loop()V+63
j  gameengine.Engine.Window.Run()V+19
j  gameengine.Main.main([Ljava/lang/String;)V+5
v  ~StubRoutines::call_stub 0x0000020ad54210e7

siginfo: EXCEPTION_ACCESS_VIOLATION (0xc0000005), reading address 0x0000000000000010


Registers:
RAX=0x0000000000000000, RBX=0x0000020aed5c3090, RCX=0x0000020ac429bbc8, RDX=0x0000000c5ddff568
RSP=0x0000000c5ddff4a0, RBP=0x0000000c5ddff548, RSI=0x00000000000001a0, RDI=0x0000000000000693
R8 =0x0000000000000042, R9 =0x00000005ab58a330, R10=0x00007ffbace28470, R11=0x0000000000000000
R12=0x0000000000000000, R13=0x0000020aed5c3090, R14=0x0000000c5ddff568, R15=0x0000020ac429b810
RIP=0x000000006f6c1914, EFLAGS=0x0000000000010246


Register to memory mapping:

RAX=0x0 is null
RBX={method} {0x0000020aed5c3098} 'getCmdListsCount' '()I' in 'imgui/ImDrawData'
RCX=0x0000020ac429bbc8 points into unknown readable memory: 0x0000020af12a5700 | 00 57 2a f1 0a 02 00 00
RDX=0x0000000c5ddff568 is pointing into the stack for thread: 0x0000020ac429b810
RSP=0x0000000c5ddff4a0 is pointing into the stack for thread: 0x0000020ac429b810
RBP=0x0000000c5ddff548 is pointing into the stack for thread: 0x0000020ac429b810
RSI=0x00000000000001a0 is an unknown value
RDI=0x0000000000000693 is an unknown value
R8 =0x0000000000000042 is an unknown value
R9 =0x00000005ab58a330 is an oop: imgui.ImDrawData 
{0x00000005ab58a330} - klass: 'imgui/ImDrawData'
 - ---- fields (total size 4 words):
 - private 'idxBuffer' 'Ljava/nio/ByteBuffer;' @12  a 'java/nio/DirectByteBuffer'{0x00000005ab58a3d0} (0xb56b147a)
 - final 'ptr' 'J' @16  0 (0x0000000000000000)
 - private 'vtxBuffer' 'Ljava/nio/ByteBuffer;' @24  a 'java/nio/DirectByteBuffer'{0x00000005ab58a458} (0xb56b148b)
R10=0x00007ffbace28470 jvm.dll
R11=0x0 is null
R12=0x0 is null
R13={method} {0x0000020aed5c3098} 'getCmdListsCount' '()I' in 'imgui/ImDrawData'
R14=0x0000000c5ddff568 is pointing into the stack for thread: 0x0000020ac429b810
R15=0x0000020ac429b810 is a thread

Top of Stack: (sp=0x0000000c5ddff4a0)
0x0000000c5ddff4a0:   0000020aed5c3090 0000020aed5c3090
0x0000000c5ddff4b0:   0000020aed5c3090 0000000c5ddff568
0x0000000c5ddff4c0:   0000000000000693 0000020ad542cf4b
0x0000000c5ddff4d0:   0000020aed5c3090 00000000000001a0
0x0000000c5ddff4e0:   00000000000001a0 00000000000186a0
0x0000000c5ddff4f0:   0000020aed5851d0 0000020ad542cbdf
0x0000000c5ddff500:   0000000c5ddff500 0000020aed5c3090
0x0000000c5ddff510:   0000000000000004 0000020aed5c3598
0x0000000c5ddff520:   0000000000000000 00000005ab28c910
0x0000000c5ddff530:   0000020aed5c3090 0000000000000000
0x0000000c5ddff540:   0000000c5ddff568 0000000c5ddff5b8
0x0000000c5ddff550:   0000020ad5428988 0000000000000000
0x0000000c5ddff560:   0000020ad542a3d5 00000005ab58a330
0x0000000c5ddff570:   0000000c5ddff570 0000020aed584f49
0x0000000c5ddff580:   0000000000000010 0000020aed586790
0x0000000c5ddff590:   0000000000000000 00000005ab24b140
0x0000000c5ddff5a0:   0000020aed5851d0 0000000c5ddff568
0x0000000c5ddff5b0:   0000000c5ddff630 0000000c5ddff688
0x0000000c5ddff5c0:   0000020ad5428860 0000000000000000
0x0000000c5ddff5d0:   0000000000000000 0000000000000000
0x0000000c5ddff5e0:   0000000000000000 0000000000000000
0x0000000c5ddff5f0:   0000000000000000 0000000000000000
0x0000000c5ddff600:   0000000000000000 0000000000000000
0x0000000c5ddff610:   0000000000000000 0000000000000000
0x0000000c5ddff620:   0000000000000000 0000000000000000
0x0000000c5ddff630:   00000005ab58a330 00000005ab24b280
0x0000000c5ddff640:   0000000c5ddff640 0000020aed581bd7
0x0000000c5ddff650:   0000000000000002 0000020aed582cb0
0x0000000c5ddff660:   0000000000000000 00000005ab238808
0x0000000c5ddff670:   0000020aed581c00 0000000c5ddff630
0x0000000c5ddff680:   0000000c5ddff698 0000000c5ddff6e8
0x0000000c5ddff690:   0000020ad5428860 00000005ab23e860 

Instructions: (pc=0x000000006f6c1914)
0x000000006f6c1814:   03 00 00 4c 63 c6 4c 89 e1 48 8b 40 08 48 8b 04
0x000000006f6c1824:   d8 48 8b 50 18 48 83 c4 20 5b 5e 41 5c 41 5d 41
0x000000006f6c1834:   5e e9 66 b2 13 00 66 0f 1f 44 00 00 53 48 83 ec
0x000000006f6c1844:   20 48 8b 01 49 63 d8 4c 8b 05 2e 78 1b 00 ff 90
0x000000006f6c1854:   28 03 00 00 48 8b 40 08 48 8b 04 d8 8b 40 20 48
0x000000006f6c1864:   83 c4 20 5b c3 0f 1f 80 00 00 00 00 41 56 41 55
0x000000006f6c1874:   41 54 56 53 48 83 ec 20 8b 74 24 70 48 8b 01 49
0x000000006f6c1884:   89 cd 49 89 d6 49 63 d8 4d 89 cc 4d 85 c9 74 10
0x000000006f6c1894:   4c 89 ca ff 90 30 07 00 00 49 89 c4 49 8b 45 00
0x000000006f6c18a4:   4c 89 f2 4c 89 e9 4c 8b 05 cf 77 1b 00 ff 90 28
0x000000006f6c18b4:   03 00 00 4c 63 c6 4c 89 e1 48 8b 40 08 48 8b 04
0x000000006f6c18c4:   d8 48 8b 50 28 48 83 c4 20 5b 5e 41 5c 41 5d 41
0x000000006f6c18d4:   5e e9 c6 b1 13 00 66 0f 1f 44 00 00 48 83 ec 28
0x000000006f6c18e4:   4c 8b 05 95 77 1b 00 48 8b 01 ff 90 28 03 00 00
0x000000006f6c18f4:   0f b6 00 48 83 c4 28 c3 0f 1f 40 00 48 83 ec 28
0x000000006f6c1904:   4c 8b 05 75 77 1b 00 48 8b 01 ff 90 28 03 00 00
0x000000006f6c1914:   8b 40 10 48 83 c4 28 c3 0f 1f 40 00 48 83 ec 28
0x000000006f6c1924:   4c 8b 05 55 77 1b 00 48 8b 01 ff 90 28 03 00 00
0x000000006f6c1934:   8b 40 14 48 83 c4 28 c3 0f 1f 40 00 48 83 ec 28
0x000000006f6c1944:   4c 8b 05 35 77 1b 00 48 8b 01 ff 90 28 03 00 00
0x000000006f6c1954:   8b 40 18 48 83 c4 28 c3 0f 1f 40 00 41 54 53 48
0x000000006f6c1964:   83 ec 28 48 8b 01 49 89 cc 4c 89 c3 4c 8b 05 09
0x000000006f6c1974:   77 1b 00 ff 90 28 03 00 00 49 89 d8 4c 89 e1 48
0x000000006f6c1984:   8d 50 1c 48 83 c4 28 5b 41 5c e9 ad 1f 0a 00 66
0x000000006f6c1994:   66 2e 0f 1f 84 00 00 00 00 00 66 90 41 54 53 48
0x000000006f6c19a4:   83 ec 28 48 8b 01 49 89 cc 4c 89 c3 4c 8b 05 c9
0x000000006f6c19b4:   76 1b 00 ff 90 28 03 00 00 49 89 d8 4c 89 e1 48
0x000000006f6c19c4:   8d 50 24 48 83 c4 28 5b 41 5c e9 6d 1f 0a 00 66
0x000000006f6c19d4:   66 2e 0f 1f 84 00 00 00 00 00 66 90 41 54 53 48
0x000000006f6c19e4:   83 ec 28 48 8b 01 49 89 cc 4c 89 c3 4c 8b 05 89
0x000000006f6c19f4:   76 1b 00 ff 90 28 03 00 00 49 89 d8 4c 89 e1 48
0x000000006f6c1a04:   8d 50 2c 48 83 c4 28 5b 41 5c e9 2d 1f 0a 00 66 


Stack slot to memory mapping:

stack at sp + 0 slots: {method} {0x0000020aed5c3098} 'getCmdListsCount' '()I' in 'imgui/ImDrawData'
stack at sp + 1 slots: {method} {0x0000020aed5c3098} 'getCmdListsCount' '()I' in 'imgui/ImDrawData'
stack at sp + 2 slots: {method} {0x0000020aed5c3098} 'getCmdListsCount' '()I' in 'imgui/ImDrawData'
stack at sp + 3 slots: 0x0000000c5ddff568 is pointing into the stack for thread: 0x0000020ac429b810
stack at sp + 4 slots: 0x0000000000000693 is an unknown value
stack at sp + 5 slots: 0x0000020ad542cf4b is at code_begin+1067 in an Interpreter codelet
native method entry point (kind = native)  [0x0000020ad542cb20, 0x0000020ad542d748]  3112 bytes
stack at sp + 6 slots: {method} {0x0000020aed5c3098} 'getCmdListsCount' '()I' in 'imgui/ImDrawData'
stack at sp + 7 slots: 0x00000000000001a0 is an unknown value


---------------  P R O C E S S  ---------------

Threads class SMR info:
_java_thread_list=0x0000020af16e4400, length=11, elements={
0x0000020ac429b810, 0x0000020aec451c10, 0x0000020aec452c20, 0x0000020aec457780,
0x0000020aec45d5c0, 0x0000020aec45eb40, 0x0000020aec460a90, 0x0000020aec465560,
0x0000020aec4664e0, 0x0000020aec953d40, 0x0000020aec959d30
}

Java Threads: ( => current thread )
=>0x0000020ac429b810 JavaThread "main"                              [_thread_in_native, id=5880, stack(0x0000000c5dd00000,0x0000000c5de00000) (1024K)]
  0x0000020aec451c10 JavaThread "Reference Handler"          daemon [_thread_blocked, id=24352, stack(0x0000000c5e500000,0x0000000c5e600000) (1024K)]
  0x0000020aec452c20 JavaThread "Finalizer"                  daemon [_thread_blocked, id=23196, stack(0x0000000c5e600000,0x0000000c5e700000) (1024K)]
  0x0000020aec457780 JavaThread "Signal Dispatcher"          daemon [_thread_blocked, id=8936, stack(0x0000000c5e700000,0x0000000c5e800000) (1024K)]
  0x0000020aec45d5c0 JavaThread "Attach Listener"            daemon [_thread_blocked, id=23616, stack(0x0000000c5e800000,0x0000000c5e900000) (1024K)]
  0x0000020aec45eb40 JavaThread "Service Thread"             daemon [_thread_blocked, id=23060, stack(0x0000000c5e900000,0x0000000c5ea00000) (1024K)]
  0x0000020aec460a90 JavaThread "Monitor Deflation Thread"   daemon [_thread_blocked, id=7548, stack(0x0000000c5ea00000,0x0000000c5eb00000) (1024K)]
  0x0000020aec465560 JavaThread "C2 CompilerThread0"         daemon [_thread_blocked, id=8952, stack(0x0000000c5eb00000,0x0000000c5ec00000) (1024K)]
  0x0000020aec4664e0 JavaThread "C1 CompilerThread0"         daemon [_thread_blocked, id=9724, stack(0x0000000c5ec00000,0x0000000c5ed00000) (1024K)]
  0x0000020aec953d40 JavaThread "Notification Thread"        daemon [_thread_blocked, id=17004, stack(0x0000000c5ed00000,0x0000000c5ee00000) (1024K)]
  0x0000020aec959d30 JavaThread "Common-Cleaner"             daemon [_thread_blocked, id=1296, stack(0x0000000c5ee00000,0x0000000c5ef00000) (1024K)]
Total: 11

Other Threads:
  0x0000020aec435700 VMThread "VM Thread"                           [id=2104, stack(0x0000000c5e400000,0x0000000c5e500000) (1024K)]
  0x0000020aec41d110 WatcherThread "VM Periodic Task Thread"        [id=9720, stack(0x0000000c5e300000,0x0000000c5e400000) (1024K)]
  0x0000020ac4332230 WorkerThread "GC Thread#0"                     [id=14240, stack(0x0000000c5de00000,0x0000000c5df00000) (1024K)]
  0x0000020ac433d8d0 ConcurrentGCThread "G1 Main Marker"            [id=8656, stack(0x0000000c5df00000,0x0000000c5e000000) (1024K)]
  0x0000020ac433e3d0 WorkerThread "G1 Conc#0"                       [id=12180, stack(0x0000000c5e000000,0x0000000c5e100000) (1024K)]
  0x0000020aec2f0d90 ConcurrentGCThread "G1 Refine#0"               [id=2112, stack(0x0000000c5e100000,0x0000000c5e200000) (1024K)]
  0x0000020aec2f1810 ConcurrentGCThread "G1 Service"                [id=23892, stack(0x0000000c5e200000,0x0000000c5e300000) (1024K)]
Total: 7

Threads with active compile tasks:
Total: 0

VM state: not at safepoint (normal execution)

VM Mutex/Monitor currently owned by a thread: None

Heap address: 0x0000000584000000, size: 10176 MB, Compressed Oops mode: Zero based, Oop shift amount: 3

CDS archive(s) mapped at: [0x0000020a80000000-0x0000020a80c90000-0x0000020a80c90000), size 13172736, SharedBaseAddress: 0x0000020a80000000, ArchiveRelocationMode: 1.
Compressed class space mapped at: 0x0000020a81000000-0x0000020ac1000000, reserved size: 1073741824
Narrow klass base: 0x0000020a80000000, Narrow klass shift: 0, Narrow klass range: 0x100000000

GC Precious Log:
 CardTable entry size: 512
 Card Set container configuration: InlinePtr #cards 4 size 8 Array Of Cards #cards 64 size 144 Howl #buckets 8 coarsen threshold 14745 Howl Bitmap #cards 2048 size 272 coarsen threshold 1843 Card regions per heap region 1 cards per card region 16384
 CPUs: 6 total, 6 available
 Memory: 40698M
 Large Page Support: Disabled
 NUMA Support: Disabled
 Compressed Oops: Enabled (Zero based)
 Heap Region Size: 8M
 Heap Min Capacity: 8M
 Heap Initial Capacity: 640M
 Heap Max Capacity: 10176M
 Pre-touch: Disabled
 Parallel Workers: 6
 Concurrent Workers: 2
 Concurrent Refinement Workers: 6
 Periodic GC: Disabled

Heap:
 garbage-first heap   total 655360K, used 8192K [0x0000000584000000, 0x0000000800000000)
  region size 8192K, 2 young (16384K), 0 survivors (0K)
 Metaspace       used 5072K, committed 5312K, reserved 1114112K
  class space    used 278K, committed 384K, reserved 1048576K

Heap Regions: E=young(eden), S=young(survivor), O=old, HS=humongous(starts), HC=humongous(continues), CS=collection set, F=free, TAMS=top-at-mark-start, PB=parsable bottom
|   0|0x0000000584000000, 0x0000000584000000, 0x0000000584800000|  0%| F|  |TAMS 0x0000000584000000| PB 0x0000000584000000| Untracked 
|   1|0x0000000584800000, 0x0000000584800000, 0x0000000585000000|  0%| F|  |TAMS 0x0000000584800000| PB 0x0000000584800000| Untracked 
|   2|0x0000000585000000, 0x0000000585000000, 0x0000000585800000|  0%| F|  |TAMS 0x0000000585000000| PB 0x0000000585000000| Untracked 
|   3|0x0000000585800000, 0x0000000585800000, 0x0000000586000000|  0%| F|  |TAMS 0x0000000585800000| PB 0x0000000585800000| Untracked 
|   4|0x0000000586000000, 0x0000000586000000, 0x0000000586800000|  0%| F|  |TAMS 0x0000000586000000| PB 0x0000000586000000| Untracked 
|   5|0x0000000586800000, 0x0000000586800000, 0x0000000587000000|  0%| F|  |TAMS 0x0000000586800000| PB 0x0000000586800000| Untracked 
|   6|0x0000000587000000, 0x0000000587000000, 0x0000000587800000|  0%| F|  |TAMS 0x0000000587000000| PB 0x0000000587000000| Untracked 
|   7|0x0000000587800000, 0x0000000587800000, 0x0000000588000000|  0%| F|  |TAMS 0x0000000587800000| PB 0x0000000587800000| Untracked 
|   8|0x0000000588000000, 0x0000000588000000, 0x0000000588800000|  0%| F|  |TAMS 0x0000000588000000| PB 0x0000000588000000| Untracked 
|   9|0x0000000588800000, 0x0000000588800000, 0x0000000589000000|  0%| F|  |TAMS 0x0000000588800000| PB 0x0000000588800000| Untracked 
|  10|0x0000000589000000, 0x0000000589000000, 0x0000000589800000|  0%| F|  |TAMS 0x0000000589000000| PB 0x0000000589000000| Untracked 
|  11|0x0000000589800000, 0x0000000589800000, 0x000000058a000000|  0%| F|  |TAMS 0x0000000589800000| PB 0x0000000589800000| Untracked 
|  12|0x000000058a000000, 0x000000058a000000, 0x000000058a800000|  0%| F|  |TAMS 0x000000058a000000| PB 0x000000058a000000| Untracked 
|  13|0x000000058a800000, 0x000000058a800000, 0x000000058b000000|  0%| F|  |TAMS 0x000000058a800000| PB 0x000000058a800000| Untracked 
|  14|0x000000058b000000, 0x000000058b000000, 0x000000058b800000|  0%| F|  |TAMS 0x000000058b000000| PB 0x000000058b000000| Untracked 
|  15|0x000000058b800000, 0x000000058b800000, 0x000000058c000000|  0%| F|  |TAMS 0x000000058b800000| PB 0x000000058b800000| Untracked 
|  16|0x000000058c000000, 0x000000058c000000, 0x000000058c800000|  0%| F|  |TAMS 0x000000058c000000| PB 0x000000058c000000| Untracked 
|  17|0x000000058c800000, 0x000000058c800000, 0x000000058d000000|  0%| F|  |TAMS 0x000000058c800000| PB 0x000000058c800000| Untracked 
|  18|0x000000058d000000, 0x000000058d000000, 0x000000058d800000|  0%| F|  |TAMS 0x000000058d000000| PB 0x000000058d000000| Untracked 
|  19|0x000000058d800000, 0x000000058d800000, 0x000000058e000000|  0%| F|  |TAMS 0x000000058d800000| PB 0x000000058d800000| Untracked 
|  20|0x000000058e000000, 0x000000058e000000, 0x000000058e800000|  0%| F|  |TAMS 0x000000058e000000| PB 0x000000058e000000| Untracked 
|  21|0x000000058e800000, 0x000000058e800000, 0x000000058f000000|  0%| F|  |TAMS 0x000000058e800000| PB 0x000000058e800000| Untracked 
|  22|0x000000058f000000, 0x000000058f000000, 0x000000058f800000|  0%| F|  |TAMS 0x000000058f000000| PB 0x000000058f000000| Untracked 
|  23|0x000000058f800000, 0x000000058f800000, 0x0000000590000000|  0%| F|  |TAMS 0x000000058f800000| PB 0x000000058f800000| Untracked 
|  24|0x0000000590000000, 0x0000000590000000, 0x0000000590800000|  0%| F|  |TAMS 0x0000000590000000| PB 0x0000000590000000| Untracked 
|  25|0x0000000590800000, 0x0000000590800000, 0x0000000591000000|  0%| F|  |TAMS 0x0000000590800000| PB 0x0000000590800000| Untracked 
|  26|0x0000000591000000, 0x0000000591000000, 0x0000000591800000|  0%| F|  |TAMS 0x0000000591000000| PB 0x0000000591000000| Untracked 
|  27|0x0000000591800000, 0x0000000591800000, 0x0000000592000000|  0%| F|  |TAMS 0x0000000591800000| PB 0x0000000591800000| Untracked 
|  28|0x0000000592000000, 0x0000000592000000, 0x0000000592800000|  0%| F|  |TAMS 0x0000000592000000| PB 0x0000000592000000| Untracked 
|  29|0x0000000592800000, 0x0000000592800000, 0x0000000593000000|  0%| F|  |TAMS 0x0000000592800000| PB 0x0000000592800000| Untracked 
|  30|0x0000000593000000, 0x0000000593000000, 0x0000000593800000|  0%| F|  |TAMS 0x0000000593000000| PB 0x0000000593000000| Untracked 
|  31|0x0000000593800000, 0x0000000593800000, 0x0000000594000000|  0%| F|  |TAMS 0x0000000593800000| PB 0x0000000593800000| Untracked 
|  32|0x0000000594000000, 0x0000000594000000, 0x0000000594800000|  0%| F|  |TAMS 0x0000000594000000| PB 0x0000000594000000| Untracked 
|  33|0x0000000594800000, 0x0000000594800000, 0x0000000595000000|  0%| F|  |TAMS 0x0000000594800000| PB 0x0000000594800000| Untracked 
|  34|0x0000000595000000, 0x0000000595000000, 0x0000000595800000|  0%| F|  |TAMS 0x0000000595000000| PB 0x0000000595000000| Untracked 
|  35|0x0000000595800000, 0x0000000595800000, 0x0000000596000000|  0%| F|  |TAMS 0x0000000595800000| PB 0x0000000595800000| Untracked 
|  36|0x0000000596000000, 0x0000000596000000, 0x0000000596800000|  0%| F|  |TAMS 0x0000000596000000| PB 0x0000000596000000| Untracked 
|  37|0x0000000596800000, 0x0000000596800000, 0x0000000597000000|  0%| F|  |TAMS 0x0000000596800000| PB 0x0000000596800000| Untracked 
|  38|0x0000000597000000, 0x0000000597000000, 0x0000000597800000|  0%| F|  |TAMS 0x0000000597000000| PB 0x0000000597000000| Untracked 
|  39|0x0000000597800000, 0x0000000597800000, 0x0000000598000000|  0%| F|  |TAMS 0x0000000597800000| PB 0x0000000597800000| Untracked 
|  40|0x0000000598000000, 0x0000000598000000, 0x0000000598800000|  0%| F|  |TAMS 0x0000000598000000| PB 0x0000000598000000| Untracked 
|  41|0x0000000598800000, 0x0000000598800000, 0x0000000599000000|  0%| F|  |TAMS 0x0000000598800000| PB 0x0000000598800000| Untracked 
|  42|0x0000000599000000, 0x0000000599000000, 0x0000000599800000|  0%| F|  |TAMS 0x0000000599000000| PB 0x0000000599000000| Untracked 
|  43|0x0000000599800000, 0x0000000599800000, 0x000000059a000000|  0%| F|  |TAMS 0x0000000599800000| PB 0x0000000599800000| Untracked 
|  44|0x000000059a000000, 0x000000059a000000, 0x000000059a800000|  0%| F|  |TAMS 0x000000059a000000| PB 0x000000059a000000| Untracked 
|  45|0x000000059a800000, 0x000000059a800000, 0x000000059b000000|  0%| F|  |TAMS 0x000000059a800000| PB 0x000000059a800000| Untracked 
|  46|0x000000059b000000, 0x000000059b000000, 0x000000059b800000|  0%| F|  |TAMS 0x000000059b000000| PB 0x000000059b000000| Untracked 
|  47|0x000000059b800000, 0x000000059b800000, 0x000000059c000000|  0%| F|  |TAMS 0x000000059b800000| PB 0x000000059b800000| Untracked 
|  48|0x000000059c000000, 0x000000059c000000, 0x000000059c800000|  0%| F|  |TAMS 0x000000059c000000| PB 0x000000059c000000| Untracked 
|  49|0x000000059c800000, 0x000000059c800000, 0x000000059d000000|  0%| F|  |TAMS 0x000000059c800000| PB 0x000000059c800000| Untracked 
|  50|0x000000059d000000, 0x000000059d000000, 0x000000059d800000|  0%| F|  |TAMS 0x000000059d000000| PB 0x000000059d000000| Untracked 
|  51|0x000000059d800000, 0x000000059d800000, 0x000000059e000000|  0%| F|  |TAMS 0x000000059d800000| PB 0x000000059d800000| Untracked 
|  52|0x000000059e000000, 0x000000059e000000, 0x000000059e800000|  0%| F|  |TAMS 0x000000059e000000| PB 0x000000059e000000| Untracked 
|  53|0x000000059e800000, 0x000000059e800000, 0x000000059f000000|  0%| F|  |TAMS 0x000000059e800000| PB 0x000000059e800000| Untracked 
|  54|0x000000059f000000, 0x000000059f000000, 0x000000059f800000|  0%| F|  |TAMS 0x000000059f000000| PB 0x000000059f000000| Untracked 
|  55|0x000000059f800000, 0x000000059f800000, 0x00000005a0000000|  0%| F|  |TAMS 0x000000059f800000| PB 0x000000059f800000| Untracked 
|  56|0x00000005a0000000, 0x00000005a0000000, 0x00000005a0800000|  0%| F|  |TAMS 0x00000005a0000000| PB 0x00000005a0000000| Untracked 
|  57|0x00000005a0800000, 0x00000005a0800000, 0x00000005a1000000|  0%| F|  |TAMS 0x00000005a0800000| PB 0x00000005a0800000| Untracked 
|  58|0x00000005a1000000, 0x00000005a1000000, 0x00000005a1800000|  0%| F|  |TAMS 0x00000005a1000000| PB 0x00000005a1000000| Untracked 
|  59|0x00000005a1800000, 0x00000005a1800000, 0x00000005a2000000|  0%| F|  |TAMS 0x00000005a1800000| PB 0x00000005a1800000| Untracked 
|  60|0x00000005a2000000, 0x00000005a2000000, 0x00000005a2800000|  0%| F|  |TAMS 0x00000005a2000000| PB 0x00000005a2000000| Untracked 
|  61|0x00000005a2800000, 0x00000005a2800000, 0x00000005a3000000|  0%| F|  |TAMS 0x00000005a2800000| PB 0x00000005a2800000| Untracked 
|  62|0x00000005a3000000, 0x00000005a3000000, 0x00000005a3800000|  0%| F|  |TAMS 0x00000005a3000000| PB 0x00000005a3000000| Untracked 
|  63|0x00000005a3800000, 0x00000005a3800000, 0x00000005a4000000|  0%| F|  |TAMS 0x00000005a3800000| PB 0x00000005a3800000| Untracked 
|  64|0x00000005a4000000, 0x00000005a4000000, 0x00000005a4800000|  0%| F|  |TAMS 0x00000005a4000000| PB 0x00000005a4000000| Untracked 
|  65|0x00000005a4800000, 0x00000005a4800000, 0x00000005a5000000|  0%| F|  |TAMS 0x00000005a4800000| PB 0x00000005a4800000| Untracked 
|  66|0x00000005a5000000, 0x00000005a5000000, 0x00000005a5800000|  0%| F|  |TAMS 0x00000005a5000000| PB 0x00000005a5000000| Untracked 
|  67|0x00000005a5800000, 0x00000005a5800000, 0x00000005a6000000|  0%| F|  |TAMS 0x00000005a5800000| PB 0x00000005a5800000| Untracked 
|  68|0x00000005a6000000, 0x00000005a6000000, 0x00000005a6800000|  0%| F|  |TAMS 0x00000005a6000000| PB 0x00000005a6000000| Untracked 
|  69|0x00000005a6800000, 0x00000005a6800000, 0x00000005a7000000|  0%| F|  |TAMS 0x00000005a6800000| PB 0x00000005a6800000| Untracked 
|  70|0x00000005a7000000, 0x00000005a7000000, 0x00000005a7800000|  0%| F|  |TAMS 0x00000005a7000000| PB 0x00000005a7000000| Untracked 
|  71|0x00000005a7800000, 0x00000005a7800000, 0x00000005a8000000|  0%| F|  |TAMS 0x00000005a7800000| PB 0x00000005a7800000| Untracked 
|  72|0x00000005a8000000, 0x00000005a8000000, 0x00000005a8800000|  0%| F|  |TAMS 0x00000005a8000000| PB 0x00000005a8000000| Untracked 
|  73|0x00000005a8800000, 0x00000005a8800000, 0x00000005a9000000|  0%| F|  |TAMS 0x00000005a8800000| PB 0x00000005a8800000| Untracked 
|  74|0x00000005a9000000, 0x00000005a9000000, 0x00000005a9800000|  0%| F|  |TAMS 0x00000005a9000000| PB 0x00000005a9000000| Untracked 
|  75|0x00000005a9800000, 0x00000005a9800000, 0x00000005aa000000|  0%| F|  |TAMS 0x00000005a9800000| PB 0x00000005a9800000| Untracked 
|  76|0x00000005aa000000, 0x00000005aa000000, 0x00000005aa800000|  0%| F|  |TAMS 0x00000005aa000000| PB 0x00000005aa000000| Untracked 
|  77|0x00000005aa800000, 0x00000005aa800000, 0x00000005ab000000|  0%| F|  |TAMS 0x00000005aa800000| PB 0x00000005aa800000| Untracked 
|  78|0x00000005ab000000, 0x00000005ab594560, 0x00000005ab800000| 69%| E|  |TAMS 0x00000005ab000000| PB 0x00000005ab000000| Complete 
|  79|0x00000005ab800000, 0x00000005ac000000, 0x00000005ac000000|100%| E|CS|TAMS 0x00000005ab800000| PB 0x00000005ab800000| Complete 

Card table byte_map: [0x0000020adeb10000,0x0000020adfef0000] _byte_map_base: 0x0000020adbef0000

Marking Bits: (CMBitMap*) 0x0000020ac4332930
 Bits: [0x0000020adfef0000, 0x0000020ae9df0000)

Polling page: 0x0000020ac4350000

Metaspace:

Usage:
  Non-class:      4.68 MB used.
      Class:    278.01 KB used.
       Both:      4.95 MB used.

Virtual space:
  Non-class space:       64.00 MB reserved,       4.81 MB (  8%) committed,  1 nodes.
      Class space:        1.00 GB reserved,     384.00 KB ( <1%) committed,  1 nodes.
             Both:        1.06 GB reserved,       5.19 MB ( <1%) committed. 

Chunk freelists:
   Non-Class:  8.85 MB
       Class:  15.56 MB
        Both:  24.41 MB

MaxMetaspaceSize: unlimited
CompressedClassSpaceSize: 1.00 GB
Initial GC threshold: 21.00 MB
Current GC threshold: 21.00 MB
CDS: on
 - commit_granule_bytes: 65536.
 - commit_granule_words: 8192.
 - virtual_space_node_default_size: 8388608.
 - enlarge_chunks_in_place: 1.
 - use_allocation_guard: 0.


Internal statistics:

num_allocs_failed_limit: 0.
num_arena_births: 114.
num_arena_deaths: 0.
num_vsnodes_births: 2.
num_vsnodes_deaths: 0.
num_space_committed: 81.
num_space_uncommitted: 0.
num_chunks_returned_to_freelist: 0.
num_chunks_taken_from_freelist: 257.
num_chunk_merges: 0.
num_chunk_splits: 178.
num_chunks_enlarged: 127.
num_inconsistent_stats: 0.

CodeHeap 'non-profiled nmethods': size=120000Kb used=269Kb max_used=269Kb free=119730Kb
 bounds [0x0000020ad59c0000, 0x0000020ad5c30000, 0x0000020adcef0000]
CodeHeap 'profiled nmethods': size=120000Kb used=1346Kb max_used=1346Kb free=118653Kb
 bounds [0x0000020acdef0000, 0x0000020ace160000, 0x0000020ad5420000]
CodeHeap 'non-nmethods': size=5760Kb used=2729Kb max_used=2743Kb free=3030Kb
 bounds [0x0000020ad5420000, 0x0000020ad56d0000, 0x0000020ad59c0000]
 total_blobs=2130 nmethods=853 adapters=1182
 compilation: enabled
              stopped_count=0, restarted_count=0
 full_count=0

Compilation events (20 events):
Event: 0.843 Thread 0x0000020aec4664e0  833       3       java.lang.ClassLoader::findBootstrapClassOrNull (14 bytes)
Event: 0.844 Thread 0x0000020aec4664e0 nmethod 833 0x0000020ace03d590 code [0x0000020ace03d760, 0x0000020ace03d920]
Event: 0.844 Thread 0x0000020aec4664e0  835       3       java.util.AbstractList::<init> (10 bytes)
Event: 0.844 Thread 0x0000020aec4664e0 nmethod 835 0x0000020ace03da10 code [0x0000020ace03dbc0, 0x0000020ace03dd90]
Event: 0.844 Thread 0x0000020aec4664e0  839       3       jdk.internal.org.objectweb.asm.ByteVector::enlarge (73 bytes)
Event: 0.844 Thread 0x0000020aec4664e0 nmethod 839 0x0000020ace03de90 code [0x0000020ace03e060, 0x0000020ace03e498]
Event: 0.844 Thread 0x0000020aec4664e0  840       3       jdk.internal.org.objectweb.asm.Label::resolve (219 bytes)
Event: 0.845 Thread 0x0000020aec4664e0 nmethod 840 0x0000020ace03e610 code [0x0000020ace03e800, 0x0000020ace03ed10]
Event: 0.845 Thread 0x0000020aec4664e0  843       3       java.lang.invoke.MethodType::toMethodDescriptorString (28 bytes)
Event: 0.845 Thread 0x0000020aec4664e0 nmethod 843 0x0000020ace03f010 code [0x0000020ace03f1c0, 0x0000020ace03f3b0]
Event: 0.845 Thread 0x0000020aec4664e0  844       3       jdk.internal.org.objectweb.asm.ByteVector::put11 (52 bytes)
Event: 0.845 Thread 0x0000020aec4664e0 nmethod 844 0x0000020ace03f490 code [0x0000020ace03f640, 0x0000020ace03f858]
Event: 0.845 Thread 0x0000020aec4664e0  850       3       java.util.ArrayList$Itr::hasNext (20 bytes)
Event: 0.845 Thread 0x0000020aec4664e0 nmethod 850 0x0000020ace03f990 code [0x0000020ace03fb40, 0x0000020ace03fcb8]
Event: 0.845 Thread 0x0000020aec4664e0  852       3       jdk.internal.org.objectweb.asm.Frame::getLocal (46 bytes)
Event: 0.846 Thread 0x0000020aec4664e0 nmethod 852 0x0000020ace03fd90 code [0x0000020ace03ff40, 0x0000020ace040160]
Event: 0.846 Thread 0x0000020aec4664e0  851       3       java.lang.invoke.InvokerBytecodeGenerator::getInternalName (103 bytes)
Event: 0.846 Thread 0x0000020aec4664e0 nmethod 851 0x0000020ace040210 code [0x0000020ace040420, 0x0000020ace040978]
Event: 0.847 Thread 0x0000020aec465560  853       4       Renderer.RenderBatch::LoadElementIndices (59 bytes)
Event: 0.847 Thread 0x0000020aec465560 nmethod 853 0x0000020ad5a03210 code [0x0000020ad5a033a0, 0x0000020ad5a034d8]

GC Heap History (0 events):
No events

Dll operation events (11 events):
Event: 0.012 Loaded shared library C:\Program Files\Java\jdk-21\bin\java.dll
Event: 0.097 Loaded shared library C:\Program Files\Java\jdk-21\bin\jsvml.dll
Event: 0.154 Loaded shared library C:\Program Files\Java\jdk-21\bin\net.dll
Event: 0.156 Loaded shared library C:\Program Files\Java\jdk-21\bin\nio.dll
Event: 0.158 Loaded shared library C:\Program Files\Java\jdk-21\bin\zip.dll
Event: 0.230 Loaded shared library C:\Program Files\Java\jdk-21\bin\jimage.dll
Event: 0.249 Loaded shared library C:\Users\emanu\AppData\Local\Temp\lwjgl_emanu\3.3.3+5\x64\lwjgl.dll
Event: 0.484 Loaded shared library C:\Users\emanu\AppData\Local\Temp\lwjgl_emanu\3.3.3+5\x64\lwjgl_opengl.dll
Event: 0.692 Loaded shared library D:\Programmazione\Java\JetEngine\libs\imgui-java64.dll
Event: 0.798 Loaded shared library C:\Users\emanu\AppData\Local\Temp\lwjgl_emanu\3.3.3+5\x64\lwjgl_stb.dll
Event: 0.810 Loaded shared library C:\Program Files\Java\jdk-21\bin\verify.dll

Deoptimization events (16 events):
Event: 0.145 Thread 0x0000020ac429b810 Uncommon trap: trap_request=0xffffff45 fr.pc=0x0000020ad59c12e4 relative=0x00000000000000c4
Event: 0.145 Thread 0x0000020ac429b810 Uncommon trap: reason=unstable_if action=reinterpret pc=0x0000020ad59c12e4 method=java.lang.String.isLatin1()Z @ 10 c2
Event: 0.145 Thread 0x0000020ac429b810 DEOPT PACKING pc=0x0000020ad59c12e4 sp=0x0000000c5ddff320
Event: 0.145 Thread 0x0000020ac429b810 DEOPT UNPACKING pc=0x0000020ad5477da2 sp=0x0000000c5ddff260 mode 2
Event: 0.169 Thread 0x0000020ac429b810 DEOPT PACKING pc=0x0000020acdf0b7f8 sp=0x0000000c5ddfde70
Event: 0.169 Thread 0x0000020ac429b810 DEOPT UNPACKING pc=0x0000020ad54788e2 sp=0x0000000c5ddfd290 mode 0
Event: 0.185 Thread 0x0000020ac429b810 Uncommon trap: trap_request=0xffffff45 fr.pc=0x0000020ad59c7ef8 relative=0x00000000000002b8
Event: 0.185 Thread 0x0000020ac429b810 Uncommon trap: reason=unstable_if action=reinterpret pc=0x0000020ad59c7ef8 method=java.lang.StringLatin1.hashCode([B)I @ 2 c2
Event: 0.185 Thread 0x0000020ac429b810 DEOPT PACKING pc=0x0000020ad59c7ef8 sp=0x0000000c5ddfda00
Event: 0.185 Thread 0x0000020ac429b810 DEOPT UNPACKING pc=0x0000020ad5477da2 sp=0x0000000c5ddfd938 mode 2
Event: 0.242 Thread 0x0000020ac429b810 Uncommon trap: trap_request=0xffffff45 fr.pc=0x0000020ad59c8590 relative=0x0000000000000070
Event: 0.242 Thread 0x0000020ac429b810 Uncommon trap: reason=unstable_if action=reinterpret pc=0x0000020ad59c8590 method=java.io.WinNTFileSystem.isSlash(C)Z @ 9 c2
Event: 0.242 Thread 0x0000020ac429b810 DEOPT PACKING pc=0x0000020ad59c8590 sp=0x0000000c5ddfbbd0
Event: 0.242 Thread 0x0000020ac429b810 DEOPT UNPACKING pc=0x0000020ad5477da2 sp=0x0000000c5ddfbb58 mode 2
Event: 0.783 Thread 0x0000020ac429b810 DEOPT PACKING pc=0x0000020acdf27430 sp=0x0000000c5ddff230
Event: 0.783 Thread 0x0000020ac429b810 DEOPT UNPACKING pc=0x0000020ad54788e2 sp=0x0000000c5ddfe808 mode 0

Classes loaded (20 events):
Event: 0.323 Loading class java/nio/InvalidMarkException
Event: 0.323 Loading class java/nio/InvalidMarkException done
Event: 0.323 Loading class java/nio/BufferUnderflowException
Event: 0.323 Loading class java/nio/BufferUnderflowException done
Event: 0.329 Loading class java/util/Formatter$FixedString
Event: 0.329 Loading class java/util/Formatter$FixedString done
Event: 0.340 Loading class java/lang/NoSuchFieldError
Event: 0.341 Loading class java/lang/NoSuchFieldError done
Event: 0.345 Loading class jdk/internal/reflect/MethodHandleIntegerFieldAccessorImpl
Event: 0.345 Loading class jdk/internal/reflect/MethodHandleIntegerFieldAccessorImpl done
Event: 0.687 Loading class java/io/UncheckedIOException
Event: 0.687 Loading class java/io/UncheckedIOException done
Event: 0.800 Loading class jdk/internal/foreign/MemorySessionImpl
Event: 0.800 Loading class java/lang/foreign/MemorySegment$Scope
Event: 0.800 Loading class java/lang/foreign/MemorySegment$Scope done
Event: 0.800 Loading class jdk/internal/foreign/MemorySessionImpl done
Event: 0.807 Loading class java/io/Externalizable
Event: 0.807 Loading class java/io/Externalizable done
Event: 0.846 Loading class java/util/ComparableTimSort
Event: 0.846 Loading class java/util/ComparableTimSort done

Classes unloaded (0 events):
No events

Classes redefined (0 events):
No events

Internal exceptions (20 events):
Event: 0.322 Thread 0x0000020ac429b810 Exception <a 'java/lang/NoSuchMethodError'{0x00000005abf93028}: 'int java.lang.invoke.DirectMethodHandle$Holder.invokeStaticInit(java.lang.Object, java.lang.Object, long, long)'> (0x00000005abf93028) 
thrown [s\open\src\hotspot\share\interpreter\linkResolver.cpp, line 773]
Event: 0.322 Thread 0x0000020ac429b810 Exception <a 'java/lang/NoSuchMethodError'{0x00000005abf98508}: 'java.lang.Object java.lang.invoke.DirectMethodHandle$Holder.newInvokeSpecial(java.lang.Object, java.lang.Object, long)'> (0x00000005abf98508) 
thrown [s\open\src\hotspot\share\interpreter\linkResolver.cpp, line 773]
Event: 0.322 Thread 0x0000020ac429b810 Exception <a 'java/lang/NoSuchMethodError'{0x00000005abf9bb50}: 'java.lang.Object java.lang.invoke.Invokers$Holder.linkToTargetMethod(java.lang.Object, long, java.lang.Object)'> (0x00000005abf9bb50) 
thrown [s\open\src\hotspot\share\interpreter\linkResolver.cpp, line 773]
Event: 0.323 Thread 0x0000020ac429b810 Exception <a 'java/lang/NoSuchMethodError'{0x00000005abfa2aa8}: 'int java.lang.invoke.DirectMethodHandle$Holder.invokeStaticInit(java.lang.Object, java.lang.Object, java.lang.Object, long)'> (0x00000005abfa2aa8) 
thrown [s\open\src\hotspot\share\interpreter\linkResolver.cpp, line 773]
Event: 0.340 Thread 0x0000020ac429b810 Exception <a 'sun/nio/fs/WindowsException'{0x00000005ab053b50}> (0x00000005ab053b50) 
thrown [s\open\src\hotspot\share\prims\jni.cpp, line 520]
Event: 0.340 Thread 0x0000020ac429b810 Exception <a 'sun/nio/fs/WindowsException'{0x00000005ab053eb0}> (0x00000005ab053eb0) 
thrown [s\open\src\hotspot\share\prims\jni.cpp, line 520]
Event: 0.345 Thread 0x0000020ac429b810 Exception <a 'java/lang/NoSuchMethodError'{0x00000005ab06fec0}: 'int java.lang.invoke.Invokers$Holder.invokeExact_MT(java.lang.Object, java.lang.Object)'> (0x00000005ab06fec0) 
thrown [s\open\src\hotspot\share\interpreter\linkResolver.cpp, line 773]
Event: 0.436 Thread 0x0000020ac429b810 Exception <a 'java/lang/NoSuchMethodError'{0x00000005ab0c76b0}: 'void java.lang.invoke.DirectMethodHandle$Holder.invokeStaticInit(java.lang.Object, long, double, double)'> (0x00000005ab0c76b0) 
thrown [s\open\src\hotspot\share\interpreter\linkResolver.cpp, line 773]
Event: 0.441 Thread 0x0000020ac429b810 Exception <a 'java/lang/NoSuchMethodError'{0x00000005ab0d6008}: 'void java.lang.invoke.DirectMethodHandle$Holder.invokeStaticInit(java.lang.Object, long, int, int, int)'> (0x00000005ab0d6008) 
thrown [s\open\src\hotspot\share\interpreter\linkResolver.cpp, line 773]
Event: 0.444 Thread 0x0000020ac429b810 Exception <a 'java/lang/NoSuchMethodError'{0x00000005ab0ed790}: 'void java.lang.invoke.DirectMethodHandle$Holder.invokeStaticInit(java.lang.Object, long, int, int, int, int)'> (0x00000005ab0ed790) 
thrown [s\open\src\hotspot\share\interpreter\linkResolver.cpp, line 773]
Event: 0.476 Thread 0x0000020ac429b810 Exception <a 'java/lang/NoSuchMethodError'{0x00000005ab10d768}: 'void java.lang.System.load(java.lang.String, java.lang.Class)'> (0x00000005ab10d768) 
thrown [s\open\src\hotspot\share\interpreter\linkResolver.cpp, line 773]
Event: 0.477 Thread 0x0000020ac429b810 Exception <a 'java/lang/NoSuchMethodError'{0x00000005ab110108}: 'void java.lang.System.loadLibrary(java.lang.String, java.lang.Class)'> (0x00000005ab110108) 
thrown [s\open\src\hotspot\share\interpreter\linkResolver.cpp, line 773]
Event: 0.483 Thread 0x0000020ac429b810 Exception <a 'sun/nio/fs/WindowsException'{0x00000005ab11ea30}> (0x00000005ab11ea30) 
thrown [s\open\src\hotspot\share\prims\jni.cpp, line 520]
Event: 0.483 Thread 0x0000020ac429b810 Exception <a 'sun/nio/fs/WindowsException'{0x00000005ab11edd0}> (0x00000005ab11edd0) 
thrown [s\open\src\hotspot\share\prims\jni.cpp, line 520]
Event: 0.488 Thread 0x0000020ac429b810 Exception <a 'sun/nio/fs/WindowsException'{0x00000005ab127e98}> (0x00000005ab127e98) 
thrown [s\open\src\hotspot\share\prims\jni.cpp, line 520]
Event: 0.488 Thread 0x0000020ac429b810 Exception <a 'sun/nio/fs/WindowsException'{0x00000005ab128168}> (0x00000005ab128168) 
thrown [s\open\src\hotspot\share\prims\jni.cpp, line 520]
Event: 0.788 Thread 0x0000020ac429b810 Exception <a 'java/lang/NoSuchMethodError'{0x00000005ab4354b8}: 'void java.lang.System.load(java.lang.String, java.lang.Class)'> (0x00000005ab4354b8) 
thrown [s\open\src\hotspot\share\interpreter\linkResolver.cpp, line 773]
Event: 0.789 Thread 0x0000020ac429b810 Exception <a 'java/lang/NoSuchMethodError'{0x00000005ab437e58}: 'void java.lang.System.loadLibrary(java.lang.String, java.lang.Class)'> (0x00000005ab437e58) 
thrown [s\open\src\hotspot\share\interpreter\linkResolver.cpp, line 773]
Event: 0.795 Thread 0x0000020ac429b810 Exception <a 'sun/nio/fs/WindowsException'{0x00000005ab4476d0}> (0x00000005ab4476d0) 
thrown [s\open\src\hotspot\share\prims\jni.cpp, line 520]
Event: 0.795 Thread 0x0000020ac429b810 Exception <a 'sun/nio/fs/WindowsException'{0x00000005ab447a50}> (0x00000005ab447a50) 
thrown [s\open\src\hotspot\share\prims\jni.cpp, line 520]

ZGC Phase Switch (0 events):
No events

VM Operations (4 events):
Event: 0.163 Executing VM operation: HandshakeAllThreads (Deoptimize)
Event: 0.163 Executing VM operation: HandshakeAllThreads (Deoptimize) done
Event: 0.242 Executing VM operation: HandshakeAllThreads (Deoptimize)
Event: 0.242 Executing VM operation: HandshakeAllThreads (Deoptimize) done

Events (13 events):
Event: 0.036 Thread 0x0000020ac429b810 Thread added: 0x0000020ac429b810
Event: 0.093 Thread 0x0000020aec451c10 Thread added: 0x0000020aec451c10
Event: 0.093 Thread 0x0000020aec452c20 Thread added: 0x0000020aec452c20
Event: 0.094 Thread 0x0000020aec457780 Thread added: 0x0000020aec457780
Event: 0.094 Thread 0x0000020aec45d5c0 Thread added: 0x0000020aec45d5c0
Event: 0.094 Thread 0x0000020aec45eb40 Thread added: 0x0000020aec45eb40
Event: 0.094 Thread 0x0000020aec460a90 Thread added: 0x0000020aec460a90
Event: 0.094 Thread 0x0000020aec465560 Thread added: 0x0000020aec465560
Event: 0.094 Thread 0x0000020aec4664e0 Thread added: 0x0000020aec4664e0
Event: 0.145 Thread 0x0000020aec953d40 Thread added: 0x0000020aec953d40
Event: 0.146 Thread 0x0000020aec959d30 Thread added: 0x0000020aec959d30
Event: 0.267 Thread 0x0000020aecbde890 Thread added: 0x0000020aecbde890
Event: 0.473 Thread 0x0000020aecbde890 Thread exited: 0x0000020aecbde890


Dynamic libraries:
0x00007ff74af20000 - 0x00007ff74af30000 	C:\Program Files\Java\jdk-21\bin\java.exe
0x00007ffc5a230000 - 0x00007ffc5a447000 	C:\Windows\SYSTEM32\ntdll.dll
0x00007ffc587d0000 - 0x00007ffc58894000 	C:\Windows\System32\KERNEL32.DLL
0x00007ffc57840000 - 0x00007ffc57bed000 	C:\Windows\System32\KERNELBASE.dll
0x00007ffc57610000 - 0x00007ffc57721000 	C:\Windows\System32\ucrtbase.dll
0x00007ffc3a6e0000 - 0x00007ffc3a6fb000 	C:\Program Files\Java\jdk-21\bin\VCRUNTIME140.dll
0x00007ffc352c0000 - 0x00007ffc352d9000 	C:\Program Files\Java\jdk-21\bin\jli.dll
0x00007ffc588a0000 - 0x00007ffc58952000 	C:\Windows\System32\ADVAPI32.dll
0x00007ffc59130000 - 0x00007ffc591d7000 	C:\Windows\System32\msvcrt.dll
0x00007ffc58960000 - 0x00007ffc58a09000 	C:\Windows\System32\sechost.dll
0x00007ffc57bf0000 - 0x00007ffc57c18000 	C:\Windows\System32\bcrypt.dll
0x00007ffc59010000 - 0x00007ffc59124000 	C:\Windows\System32\RPCRT4.dll
0x00007ffc58e50000 - 0x00007ffc58ffe000 	C:\Windows\System32\USER32.dll
0x00007ffc43a70000 - 0x00007ffc43d03000 	C:\Windows\WinSxS\amd64_microsoft.windows.common-controls_6595b64144ccf1df_6.0.22621.3672_none_2713b9d173822955\COMCTL32.dll
0x00007ffc585e0000 - 0x00007ffc58609000 	C:\Windows\System32\GDI32.dll
0x00007ffc57ca0000 - 0x00007ffc57db9000 	C:\Windows\System32\gdi32full.dll
0x00007ffc57730000 - 0x00007ffc577ca000 	C:\Windows\System32\msvcp_win.dll
0x00007ffc57dc0000 - 0x00007ffc57de6000 	C:\Windows\System32\win32u.dll
0x00007ffc4a890000 - 0x00007ffc4a89a000 	C:\Windows\SYSTEM32\VERSION.dll
0x00007ffc5a1b0000 - 0x00007ffc5a1e1000 	C:\Windows\System32\IMM32.DLL
0x00007ffc355f0000 - 0x00007ffc355fc000 	C:\Program Files\Java\jdk-21\bin\vcruntime140_1.dll
0x00007ffc056a0000 - 0x00007ffc0572e000 	C:\Program Files\Java\jdk-21\bin\msvcp140.dll
0x00007ffbac1f0000 - 0x00007ffbacefd000 	C:\Program Files\Java\jdk-21\bin\server\jvm.dll
0x00007ffc58320000 - 0x00007ffc58391000 	C:\Windows\System32\WS2_32.dll
0x00007ffc563c0000 - 0x00007ffc5640d000 	C:\Windows\SYSTEM32\POWRPROF.dll
0x00007ffc4d240000 - 0x00007ffc4d274000 	C:\Windows\SYSTEM32\WINMM.dll
0x00007ffc563a0000 - 0x00007ffc563b3000 	C:\Windows\SYSTEM32\UMPDC.dll
0x00007ffc56650000 - 0x00007ffc56668000 	C:\Windows\SYSTEM32\kernel.appcore.dll
0x00007ffc34d10000 - 0x00007ffc34d1a000 	C:\Program Files\Java\jdk-21\bin\jimage.dll
0x00007ffc54e50000 - 0x00007ffc55082000 	C:\Windows\SYSTEM32\DBGHELP.DLL
0x00007ffc58ab0000 - 0x00007ffc58e3e000 	C:\Windows\System32\combase.dll
0x00007ffc58230000 - 0x00007ffc58307000 	C:\Windows\System32\OLEAUT32.dll
0x00007ffc39cb0000 - 0x00007ffc39ce2000 	C:\Windows\SYSTEM32\dbgcore.DLL
0x00007ffc57c20000 - 0x00007ffc57c9b000 	C:\Windows\System32\bcryptPrimitives.dll
0x00007ffc33110000 - 0x00007ffc3312f000 	C:\Program Files\Java\jdk-21\bin\java.dll
0x00007ffc59940000 - 0x00007ffc5a1a7000 	C:\Windows\System32\SHELL32.dll
0x00007ffc55490000 - 0x00007ffc55d8f000 	C:\Windows\SYSTEM32\windows.storage.dll
0x00007ffc55350000 - 0x00007ffc5548f000 	C:\Windows\SYSTEM32\wintypes.dll
0x00007ffc58080000 - 0x00007ffc58179000 	C:\Windows\System32\SHCORE.dll
0x00007ffc59390000 - 0x00007ffc593ee000 	C:\Windows\System32\shlwapi.dll
0x00007ffc57480000 - 0x00007ffc574a7000 	C:\Windows\SYSTEM32\profapi.dll
0x00007ffbf3730000 - 0x00007ffbf3807000 	C:\Program Files\Java\jdk-21\bin\jsvml.dll
0x00007ffc33100000 - 0x00007ffc33110000 	C:\Program Files\Java\jdk-21\bin\net.dll
0x00007ffc50780000 - 0x00007ffc508b6000 	C:\Windows\SYSTEM32\WINHTTP.dll
0x00007ffc56ab0000 - 0x00007ffc56b19000 	C:\Windows\system32\mswsock.dll
0x00007ffc32ee0000 - 0x00007ffc32ef6000 	C:\Program Files\Java\jdk-21\bin\nio.dll
0x00007ffc32ec0000 - 0x00007ffc32ed8000 	C:\Program Files\Java\jdk-21\bin\zip.dll
0x00007ffc02780000 - 0x00007ffc027fb000 	C:\Users\emanu\AppData\Local\Temp\lwjgl_emanu\3.3.3+5\x64\lwjgl.dll
0x00007ffbf2fe0000 - 0x00007ffbf3062000 	C:\Users\emanu\AppData\Local\Temp\lwjgl_emanu\3.3.3+5\x64\glfw.dll
0x00007ffbf36e0000 - 0x00007ffbf3726000 	C:\Windows\SYSTEM32\dinput8.dll
0x00007ffc2f6e0000 - 0x00007ffc2f6f1000 	C:\Windows\SYSTEM32\xinput1_4.dll
0x00007ffc57240000 - 0x00007ffc5728e000 	C:\Windows\SYSTEM32\cfgmgr32.dll
0x00007ffc57210000 - 0x00007ffc5723c000 	C:\Windows\SYSTEM32\DEVOBJ.dll
0x00007ffc51ec0000 - 0x00007ffc51eeb000 	C:\Windows\SYSTEM32\dwmapi.dll
0x00007ffc3e140000 - 0x00007ffc3e353000 	C:\Windows\SYSTEM32\inputhost.dll
0x00007ffc4fae0000 - 0x00007ffc4fc13000 	C:\Windows\SYSTEM32\CoreMessaging.dll
0x00007ffc51c40000 - 0x00007ffc51cf1000 	C:\Windows\system32\uxtheme.dll
0x00007ffc56de0000 - 0x00007ffc56dec000 	C:\Windows\SYSTEM32\CRYPTBASE.DLL
0x00007ffc58610000 - 0x00007ffc5876e000 	C:\Windows\System32\MSCTF.dll
0x00007ffc26e80000 - 0x00007ffc26f80000 	C:\Windows\SYSTEM32\opengl32.dll
0x00007ffc26e10000 - 0x00007ffc26e3d000 	C:\Windows\SYSTEM32\GLU32.dll
0x00007ffc546b0000 - 0x00007ffc546e7000 	C:\Windows\SYSTEM32\dxcore.dll
0x00007ffc4cff0000 - 0x00007ffc4d039000 	C:\Windows\SYSTEM32\directxdatabasehelper.dll
0x00007ffc59890000 - 0x00007ffc59940000 	C:\Windows\System32\clbcatq.dll
0x00007ffbae910000 - 0x00007ffbafb95000 	C:\Windows\System32\DriverStore\FileRepository\iigd_dch.inf_amd64_f63934308f6cc308\igxelpicd64.dll
0x00007ffc591e0000 - 0x00007ffc59385000 	C:\Windows\System32\ole32.dll
0x00007ffc51dc0000 - 0x00007ffc51eb7000 	C:\Windows\system32\dxgi.dll
0x00007ffbe85d0000 - 0x00007ffbe8924000 	C:\Windows\System32\DriverStore\FileRepository\iigd_dch.inf_amd64_f63934308f6cc308\igdml64.dll
0x00007ffc479e0000 - 0x00007ffc47e1e000 	C:\Windows\System32\DriverStore\FileRepository\iigd_dch.inf_amd64_f63934308f6cc308\igdgmm64.dll
0x00007ffc3f680000 - 0x00007ffc436c2000 	C:\Windows\System32\DriverStore\FileRepository\iigd_dch.inf_amd64_f63934308f6cc308\igc64.dll
0x00007ffc3e400000 - 0x00007ffc3e543000 	C:\Windows\SYSTEM32\textinputframework.dll
0x00007ffc4c9e0000 - 0x00007ffc4cd4d000 	C:\Windows\SYSTEM32\CoreUIComponents.dll
0x00007ffbf2f80000 - 0x00007ffbf2fde000 	C:\Users\emanu\AppData\Local\Temp\lwjgl_emanu\3.3.3+5\x64\lwjgl_opengl.dll
0x000000006f6c0000 - 0x000000006f896000 	D:\Programmazione\Java\JetEngine\libs\imgui-java64.dll
0x00007ffc56e00000 - 0x00007ffc56e1b000 	C:\Windows\SYSTEM32\CRYPTSP.dll
0x00007ffc565b0000 - 0x00007ffc565e5000 	C:\Windows\system32\rsaenh.dll
0x00007ffbf2ef0000 - 0x00007ffbf2f72000 	C:\Users\emanu\AppData\Local\Temp\lwjgl_emanu\3.3.3+5\x64\lwjgl_stb.dll
0x00007ffc323f0000 - 0x00007ffc32400000 	C:\Program Files\Java\jdk-21\bin\verify.dll

dbghelp: loaded successfully - version: 4.0.5 - missing functions: none
symbol engine: initialized successfully - sym options: 0x614 - pdb path: .;C:\Program Files\Java\jdk-21\bin;C:\Windows\SYSTEM32;C:\Windows\WinSxS\amd64_microsoft.windows.common-controls_6595b64144ccf1df_6.0.22621.3672_none_2713b9d173822955;C:\Program Files\Java\jdk-21\bin\server;C:\Users\emanu\AppData\Local\Temp\lwjgl_emanu\3.3.3+5\x64;C:\Windows\System32\DriverStore\FileRepository\iigd_dch.inf_amd64_f63934308f6cc308;D:\Programmazione\Java\JetEngine\libs

VM Arguments:
jvm_args: -Djava.library.path=D:\Programmazione\Java\JetEngine/libs -Dfile.encoding=UTF-8 -Duser.country=IT -Duser.language=it -Duser.variant 
java_command: gameengine.Main
java_class_path (initial): D:\Programmazione\Java\JetEngine\build\classes\java\main;D:\Programmazione\Java\JetEngine\build\resources\main;D:\Programmazione\Java\JetEngine\libs\imgui-binding-1.76-0.14.jar;D:\Programmazione\Java\JetEngine\libs\imgui-lwjgl3-1.76-0.14.jar;C:\Users\emanu\.gradle\caches\modules-2\files-2.1\org.controlsfx\controlsfx\11.2.1\e0f2568b8ee6e7a1639741f21b0024277ecbb7a7\controlsfx-11.2.1.jar;C:\Users\emanu\.gradle\caches\modules-2\files-2.1\com.dlsc.formsfx\formsfx-core\11.6.0\dd14a71601781f316a3d5259af549c37b4b3b311\formsfx-core-11.6.0.jar;C:\Users\emanu\.gradle\caches\modules-2\files-2.1\net.synedra\validatorfx\0.5.0\8eaa2e85f8f4370dc2ecd050c5627b064cb3ec74\validatorfx-0.5.0.jar;C:\Users\emanu\.gradle\caches\modules-2\files-2.1\org.kordamp.ikonli\ikonli-javafx\12.3.1\6df78c8f23f4509f88b8e05c32da64b7dc494356\ikonli-javafx-12.3.1.jar;C:\Users\emanu\.gradle\caches\modules-2\files-2.1\org.kordamp.bootstrapfx\bootstrapfx-core\0.4.0\8d019b30266c00770cf29921d1008ad7feed0ed6\bootstrapfx-core-0.4.0.jar;C:\Users\emanu\.gradle\caches\modules-2\files-2.1\com.github.almasb\fxgl\17.3\614d2b2607c97fe7b539dfa75036066a8010f74b\fxgl-17.3.jar;C:\Users\emanu\.gradle\caches\modules-2\files-2.1\org.lwjgl\lwjgl-opengl\3.3.3\2f6b0147078396a58979125a4c947664e98293a\lwjgl-opengl-3.3.3.jar;C:\Users\emanu\.gradle\caches\modules-2\files-2.1\org.lwjgl\lwjgl-opengl\3.3.3\e6c1eec8be8a71951b830a4d69efc01c6531900c\lwjgl-opengl-3.3.3-natives-windows.jar;C:\Users\emanu\.gradle\caches\modules-2\files-2.1\org.lwjgl\lwjgl-opengl\3.3.3\d32d833dcaa2f355a886eaf21f0408b5f03241d\lwjgl-opengl-3.3.3-natives-windows-x86.jar;C:\Users\emanu\.gradle\caches\modules-2\files-2.1\org.lwjgl\lwjgl-opengl\3.3.3\62c70a4b00ca5391882b0f4b787c1588d24f1c86\lwjgl-opengl-3.3.3-natives-linux.jar;C:\Users\emanu\.gradle\caches\modules-2\files-2.1\org.lwjgl\lwjgl-glfw\3.3.3\efa1eb78c5ccd840e9f329717109b5e892d72f8e\lwjgl-glfw-3.3.3.jar;C:\Users\emanu\.gradle\caches\modules-2\files-2.1\org.lwjgl\lwjgl-glfw\3.3.3\e449e28b4891fc423c54c85fbc5bb0b9efece67a\lwjgl-glfw-3.3.3-natives-windows.jar;C:\Users\emanu\.gradle\caches\modules-2\files-2.1\org.lwjgl\lwjgl-glfw\3.3.3\32334f3fd5270a59bad9939a93115acb6de36dcf\lwjgl-glfw-3.3.3-natives-windows-x86.jar;C:\Users\emanu\.gradle\caches\modules-2\files-2.1\org.lwjgl\lwjgl-glfw\3.3.3\a03684c5e4b1b1dbbe0d29dbbdc27b985b6840f2\lwjgl-glfw-3.3.3-natives-linux.jar;C:\Users\emanu\.gradle\caches\modules-2\files-2.1\org.lwjgl\lwjgl-assimp\3.3.3\c2c34011cbda30ed8cf98bc5cbf97b49afe5279a\lwjgl-assimp-3.3.3.jar;C:\Users\emanu\.gradle\caches\modules-2\files-2.1\org.lwjgl\lwjgl-assimp\3.3.3\d90ccdade594716062975cffd1431d387f770ac4\lwjgl-assimp-3.3.3-natives-windows.jar;C:\Users\emanu\.gradle\caches\modules-2\files-2.1\org.lwjgl\lwjgl-nfd\3.3.3\f1b41d3a0a2f5cd2a55a6a59a618c87d0348681c\lwjgl-nfd-3.3.3.jar;C:\Users\emanu\.gradle\caches\modules-2\files-2.1\org.lwjgl\lwjgl-nfd\3.3.3\3a39132eef695dcb7631adc1d02e493527940d10\lwjgl-nfd-3.3.3-natives-windows.jar;C:\Users\emanu\.gradle\caches\modules-2\files-2.1\org.lwjgl\lwjgl-openal\3.3.3\daada81ceb5fc0c291fbfdd4433cb8d9423577f2\lwjgl-openal-3.3.3.jar;C:\Users\emanu\.gradle\caches\modules-2\files-2.1\org.lwjgl\lwjgl-openal\3.3.3\cf83862ae95d98496b26915024c7e666d8ab1c8f\lwjgl-openal-3.3.3-natives-windows.jar;C:\Users\emanu\.gradle\caches\modules-2\files-2.1\org.lwjgl\lwjgl-stb\3.3.3\25dd6161988d7e65f71d5065c99902402ee32746\lwjgl-stb-3.3.3.jar;C:\Users\emanu\.gradle\caches\modules-2\files-2.1\org.lwjgl\lwjgl-stb\3.3.3\1d9facdf6541de114b0f963be33505b7679c78cb\lwjgl-stb-3.3.3-natives-windows.jar;C:\Users\emanu\.gradle\caches\modules-2\files-2.1\org.lwjgl\lwjgl\3.3.3\29589b5f87ed335a6c7e7ee6a5775f81f97ecb84\lwjgl-3.3.3.jar;C:\Users\emanu\.gradle\caches\modules-2\files-2.1\org.lwjgl\lwjgl\3.3.3\a5ed18a2b82fc91b81f40d717cb1f64c9dcb0540\lwjgl-3.3.3-natives-windows.jar;C:\Users\emanu\.gradle\caches\modules-2\files-2.1\org.lwjgl\lwjgl\3.3.3\9e670718e050aeaeea0c2d5b907cffb142f2e58f\lwjgl-3.3.3-natives-windows-x86.jar;C:\Users\emanu\.gradle\caches\modules-2\files-2.1\org.lwjgl\lwjgl\3.3.3\1713758e3660ba66e1e954396fd18126038b33c0\lwjgl-3.3.3-natives-linux.jar;C:\Users\emanu\.gradle\caches\modules-2\files-2.1\org.joml\joml\1.10.7\f8c3f2e7db281bde099342dd36133de4bbba390c\joml-1.10.7.jar;C:\Users\emanu\.gradle\caches\modules-2\files-2.1\org.openjfx\javafx-fxml\17.0.6\5724aedc415683e62eeab3a3875550aa814c84fd\javafx-fxml-17.0.6-win.jar;C:\Users\emanu\.gradle\caches\modules-2\files-2.1\org.openjfx\javafx-web\17.0.6\f4117256e602d41f484f2b9e5a74eeadc0a272eb\javafx-web-17.0.6-win.jar;C:\Users\emanu\.gradle\caches\modules-2\files-2.1\org.openjfx\javafx-controls\17.0.6\c95b460be3bc372060ff32d0c666c1233c3e8400\javafx-controls-17.0.6-win.jar;C:\Users\emanu\.gradle\caches\modules-2\files-2.1\org.openjfx\javafx-media\17.0.6\cc7e03817252ace41ece37ab29f193ba3fd0153e\javafx-media-17.0.6-win.jar;C:\Users\emanu\.gradle\caches\modules-2\files-2.1\org.openjfx\javafx-swing\17.0.6\974e453fb9afac1fb6536a1c6c0edfc203959b8\javafx-swing-17.0.6-win.jar;C:\Users\emanu\.gradle\caches\modules-2\files-2.1\org.kordamp.ikonli\ikonli-core\12.3.1\50c5658c1a5aeeec30320c6be71274d01f5fb869\ikonli-core-12.3.1.jar;C:\Users\emanu\.gradle\caches\modules-2\files-2.1\com.github.almasb\fxgl-io\17.3\876d135482b530bbdec01b55dc71e6474a4e192e\fxgl-io-17.3.jar;C:\Users\emanu\.gradle\caches\modules-2\files-2.1\com.github.almasb\fxgl-entity\17.3\aeb2831289e461a12d2d370c990c7b4ab8e9e4ec\fxgl-entity-17.3.jar;C:\Users\emanu\.gradle\caches\modules-2\files-2.1\com.github.almasb\fxgl-gameplay\17.3\209e1ca860bd3125fb0c9b939ed5105aab757528\fxgl-gameplay-17.3.jar;C:\Users\emanu\.gradle\caches\modules-2\files-2.1\com.github.almasb\fxgl-scene\17.3\ce4c8ac21ef22e162ef6556bd5d73561690b3493\fxgl-scene-17.3.jar;C:\Users\emanu\.gradle\caches\modules-2\files-2.1\com.github.almasb\fxgl-core\17.3\318f2682beaa088756ee0c7c0a49233627364701\fxgl-core-17.3.jar;C:\Users\emanu\.gradle\caches\modules-2\files-2.1\com.fasterxml.jackson.core\jackson-annotations\2.14.2\a7aae9525864930723e3453ab799521fdfd9d873\jackson-annotations-2.14.2.jar;C:\Users\emanu\.gradle\caches\modules-2\files-2.1\com.fasterxml.jackson.core\jackson-core\2.14.2\f804090e6399ce0cf78242db086017512dd71fcc\jackson-core-2.14.2.jar;C:\Users\emanu\.gradle\caches\modules-2\files-2.1\com.fasterxml.jackson.core\jackson-databind\2.14.2\1e71fddbc80bb86f71a6345ac1e8ab8a00e7134\jackson-databind-2.14.2.jar;C:\Users\emanu\.gradle\caches\modules-2\files-2.1\com.gluonhq.attach\lifecycle\4.0.17\efe9f0c28d9b25300ac75bb30b9940991fb3e0b4\lifecycle-4.0.17.jar;C:\Users\emanu\.gradle\caches\modules-2\files-2.1\org.jetbrains.kotlin\kotlin-stdlib-jdk8\1.8.20\73576ddf378c5b4f1f6b449fe6b119b8183fc078\kotlin-stdlib-jdk8-1.8.20.jar;C:\Users\emanu\.gradle\caches\modules-2\files-2.1\org.openjfx\javafx-graphics\17.0.6\14326bf575b927d3c31a775f74bcf754ced35353\javafx-graphics-17.0.6-win.jar;C:\Users\emanu\.gradle\caches\modules-2\files-2.1\com.gluonhq.attach\audio\4.0.17\ed8c59b6a7c18b7e8d30fde3f63e49c0296794d2\audio-4.0.17.jar;C:\Users\emanu\.gradle\caches\modules-2\files-2.1\com.gluonhq.attach\storage\4.0.17\c42466bfdc5f1f9d4d884ca21a3574715ca0b221\storage-4.0.17.jar;C:\Users\emanu\.gradle\caches\modules-2\files-2.1\com.gluonhq.attach\util\4.0.17\f328cfa01ab3496012e31316e36bf3114b0900f2\util-4.0.17.jar;C:\Users\emanu\.gradle\caches\modules-2\files-2.1\org.jetbrains.kotlin\kotlin-stdlib-jdk7\1.8.20\3aa51faf20aae8b31e1a4bc54f8370673d7b7df4\kotlin-stdlib-jdk7-1.8.20.jar;C:\Users\emanu\.gradle\caches\modules-2\files-2.1\org.jetbrains.kotlin\kotlin-stdlib\1.8.20\e72fc5e03ec6c064c678a6bd0d955c88d55b0c4a\kotlin-stdlib-1.8.20.jar;C:\Users\emanu\.gradle\caches\modules-2\files-2.1\org.openjfx\javafx-base\17.0.6\78ccb38688b70acc6b59718daca8bdb91f99db57\javafx-base-17.0.6-win.jar;C:\Users\emanu\.gradle\caches\modules-2\files-2.1\org.jetbrains.kotlin\kotlin-stdlib-common\1.8.20\5eddaaf234c8c49d03eebeb6a14feb7f90faca71\kotlin-stdlib-common-1.8.20.jar;C:\Users\emanu\.gradle\caches\modules-2\files-2.1\org.jetbrains\annotations\13.0\919f0dfe192fb4e063e7dacadee7f8bb9a2672a9\annotations-13.0.jar
Launcher Type: SUN_STANDARD

[Global flags]
     intx CICompilerCount                          = 3                                         {product} {ergonomic}
     uint ConcGCThreads                            = 2                                         {product} {ergonomic}
     uint G1ConcRefinementThreads                  = 6                                         {product} {ergonomic}
   size_t G1HeapRegionSize                         = 8388608                                   {product} {ergonomic}
    uintx GCDrainStackTargetSize                   = 64                                        {product} {ergonomic}
   size_t InitialHeapSize                          = 671088640                                 {product} {ergonomic}
   size_t MarkStackSize                            = 4194304                                   {product} {ergonomic}
   size_t MaxHeapSize                              = 10670309376                               {product} {ergonomic}
   size_t MaxNewSize                               = 6400507904                                {product} {ergonomic}
   size_t MinHeapDeltaBytes                        = 8388608                                   {product} {ergonomic}
   size_t MinHeapSize                              = 8388608                                   {product} {ergonomic}
    uintx NonNMethodCodeHeapSize                   = 5832780                                {pd product} {ergonomic}
    uintx NonProfiledCodeHeapSize                  = 122912730                              {pd product} {ergonomic}
    uintx ProfiledCodeHeapSize                     = 122912730                              {pd product} {ergonomic}
    uintx ReservedCodeCacheSize                    = 251658240                              {pd product} {ergonomic}
     bool SegmentedCodeCache                       = true                                      {product} {ergonomic}
   size_t SoftMaxHeapSize                          = 10670309376                            {manageable} {ergonomic}
     bool UseCompressedOops                        = true                           {product lp64_product} {ergonomic}
     bool UseG1GC                                  = true                                      {product} {ergonomic}
     bool UseLargePagesIndividualAllocation        = false                                  {pd product} {ergonomic}

Logging:
Log output configuration:
 #0: stdout all=warning uptime,level,tags foldmultilines=false
 #1: stderr all=off uptime,level,tags foldmultilines=false

Environment Variables:
JAVA_HOME=C:\Program Files\Java\jdk-17
PATH=C:\Program Files\Common Files\Oracle\Java\javapath;C:\Program Files (x86)\Common Files\Oracle\Java\java8path;C:\Program Files (x86)\Common Files\Oracle\Java\javapath;C:\Program Files\Microsoft\jdk-11.0.16.101-hotspot\bin;C:\Windows\system32;C:\Windows;C:\Windows\System32\Wbem;C:\Windows\System32\WindowsPowerShell\v1.0\;C:\Windows\System32\OpenSSH\;C:\Program Files\NVIDIA Corporation\NVIDIA NvDLISR;C:\Program Files\Microsoft SQL Server\150\Tools\Binn\;C:\Program Files\Microsoft SQL Server\Client SDK\ODBC\170\Tools\Binn\;C:\Program Files\dotnet\;C:\Program Files (x86)\Windows Kits\10\Windows Performance Toolkit\;C:\Program Files\nodejs\;C:\Program Files (x86)\NVIDIA Corporation\PhysX\Common;C:\xampp\php;C:\composer;C:\Program Files\Git\cmd;C:\Program Files\Git LFS;C:\Program Files (x86)\Microsoft SQL Server\160\Tools\Binn\;C:\Program Files\Microsoft SQL Server\160\Tools\Binn\;C:\Program Files\Microsoft SQL Server\160\DTS\Binn\;C:\Program Files (x86)\Microsoft SQL Server\160\DTS\Binn\;C:\Program Files\Erlang OTP\bin;C:\Users\emanu\rebar3;C:\Program Files\MySQL\MySQL Shell 8.0\bin\;C:\Users\emanu\AppData\Local\Microsoft\WindowsApps;C:\Users\emanu\AppData\Local\Programs\Microsoft VS Code\bin;C:\Users\emanu\.dotnet\tools;C:\Users\emanu\AppData\Roaming\npm;C:\Program Files\JetBrains\PyCharm Community Edition 2023.2.1\bin;;C:\Users\emanu\AppData\Roaming\Composer\vendor\bin;C:\Users\emanu\AppData\Roaming\npm\node_modules\solc;C:\Users\emanu\AppData\Local\GitHubDesktop\bin;C:\Users\emanu\AppData\Local\Android\Sdk\platform-tools;C:\Users\emanu\AppData\Local\Android\Sdk\tools;C:\Users\emanu\AppData\Local\Android\Sdk\platform-tools;C:\Users\emanu\AppData\Local\Android\Sdk\tools;C:\Users\emanu\AppData\Local\Android\Sdk\platform-tools;C:\Users\emanu\AppData\Local\Android\Sdk\tools;C:\Program Files\JetBrains\IntelliJ IDEA Community Edition 2024.2.0.2\bin;;;C:\Program Files\JetBrains\JetBrains Rider 2022.2\bin;
USERNAME=emanu
OS=Windows_NT
PROCESSOR_IDENTIFIER=Intel64 Family 6 Model 141 Stepping 1, GenuineIntel
TMP=C:\Users\emanu\AppData\Local\Temp
TEMP=C:\Users\emanu\AppData\Local\Temp




Periodic native trim disabled

---------------  S Y S T E M  ---------------

OS:
 Windows 11 , 64 bit Build 22621 (10.0.22621.3958)
OS uptime: 0 days 2:18 hours
Hyper-V role detected

CPU: total 6 (initial active 6) (6 cores per cpu, 2 threads per core) family 6 model 141 stepping 1 microcode 0x34, cx8, cmov, fxsr, ht, mmx, 3dnowpref, sse, sse2, sse3, ssse3, sse4.1, sse4.2, popcnt, lzcnt, tsc, tscinvbit, avx, avx2, aes, erms, clmul, bmi1, bmi2, adx, avx512f, avx512dq, avx512cd, avx512bw, avx512vl, sha, fma, vzeroupper, avx512_vpopcntdq, avx512_vpclmulqdq, avx512_vaes, avx512_vnni, clflush, clflushopt, clwb, avx512_vbmi2, avx512_vbmi, hv, rdtscp, rdpid, fsrm, gfni, avx512_bitalg, f16c, cet_ibt, cet_ss, avx512_ifma
Processor Information for all 6 processors :
  Max Mhz: 2688, Current Mhz: 2688, Mhz Limit: 2688

Memory: 4k page, system-wide physical 40698M (21816M free)
TotalPageFile size 43258M (AvailPageFile size 21707M)
current process WorkingSet (physical memory assigned to process): 176M, peak: 176M
current process commit charge ("private bytes"): 771M, peak: 772M

vm_info: Java HotSpot(TM) 64-Bit Server VM (21.0.3+7-LTS-152) for windows-amd64 JRE (21.0.3+7-LTS-152), built on 2024-03-11T17:42:26Z by "mach5one" with MS VC++ 17.6 (VS2022)

END.
